[0.018s] Invoking command in '/root/ros2_ws/ros2bag/point_cloud_transport/build/point_cloud_transport': CMAKE_PREFIX_PATH=/opt/ros/humble /usr/bin/cmake /root/ros2_ws/ros2bag/point_cloud_transport/point_cloud_transport -DCMAKE_INSTALL_PREFIX=/root/ros2_ws/ros2bag/point_cloud_transport/install/point_cloud_transport
[0.087s] -- The C compiler identification is GNU 11.4.0
[0.190s] -- The CXX compiler identification is GNU 11.4.0
[0.209s] -- Detecting C compiler ABI info
[0.296s] -- Detecting C compiler ABI info - done
[0.332s] -- Check for working C compiler: /usr/bin/cc - skipped
[0.332s] -- Detecting C compile features
[0.333s] -- Detecting C compile features - done
[0.338s] -- Detecting CXX compiler ABI info
[0.447s] -- Detecting CXX compiler ABI info - done
[0.469s] -- Check for working CXX compiler: /usr/bin/c++ - skipped
[0.470s] -- Detecting CXX compile features
[0.471s] -- Detecting CXX compile features - done
[0.480s] -- Found ament_cmake_ros: 0.10.0 (/opt/ros/humble/share/ament_cmake_ros/cmake)
[0.683s] -- Found Python3: /usr/bin/python3 (found version "3.10.12") found components: Interpreter
[0.831s] -- Found message_filters: 4.3.5 (/opt/ros/humble/share/message_filters/cmake)
[0.899s] -- Found rosidl_generator_c: 3.1.5 (/opt/ros/humble/share/rosidl_generator_c/cmake)
[0.907s] -- Found rosidl_adapter: 3.1.5 (/opt/ros/humble/share/rosidl_adapter/cmake)
[0.919s] -- Found rosidl_generator_cpp: 3.1.5 (/opt/ros/humble/share/rosidl_generator_cpp/cmake)
[0.938s] -- Using all available rosidl_typesupport_c: rosidl_typesupport_fastrtps_c;rosidl_typesupport_introspection_c
[0.963s] -- Using all available rosidl_typesupport_cpp: rosidl_typesupport_fastrtps_cpp;rosidl_typesupport_introspection_cpp
[1.030s] -- Found rmw_implementation_cmake: 6.1.2 (/opt/ros/humble/share/rmw_implementation_cmake/cmake)
[1.034s] -- Found rmw_fastrtps_cpp: 6.2.7 (/opt/ros/humble/share/rmw_fastrtps_cpp/cmake)
[1.181s] -- Found OpenSSL: /usr/lib/x86_64-linux-gnu/libcrypto.so (found version "3.0.2")
[1.226s] -- Found FastRTPS: /opt/ros/humble/include
[1.294s] -- Using RMW implementation 'rmw_fastrtps_cpp' as default
[1.308s] -- Performing Test CMAKE_HAVE_LIBC_PTHREAD
[1.428s] -- Performing Test CMAKE_HAVE_LIBC_PTHREAD - Success
[1.431s] -- Found Threads: TRUE
[1.537s] -- Found pluginlib: 5.1.0 (/opt/ros/humble/share/pluginlib/cmake)
[1.583s] -- Found rclcpp_components: 16.0.10 (/opt/ros/humble/share/rclcpp_components/cmake)
[1.612s] -- Found sensor_msgs: 4.2.4 (/opt/ros/humble/share/sensor_msgs/cmake)
[1.665s] -- Found ament_lint_auto: 0.12.11 (/opt/ros/humble/share/ament_lint_auto/cmake)
[1.778s] -- Found gtest sources under '/opt/ros/humble/src/gtest_vendor': C++ tests using 'Google Test' will be built
[1.808s] -- Added test 'copyright' to check source files copyright and LICENSE
[1.869s] -- Added test 'cppcheck' to perform static code analysis on C / C++ code
[1.870s] -- Configured cppcheck include dirs: $<BUILD_INTERFACE:/root/ros2_ws/ros2bag/point_cloud_transport/point_cloud_transport/include>
[1.870s] -- Configured cppcheck exclude dirs and/or files: 
[1.930s] -- Added test 'cpplint' to check C / C++ code against the Google style
[1.930s] -- Configured cpplint exclude dirs and/or files: 
[1.939s] -- Added test 'flake8' to check Python code syntax and style conventions
[1.955s] -- Added test 'lint_cmake' to check CMake code style
[1.963s] -- Added test 'pep257' to check Python code against some of the docstring style conventions in PEP 257
[2.024s] -- Added test 'uncrustify' to check C / C++ code style
[2.024s] -- Configured uncrustify additional arguments: 
[2.032s] -- Added test 'xmllint' to check XML markup files
[2.036s] -- Configuring done (2.0s)
[2.130s] -- Generating done (0.1s)
[2.130s] -- Build files have been written to: /root/ros2_ws/ros2bag/point_cloud_transport/build/point_cloud_transport
[2.147s] Invoked command in '/root/ros2_ws/ros2bag/point_cloud_transport/build/point_cloud_transport' returned '0': CMAKE_PREFIX_PATH=/opt/ros/humble /usr/bin/cmake /root/ros2_ws/ros2bag/point_cloud_transport/point_cloud_transport -DCMAKE_INSTALL_PREFIX=/root/ros2_ws/ros2bag/point_cloud_transport/install/point_cloud_transport
[2.151s] Invoking command in '/root/ros2_ws/ros2bag/point_cloud_transport/build/point_cloud_transport': CMAKE_PREFIX_PATH=/opt/ros/humble /usr/bin/cmake --build /root/ros2_ws/ros2bag/point_cloud_transport/build/point_cloud_transport -- -j8 -l8
[2.214s] [  7%] [32mBuilding CXX object CMakeFiles/republish.dir/rclcpp_components/node_main_republish.cpp.o[0m
[2.214s] [  7%] [32mBuilding CXX object gtest/CMakeFiles/gtest_main.dir/src/gtest_main.cc.o[0m
[2.215s] [  7%] [32mBuilding CXX object gtest/CMakeFiles/gtest.dir/src/gtest-all.cc.o[0m
[2.217s] [ 12%] [32mBuilding CXX object CMakeFiles/point_cloud_transport.dir/src/point_cloud_codec.cpp.o[0m
[2.217s] [ 12%] [32mBuilding CXX object CMakeFiles/point_cloud_transport.dir/src/point_cloud_transport.cpp.o[0m
[2.217s] [ 15%] [32mBuilding CXX object CMakeFiles/point_cloud_transport.dir/src/point_cloud_common.cpp.o[0m
[2.217s] [ 17%] [32mBuilding CXX object CMakeFiles/point_cloud_transport.dir/src/publisher.cpp.o[0m
[2.220s] [ 20%] [32mBuilding CXX object CMakeFiles/point_cloud_transport.dir/src/publisher_plugin.cpp.o[0m
[2.750s] [ 23%] [32mBuilding CXX object CMakeFiles/point_cloud_transport.dir/src/raw_subscriber.cpp.o[0m
[4.382s] [ 25%] [32m[1mLinking CXX static library libgtest_main.a[0m
[4.505s] [ 25%] Built target gtest_main
[4.517s] [ 28%] [32mBuilding CXX object CMakeFiles/point_cloud_transport.dir/src/single_subscriber_publisher.cpp.o[0m
[5.974s] [ 30%] [32mBuilding CXX object CMakeFiles/point_cloud_transport.dir/src/subscriber.cpp.o[0m
[8.918s] [ 33%] [32m[1mLinking CXX executable republish[0m
[9.075s] [ 35%] [32m[1mLinking CXX static library libgtest.a[0m
[9.145s] [ 35%] Built target republish
[9.199s] [ 35%] Built target gtest
[13.865s] [ 38%] [32m[1mLinking CXX shared library libpoint_cloud_transport.so[0m
[14.739s] [ 38%] Built target point_cloud_transport
[14.761s] [ 41%] [32mBuilding CXX object CMakeFiles/point_cloud_transport-point_cloud_common.dir/test/test_point_cloud_common.cpp.o[0m
[14.761s] [ 48%] [32mBuilding CXX object CMakeFiles/point_cloud_transport_plugins.dir/src/manifest.cpp.o[0m
[14.761s] [ 48%] [32mBuilding CXX object CMakeFiles/point_cloud_transport-message_passing.dir/test/test_message_passing.cpp.o[0m
[14.761s] [ 48%] [32mBuilding CXX object CMakeFiles/pc_republish_node.dir/src/republish.cpp.o[0m
[14.762s] [ 53%] [32mBuilding CXX object CMakeFiles/point_cloud_transport-publisher.dir/test/test_publisher.cpp.o[0m
[14.763s] [ 53%] [32mBuilding CXX object CMakeFiles/list_transports.dir/src/list_transports.cpp.o[0m
[14.769s] [ 58%] [32mBuilding CXX object CMakeFiles/point_cloud_transport-subscriber.dir/test/test_subscriber.cpp.o[0m
[14.769s] [ 58%] [32mBuilding CXX object CMakeFiles/point_cloud_transport-codec.dir/test/test_point_cloud_codec.cpp.o[0m
[17.325s] [ 61%] [32m[1mLinking CXX executable point_cloud_transport-point_cloud_common[0m
[18.349s] [ 61%] Built target point_cloud_transport-point_cloud_common
[18.378s] [ 64%] [32mBuilding CXX object CMakeFiles/point_cloud_transport-qos_override.dir/test/test_qos_override.cpp.o[0m
[23.663s] [ 66%] [32m[1mLinking CXX executable point_cloud_transport-subscriber[0m
[23.712s] [ 69%] [32m[1mLinking CXX executable point_cloud_transport-publisher[0m
[24.335s] [ 71%] [32m[1mLinking CXX executable point_cloud_transport-message_passing[0m
[24.578s] [ 74%] [32m[1mLinking CXX shared library libpc_republish_node.so[0m
[24.756s] [ 74%] Built target point_cloud_transport-subscriber
[24.779s] [ 76%] [32mBuilding CXX object CMakeFiles/point_cloud_transport-remapping.dir/test/test_remapping.cpp.o[0m
[24.812s] [ 76%] Built target point_cloud_transport-publisher
[24.839s] [ 79%] [32mBuilding CXX object CMakeFiles/point_cloud_transport-message-filter.dir/test/test_message_filter.cpp.o[0m
[25.362s] [ 82%] [32m[1mLinking CXX executable list_transports[0m
[25.389s] [ 82%] Built target pc_republish_node
[25.414s] [ 84%] [32mBuilding CXX object CMakeFiles/point_cloud_transport-single_subscriber_publisher.dir/test/test_single_subscriber_publisher.cpp.o[0m
[25.460s] [ 84%] Built target point_cloud_transport-message_passing
[25.599s] [ 87%] [32m[1mLinking CXX executable point_cloud_transport-codec[0m
[26.293s] [ 87%] Built target list_transports
[26.401s] [ 87%] Built target point_cloud_transport-codec
[27.411s] [ 89%] [32m[1mLinking CXX executable point_cloud_transport-qos_override[0m
[28.139s] [ 89%] Built target point_cloud_transport-qos_override
[30.632s] [ 92%] [32m[1mLinking CXX executable point_cloud_transport-message-filter[0m
[30.960s] [ 92%] Built target point_cloud_transport-message-filter
[31.452s] [ 94%] [32m[1mLinking CXX executable point_cloud_transport-remapping[0m
[31.569s] [ 97%] [32m[1mLinking CXX shared library libpoint_cloud_transport_plugins.so[0m
[31.740s] [100%] [32m[1mLinking CXX executable point_cloud_transport-single_subscriber_publisher[0m
[32.154s] [100%] Built target point_cloud_transport-remapping
[32.379s] [100%] Built target point_cloud_transport-single_subscriber_publisher
[32.430s] [100%] Built target point_cloud_transport_plugins
[32.441s] Invoked command in '/root/ros2_ws/ros2bag/point_cloud_transport/build/point_cloud_transport' returned '0': CMAKE_PREFIX_PATH=/opt/ros/humble /usr/bin/cmake --build /root/ros2_ws/ros2bag/point_cloud_transport/build/point_cloud_transport -- -j8 -l8
[32.578s] Invoking command in '/root/ros2_ws/ros2bag/point_cloud_transport/build/point_cloud_transport': CMAKE_PREFIX_PATH=/opt/ros/humble /usr/bin/cmake --install /root/ros2_ws/ros2bag/point_cloud_transport/build/point_cloud_transport
[32.589s] -- Install configuration: ""
[32.589s] -- Installing: /root/ros2_ws/ros2bag/point_cloud_transport/install/point_cloud_transport/lib/point_cloud_transport/republish
[32.592s] -- Set non-toolchain portion of runtime path of "/root/ros2_ws/ros2bag/point_cloud_transport/install/point_cloud_transport/lib/point_cloud_transport/republish" to ""
[32.592s] -- Installing: /root/ros2_ws/ros2bag/point_cloud_transport/install/point_cloud_transport/share/point_cloud_transport/default_plugins.xml
[32.593s] -- Installing: /root/ros2_ws/ros2bag/point_cloud_transport/install/point_cloud_transport/lib/libpoint_cloud_transport.so
[32.604s] -- Set non-toolchain portion of runtime path of "/root/ros2_ws/ros2bag/point_cloud_transport/install/point_cloud_transport/lib/libpoint_cloud_transport.so" to ""
[32.605s] -- Installing: /root/ros2_ws/ros2bag/point_cloud_transport/install/point_cloud_transport/lib/libpoint_cloud_transport_plugins.so
[32.613s] -- Set non-toolchain portion of runtime path of "/root/ros2_ws/ros2bag/point_cloud_transport/install/point_cloud_transport/lib/libpoint_cloud_transport_plugins.so" to ""
[32.614s] -- Installing: /root/ros2_ws/ros2bag/point_cloud_transport/install/point_cloud_transport/lib/libpc_republish_node.so
[32.615s] -- Set non-toolchain portion of runtime path of "/root/ros2_ws/ros2bag/point_cloud_transport/install/point_cloud_transport/lib/libpc_republish_node.so" to ""
[32.615s] -- Up-to-date: /root/ros2_ws/ros2bag/point_cloud_transport/install/point_cloud_transport/lib/libpoint_cloud_transport.so
[32.615s] -- Installing: /root/ros2_ws/ros2bag/point_cloud_transport/install/point_cloud_transport/lib/point_cloud_transport/list_transports
[32.618s] -- Set non-toolchain portion of runtime path of "/root/ros2_ws/ros2bag/point_cloud_transport/install/point_cloud_transport/lib/point_cloud_transport/list_transports" to ""
[32.618s] -- Installing: /root/ros2_ws/ros2bag/point_cloud_transport/install/point_cloud_transport/include/point_cloud_transport
[32.618s] -- Installing: /root/ros2_ws/ros2bag/point_cloud_transport/install/point_cloud_transport/include/point_cloud_transport/point_cloud_transport
[32.619s] -- Installing: /root/ros2_ws/ros2bag/point_cloud_transport/install/point_cloud_transport/include/point_cloud_transport/point_cloud_transport/point_cloud_common.hpp
[32.619s] -- Installing: /root/ros2_ws/ros2bag/point_cloud_transport/install/point_cloud_transport/include/point_cloud_transport/point_cloud_transport/transport_hints.hpp
[32.619s] -- Installing: /root/ros2_ws/ros2bag/point_cloud_transport/install/point_cloud_transport/include/point_cloud_transport/point_cloud_transport/raw_publisher.hpp
[32.619s] -- Installing: /root/ros2_ws/ros2bag/point_cloud_transport/install/point_cloud_transport/include/point_cloud_transport/point_cloud_transport/visibility_control.hpp
[32.619s] -- Installing: /root/ros2_ws/ros2bag/point_cloud_transport/install/point_cloud_transport/include/point_cloud_transport/point_cloud_transport/point_cloud_codec.hpp
[32.619s] -- Installing: /root/ros2_ws/ros2bag/point_cloud_transport/install/point_cloud_transport/include/point_cloud_transport/point_cloud_transport/exception.hpp
[32.619s] -- Installing: /root/ros2_ws/ros2bag/point_cloud_transport/install/point_cloud_transport/include/point_cloud_transport/point_cloud_transport/single_subscriber_publisher.hpp
[32.620s] -- Installing: /root/ros2_ws/ros2bag/point_cloud_transport/install/point_cloud_transport/include/point_cloud_transport/point_cloud_transport/loader_fwds.hpp
[32.620s] -- Installing: /root/ros2_ws/ros2bag/point_cloud_transport/install/point_cloud_transport/include/point_cloud_transport/point_cloud_transport/publisher.hpp
[32.620s] -- Installing: /root/ros2_ws/ros2bag/point_cloud_transport/install/point_cloud_transport/include/point_cloud_transport/point_cloud_transport/raw_subscriber.hpp
[32.620s] -- Installing: /root/ros2_ws/ros2bag/point_cloud_transport/install/point_cloud_transport/include/point_cloud_transport/point_cloud_transport/simple_subscriber_plugin.hpp
[32.620s] -- Installing: /root/ros2_ws/ros2bag/point_cloud_transport/install/point_cloud_transport/include/point_cloud_transport/point_cloud_transport/point_cloud_transport.hpp
[32.621s] -- Installing: /root/ros2_ws/ros2bag/point_cloud_transport/install/point_cloud_transport/include/point_cloud_transport/point_cloud_transport/republish.hpp
[32.621s] -- Installing: /root/ros2_ws/ros2bag/point_cloud_transport/install/point_cloud_transport/include/point_cloud_transport/point_cloud_transport/publisher_plugin.hpp
[32.621s] -- Installing: /root/ros2_ws/ros2bag/point_cloud_transport/install/point_cloud_transport/include/point_cloud_transport/point_cloud_transport/subscriber_filter.hpp
[32.621s] -- Installing: /root/ros2_ws/ros2bag/point_cloud_transport/install/point_cloud_transport/include/point_cloud_transport/point_cloud_transport/subscriber_plugin.hpp
[32.621s] -- Installing: /root/ros2_ws/ros2bag/point_cloud_transport/install/point_cloud_transport/include/point_cloud_transport/point_cloud_transport/subscriber.hpp
[32.622s] -- Installing: /root/ros2_ws/ros2bag/point_cloud_transport/install/point_cloud_transport/include/point_cloud_transport/point_cloud_transport/simple_publisher_plugin.hpp
[32.622s] -- Installing: /root/ros2_ws/ros2bag/point_cloud_transport/install/point_cloud_transport/share/ament_index/resource_index/package_run_dependencies/point_cloud_transport
[32.622s] -- Installing: /root/ros2_ws/ros2bag/point_cloud_transport/install/point_cloud_transport/share/ament_index/resource_index/parent_prefix_path/point_cloud_transport
[32.623s] -- Installing: /root/ros2_ws/ros2bag/point_cloud_transport/install/point_cloud_transport/share/point_cloud_transport/environment/ament_prefix_path.sh
[32.623s] -- Installing: /root/ros2_ws/ros2bag/point_cloud_transport/install/point_cloud_transport/share/point_cloud_transport/environment/ament_prefix_path.dsv
[32.623s] -- Installing: /root/ros2_ws/ros2bag/point_cloud_transport/install/point_cloud_transport/share/point_cloud_transport/environment/path.sh
[32.623s] -- Installing: /root/ros2_ws/ros2bag/point_cloud_transport/install/point_cloud_transport/share/point_cloud_transport/environment/path.dsv
[32.624s] -- Installing: /root/ros2_ws/ros2bag/point_cloud_transport/install/point_cloud_transport/share/point_cloud_transport/local_setup.bash
[32.624s] -- Installing: /root/ros2_ws/ros2bag/point_cloud_transport/install/point_cloud_transport/share/point_cloud_transport/local_setup.sh
[32.624s] -- Installing: /root/ros2_ws/ros2bag/point_cloud_transport/install/point_cloud_transport/share/point_cloud_transport/local_setup.zsh
[32.624s] -- Installing: /root/ros2_ws/ros2bag/point_cloud_transport/install/point_cloud_transport/share/point_cloud_transport/local_setup.dsv
[32.625s] -- Installing: /root/ros2_ws/ros2bag/point_cloud_transport/install/point_cloud_transport/share/point_cloud_transport/package.dsv
[32.625s] -- Installing: /root/ros2_ws/ros2bag/point_cloud_transport/install/point_cloud_transport/share/ament_index/resource_index/packages/point_cloud_transport
[32.625s] -- Installing: /root/ros2_ws/ros2bag/point_cloud_transport/install/point_cloud_transport/share/ament_index/resource_index/point_cloud_transport__pluginlib__plugin/point_cloud_transport
[32.626s] -- Installing: /root/ros2_ws/ros2bag/point_cloud_transport/install/point_cloud_transport/share/ament_index/resource_index/rclcpp_components/point_cloud_transport
[32.626s] -- Installing: /root/ros2_ws/ros2bag/point_cloud_transport/install/point_cloud_transport/share/point_cloud_transport/cmake/export_point_cloud_transportExport.cmake
[32.626s] -- Installing: /root/ros2_ws/ros2bag/point_cloud_transport/install/point_cloud_transport/share/point_cloud_transport/cmake/export_point_cloud_transportExport-noconfig.cmake
[32.626s] -- Installing: /root/ros2_ws/ros2bag/point_cloud_transport/install/point_cloud_transport/share/point_cloud_transport/cmake/ament_cmake_export_include_directories-extras.cmake
[32.627s] -- Installing: /root/ros2_ws/ros2bag/point_cloud_transport/install/point_cloud_transport/share/point_cloud_transport/cmake/ament_cmake_export_targets-extras.cmake
[32.627s] -- Installing: /root/ros2_ws/ros2bag/point_cloud_transport/install/point_cloud_transport/share/point_cloud_transport/cmake/ament_cmake_export_dependencies-extras.cmake
[32.627s] -- Installing: /root/ros2_ws/ros2bag/point_cloud_transport/install/point_cloud_transport/share/point_cloud_transport/cmake/point_cloud_transportConfig.cmake
[32.627s] -- Installing: /root/ros2_ws/ros2bag/point_cloud_transport/install/point_cloud_transport/share/point_cloud_transport/cmake/point_cloud_transportConfig-version.cmake
[32.627s] -- Installing: /root/ros2_ws/ros2bag/point_cloud_transport/install/point_cloud_transport/share/point_cloud_transport/package.xml
[32.630s] Invoked command in '/root/ros2_ws/ros2bag/point_cloud_transport/build/point_cloud_transport' returned '0': CMAKE_PREFIX_PATH=/opt/ros/humble /usr/bin/cmake --install /root/ros2_ws/ros2bag/point_cloud_transport/build/point_cloud_transport
