[0.022s] Invoking command in '/root/ros2_ws/zed_catture/pointcloud_decoder/build/pointcloud_decoder': CMAKE_PREFIX_PATH=${CMAKE_PREFIX_PATH}:/opt/ros/humble /usr/bin/cmake /root/ros2_ws/zed_catture/pointcloud_decoder -DCMAKE_INSTALL_PREFIX=/root/ros2_ws/zed_catture/pointcloud_decoder/install/pointcloud_decoder
[0.039s] -- Found ament_cmake: 1.3.10 (/opt/ros/humble/share/ament_cmake/cmake)
[0.193s] -- Found rclcpp: 16.0.10 (/opt/ros/humble/share/rclcpp/cmake)
[0.229s] -- Found rosidl_generator_c: 3.1.5 (/opt/ros/humble/share/rosidl_generator_c/cmake)
[0.233s] -- Found rosidl_adapter: 3.1.5 (/opt/ros/humble/share/rosidl_adapter/cmake)
[0.240s] -- Found rosidl_generator_cpp: 3.1.5 (/opt/ros/humble/share/rosidl_generator_cpp/cmake)
[0.252s] -- Using all available rosidl_typesupport_c: rosidl_typesupport_fastrtps_c;rosidl_typesupport_introspection_c
[0.267s] -- Using all available rosidl_typesupport_cpp: rosidl_typesupport_fastrtps_cpp;rosidl_typesupport_introspection_cpp
[0.304s] -- Found rmw_implementation_cmake: 6.1.2 (/opt/ros/humble/share/rmw_implementation_cmake/cmake)
[0.306s] -- Found rmw_cyclonedds_cpp: 1.3.4 (/opt/ros/humble/share/rmw_cyclonedds_cpp/cmake)
[0.327s] -- Using RMW implementation 'rmw_cyclonedds_cpp' as default
[0.386s] -- Found sensor_msgs: 4.2.4 (/opt/ros/humble/share/sensor_msgs/cmake)
[0.419s] -- Found point_cloud_interfaces: 1.0.11 (/opt/ros/humble/share/point_cloud_interfaces/cmake)
[0.443s] -- Found point_cloud_transport: 1.0.18 (/opt/ros/humble/share/point_cloud_transport/cmake)
[0.500s] -- Found benchdraco_point_cloud_interfaces: 0.0.0 (/root/ros2_ws/zed_catture/benchdraco_point_cloud_interfaces/install/benchdraco_point_cloud_interfaces/share/benchdraco_point_cloud_interfaces/cmake)
[0.519s] -- Found benchdraco_point_cloud_transport: 5.0.1 (/root/ros2_ws/zed_catture/benchdraco_point_cloud_transport/install/benchdraco_point_cloud_transport/share/benchdraco_point_cloud_transport/cmake)
[0.541s] [31mCMake Error at /root/ros2_ws/zed_catture/benchdraco_point_cloud_transport/install/benchdraco_point_cloud_transport/share/benchdraco_point_cloud_transport/cmake/ament_cmake_export_dependencies-extras.cmake:21 (find_package):
[0.541s]   By not providing "Findpluginlib::pluginlib.cmake" in CMAKE_MODULE_PATH this
[0.541s]   project has asked CMake to find a package configuration file provided by
[0.541s]   "pluginlib::pluginlib", but CMake did not find one.
[0.541s] 
[0.542s]   Could not find a package configuration file provided by
[0.542s]   "pluginlib::pluginlib" with any of the following names:
[0.542s] 
[0.542s]     pluginlib::pluginlibConfig.cmake
[0.542s]     pluginlib::pluginlib-config.cmake
[0.542s] 
[0.543s]   Add the installation prefix of "pluginlib::pluginlib" to CMAKE_PREFIX_PATH
[0.543s]   or set "pluginlib::pluginlib_DIR" to a directory containing one of the
[0.543s]   above files.  If "pluginlib::pluginlib" provides a separate development
[0.543s]   package or SDK, be sure it has been installed.
[0.543s] Call Stack (most recent call first):
[0.543s]   /root/ros2_ws/zed_catture/benchdraco_point_cloud_transport/install/benchdraco_point_cloud_transport/share/benchdraco_point_cloud_transport/cmake/benchdraco_point_cloud_transportConfig.cmake:41 (include)
[0.544s]   CMakeLists.txt:15 (find_package)
[0.544s] 
[0.544s] [0m
[0.544s] -- Configuring incomplete, errors occurred!
[0.544s] See also "/root/ros2_ws/zed_catture/pointcloud_decoder/build/pointcloud_decoder/CMakeFiles/CMakeOutput.log".
[0.550s] Invoked command in '/root/ros2_ws/zed_catture/pointcloud_decoder/build/pointcloud_decoder' returned '1': CMAKE_PREFIX_PATH=${CMAKE_PREFIX_PATH}:/opt/ros/humble /usr/bin/cmake /root/ros2_ws/zed_catture/pointcloud_decoder -DCMAKE_INSTALL_PREFIX=/root/ros2_ws/zed_catture/pointcloud_decoder/install/pointcloud_decoder
