-- Performing Test HAVE_CXX_FLAG
-- Performing Test HAVE_CXX_FLAG - Success
-- Configuring done
-- Generating done
-- Build files have been written to: /root/home/point_cloud_transport_ws/build/draco
[35m[1mConsolidate compiler generated dependencies of target draco_dec_config[0m
[35m[1mConsolidate compiler generated dependencies of target draco_compression_attributes_pred_schemes_dec[0m
[35m[1mConsolidate compiler generated dependencies of target draco_compression_attributes_pred_schemes_enc[0m
[35m[1mConsolidate compiler generated dependencies of target draco_attributes[0m
[35m[1mConsolidate compiler generated dependencies of target draco_enc_config[0m
[35m[1mConsolidate compiler generated dependencies of target draco_compression_bit_coders[0m
[35m[1mConsolidate compiler generated dependencies of target draco_compression_attributes_enc[0m
[35m[1mConsolidate compiler generated dependencies of target draco_compression_attributes_dec[0m
[  1%] [32mBuilding CXX object CMakeFiles/draco_enc_config.dir/draco_enc_config.cc.o[0m
[  2%] [32mBuilding CXX object CMakeFiles/draco_dec_config.dir/draco_dec_config.cc.o[0m
[  3%] [32mBuilding CXX object CMakeFiles/draco_compression_attributes_pred_schemes_dec.dir/draco_compression_attributes_pred_schemes_dec.cc.o[0m
[  4%] [32mBuilding CXX object CMakeFiles/draco_compression_attributes_pred_schemes_enc.dir/src/draco/compression/attributes/prediction_schemes/prediction_scheme_encoder_factory.cc.o[0m
[  5%] [32mBuilding CXX object CMakeFiles/draco_attributes.dir/src/draco/attributes/attribute_octahedron_transform.cc.o[0m
[  6%] [32mBuilding CXX object CMakeFiles/draco_compression_bit_coders.dir/src/draco/compression/bit_coders/adaptive_rans_bit_decoder.cc.o[0m
[  7%] [32mBuilding CXX object CMakeFiles/draco_compression_attributes_dec.dir/src/draco/compression/attributes/attributes_decoder.cc.o[0m
[  8%] [32mBuilding CXX object CMakeFiles/draco_compression_attributes_enc.dir/src/draco/compression/attributes/attributes_encoder.cc.o[0m
[  8%] Built target draco_enc_config
[  8%] Built target draco_dec_config
[  8%] Built target draco_compression_attributes_pred_schemes_dec
[  9%] [32mBuilding CXX object CMakeFiles/draco_compression_attributes_enc.dir/src/draco/compression/attributes/kd_tree_attributes_encoder.cc.o[0m
[35m[1mConsolidate compiler generated dependencies of target draco_compression_decode[0m
[35m[1mConsolidate compiler generated dependencies of target draco_compression_encode[0m
[  9%] [32mBuilding CXX object CMakeFiles/draco_compression_decode.dir/src/draco/compression/decode.cc.o[0m
[ 10%] [32mBuilding CXX object CMakeFiles/draco_compression_encode.dir/src/draco/compression/encode.cc.o[0m
[ 11%] [32mBuilding CXX object CMakeFiles/draco_compression_bit_coders.dir/src/draco/compression/bit_coders/adaptive_rans_bit_encoder.cc.o[0m
[ 12%] [32mBuilding CXX object CMakeFiles/draco_attributes.dir/src/draco/attributes/attribute_quantization_transform.cc.o[0m
[ 12%] Built target draco_compression_attributes_pred_schemes_enc
[ 13%] [32mBuilding CXX object CMakeFiles/draco_compression_attributes_dec.dir/src/draco/compression/attributes/kd_tree_attributes_decoder.cc.o[0m
[35m[1mConsolidate compiler generated dependencies of target draco_compression_entropy[0m
[ 14%] [32mBuilding CXX object CMakeFiles/draco_compression_entropy.dir/src/draco/compression/entropy/shannon_entropy.cc.o[0m
[ 15%] [32mBuilding CXX object CMakeFiles/draco_compression_encode.dir/src/draco/compression/expert_encode.cc.o[0m
[ 16%] [32mBuilding CXX object CMakeFiles/draco_compression_bit_coders.dir/src/draco/compression/bit_coders/direct_bit_decoder.cc.o[0m
[ 17%] [32mBuilding CXX object CMakeFiles/draco_compression_entropy.dir/src/draco/compression/entropy/symbol_decoding.cc.o[0m
[ 18%] [32mBuilding CXX object CMakeFiles/draco_attributes.dir/src/draco/attributes/attribute_transform.cc.o[0m
[ 19%] [32mBuilding CXX object CMakeFiles/draco_compression_bit_coders.dir/src/draco/compression/bit_coders/direct_bit_encoder.cc.o[0m
[ 19%] Built target draco_compression_decode
[35m[1mConsolidate compiler generated dependencies of target draco_compression_mesh_traverser[0m
[ 20%] [32mBuilding CXX object CMakeFiles/draco_compression_mesh_traverser.dir/draco_compression_mesh_traverser.cc.o[0m
[ 20%] Built target draco_compression_mesh_traverser
[35m[1mConsolidate compiler generated dependencies of target draco_compression_mesh_dec[0m
[ 21%] [32mBuilding CXX object CMakeFiles/draco_compression_mesh_dec.dir/src/draco/compression/mesh/mesh_decoder.cc.o[0m
[ 22%] [32mBuilding CXX object CMakeFiles/draco_compression_mesh_dec.dir/src/draco/compression/mesh/mesh_edgebreaker_decoder.cc.o[0m
[ 23%] [32mBuilding CXX object CMakeFiles/draco_compression_bit_coders.dir/src/draco/compression/bit_coders/rans_bit_decoder.cc.o[0m
[ 24%] [32mBuilding CXX object CMakeFiles/draco_attributes.dir/src/draco/attributes/geometry_attribute.cc.o[0m
[ 25%] [32mBuilding CXX object CMakeFiles/draco_attributes.dir/src/draco/attributes/point_attribute.cc.o[0m
[ 26%] [32mBuilding CXX object CMakeFiles/draco_compression_bit_coders.dir/src/draco/compression/bit_coders/rans_bit_encoder.cc.o[0m
[ 27%] [32mBuilding CXX object CMakeFiles/draco_compression_mesh_dec.dir/src/draco/compression/mesh/mesh_edgebreaker_decoder_impl.cc.o[0m
[ 27%] Built target draco_compression_encode
[35m[1mConsolidate compiler generated dependencies of target draco_compression_mesh_enc[0m
[ 28%] [32mBuilding CXX object CMakeFiles/draco_compression_mesh_enc.dir/src/draco/compression/mesh/mesh_edgebreaker_encoder.cc.o[0m
[ 29%] [32mBuilding CXX object CMakeFiles/draco_compression_mesh_dec.dir/src/draco/compression/mesh/mesh_sequential_decoder.cc.o[0m
[ 30%] [32mBuilding CXX object CMakeFiles/draco_compression_bit_coders.dir/src/draco/compression/bit_coders/symbol_bit_decoder.cc.o[0m
[ 31%] [32mBuilding CXX object CMakeFiles/draco_compression_entropy.dir/src/draco/compression/entropy/symbol_encoding.cc.o[0m
[ 32%] [32mBuilding CXX object CMakeFiles/draco_compression_bit_coders.dir/src/draco/compression/bit_coders/symbol_bit_encoder.cc.o[0m
[ 33%] [32mBuilding CXX object CMakeFiles/draco_compression_mesh_enc.dir/src/draco/compression/mesh/mesh_edgebreaker_encoder_impl.cc.o[0m
[ 34%] [32mBuilding CXX object CMakeFiles/draco_compression_mesh_enc.dir/src/draco/compression/mesh/mesh_encoder.cc.o[0m
[ 34%] Built target draco_compression_bit_coders
[35m[1mConsolidate compiler generated dependencies of target draco_compression_point_cloud_dec[0m
[ 35%] [32mBuilding CXX object CMakeFiles/draco_compression_point_cloud_dec.dir/src/draco/compression/point_cloud/point_cloud_decoder.cc.o[0m
[ 36%] [32mBuilding CXX object CMakeFiles/draco_compression_attributes_enc.dir/src/draco/compression/attributes/sequential_attribute_encoder.cc.o[0m
[ 37%] [32mBuilding CXX object CMakeFiles/draco_compression_point_cloud_dec.dir/src/draco/compression/point_cloud/point_cloud_kd_tree_decoder.cc.o[0m
[ 38%] [32mBuilding CXX object CMakeFiles/draco_compression_attributes_enc.dir/src/draco/compression/attributes/sequential_attribute_encoders_controller.cc.o[0m
[ 39%] [32mBuilding CXX object CMakeFiles/draco_compression_point_cloud_dec.dir/src/draco/compression/point_cloud/point_cloud_sequential_decoder.cc.o[0m
[ 40%] [32mBuilding CXX object CMakeFiles/draco_compression_attributes_dec.dir/src/draco/compression/attributes/sequential_attribute_decoder.cc.o[0m
[ 41%] [32mBuilding CXX object CMakeFiles/draco_compression_attributes_dec.dir/src/draco/compression/attributes/sequential_attribute_decoders_controller.cc.o[0m
[ 41%] Built target draco_attributes
[35m[1mConsolidate compiler generated dependencies of target draco_compression_point_cloud_enc[0m
[ 42%] [32mBuilding CXX object CMakeFiles/draco_compression_point_cloud_enc.dir/src/draco/compression/point_cloud/point_cloud_encoder.cc.o[0m
[ 42%] Built target draco_compression_point_cloud_dec
[35m[1mConsolidate compiler generated dependencies of target draco_core[0m
[ 43%] [32mBuilding CXX object CMakeFiles/draco_core.dir/src/draco/core/bit_utils.cc.o[0m
[ 44%] [32mBuilding CXX object CMakeFiles/draco_core.dir/src/draco/core/bounding_box.cc.o[0m
[ 45%] [32mBuilding CXX object CMakeFiles/draco_compression_attributes_dec.dir/src/draco/compression/attributes/sequential_integer_attribute_decoder.cc.o[0m
[ 46%] [32mBuilding CXX object CMakeFiles/draco_core.dir/src/draco/core/cycle_timer.cc.o[0m
[ 47%] [32mBuilding CXX object CMakeFiles/draco_core.dir/src/draco/core/data_buffer.cc.o[0m
[ 48%] [32mBuilding CXX object CMakeFiles/draco_compression_attributes_enc.dir/src/draco/compression/attributes/sequential_integer_attribute_encoder.cc.o[0m
[ 49%] [32mBuilding CXX object CMakeFiles/draco_core.dir/src/draco/core/decoder_buffer.cc.o[0m
[ 50%] [32mBuilding CXX object CMakeFiles/draco_compression_attributes_dec.dir/src/draco/compression/attributes/sequential_normal_attribute_decoder.cc.o[0m
[ 51%] [32mBuilding CXX object CMakeFiles/draco_compression_point_cloud_enc.dir/src/draco/compression/point_cloud/point_cloud_kd_tree_encoder.cc.o[0m
[ 52%] [32mBuilding CXX object CMakeFiles/draco_core.dir/src/draco/core/divide.cc.o[0m
[ 53%] [32mBuilding CXX object CMakeFiles/draco_core.dir/src/draco/core/draco_types.cc.o[0m
[ 54%] [32mBuilding CXX object CMakeFiles/draco_core.dir/src/draco/core/encoder_buffer.cc.o[0m
[ 55%] [32mBuilding CXX object CMakeFiles/draco_compression_point_cloud_enc.dir/src/draco/compression/point_cloud/point_cloud_sequential_encoder.cc.o[0m
[ 56%] [32mBuilding CXX object CMakeFiles/draco_core.dir/src/draco/core/hash_utils.cc.o[0m
[ 56%] Built target draco_compression_mesh_dec
[35m[1mConsolidate compiler generated dependencies of target draco_io[0m
[ 57%] [32mBuilding CXX object CMakeFiles/draco_compression_attributes_dec.dir/src/draco/compression/attributes/sequential_quantization_attribute_decoder.cc.o[0m
[ 58%] [32mBuilding CXX object CMakeFiles/draco_io.dir/src/draco/io/file_utils.cc.o[0m
[ 59%] [32mBuilding CXX object CMakeFiles/draco_io.dir/src/draco/io/mesh_io.cc.o[0m
[ 59%] Built target draco_compression_entropy
[ 60%] [32mBuilding CXX object CMakeFiles/draco_io.dir/src/draco/io/obj_decoder.cc.o[0m
[ 61%] [32mBuilding CXX object CMakeFiles/draco_io.dir/src/draco/io/obj_encoder.cc.o[0m
[ 61%] Built target draco_compression_point_cloud_enc
[ 62%] [32mBuilding CXX object CMakeFiles/draco_io.dir/src/draco/io/parser_utils.cc.o[0m
[ 63%] [32mBuilding CXX object CMakeFiles/draco_io.dir/src/draco/io/ply_decoder.cc.o[0m
[ 64%] [32mBuilding CXX object CMakeFiles/draco_compression_mesh_enc.dir/src/draco/compression/mesh/mesh_sequential_encoder.cc.o[0m
[ 65%] [32mBuilding CXX object CMakeFiles/draco_compression_attributes_enc.dir/src/draco/compression/attributes/sequential_normal_attribute_encoder.cc.o[0m
[ 66%] [32mBuilding CXX object CMakeFiles/draco_compression_attributes_enc.dir/src/draco/compression/attributes/sequential_quantization_attribute_encoder.cc.o[0m
[ 66%] Built target draco_compression_attributes_dec
[ 66%] Built target draco_compression_mesh_enc
[ 66%] Built target draco_compression_attributes_enc
