[0.024s] Invoking command in '/root/home/point_cloud_transport_ws/build/draco': CMAKE_PREFIX_PATH=/opt/ros/humble:${CMAKE_PREFIX_PATH} /usr/bin/cmake /root/home/point_cloud_transport_ws/src/draco -DCMAKE_BUILD_TYPE=Release -DCMAKE_LIBRARY_PATH=/usr/local/cuda/lib64/stubs -DCMAKE_CXX_FLAGS="-Wl,--allow-shlib-undefined" -DCMAKE_INSTALL_PREFIX=/root/home/point_cloud_transport_ws/install/draco
[0.040s] [0mChecking CXX compiler flag support for: -std=c++11[0m
[0.040s] -- Performing Test HAVE_CXX_FLAG
[0.151s] -- Performing Test HAVE_CXX_FLAG - Success
[0.181s] -- Configuring done
[0.283s] -- Generating done
[0.292s] [33mCMake Warning:
[0.293s]   Manually-specified variables were not used by the project:
[0.293s] 
[0.293s]     CMAKE_LIBRARY_PATH
[0.293s] 
[0.294s] [0m
[0.294s] -- Build files have been written to: /root/home/point_cloud_transport_ws/build/draco
[0.298s] Invoked command in '/root/home/point_cloud_transport_ws/build/draco' returned '0': CMAKE_PREFIX_PATH=/opt/ros/humble:${CMAKE_PREFIX_PATH} /usr/bin/cmake /root/home/point_cloud_transport_ws/src/draco -DCMAKE_BUILD_TYPE=Release -DCMAKE_LIBRARY_PATH=/usr/local/cuda/lib64/stubs -DCMAKE_CXX_FLAGS="-Wl,--allow-shlib-undefined" -DCMAKE_INSTALL_PREFIX=/root/home/point_cloud_transport_ws/install/draco
[0.302s] Invoking command in '/root/home/point_cloud_transport_ws/build/draco': CMAKE_PREFIX_PATH=/opt/ros/humble:${CMAKE_PREFIX_PATH} /usr/bin/cmake --build /root/home/point_cloud_transport_ws/build/draco -- -j8 -l8
[0.363s] [35m[1mConsolidate compiler generated dependencies of target draco_dec_config[0m
[0.365s] [35m[1mConsolidate compiler generated dependencies of target draco_compression_attributes_pred_schemes_dec[0m
[0.365s] [35m[1mConsolidate compiler generated dependencies of target draco_compression_attributes_pred_schemes_enc[0m
[0.365s] [35m[1mConsolidate compiler generated dependencies of target draco_attributes[0m
[0.366s] [35m[1mConsolidate compiler generated dependencies of target draco_enc_config[0m
[0.369s] [35m[1mConsolidate compiler generated dependencies of target draco_compression_bit_coders[0m
[0.374s] [35m[1mConsolidate compiler generated dependencies of target draco_compression_attributes_enc[0m
[0.378s] [35m[1mConsolidate compiler generated dependencies of target draco_compression_attributes_dec[0m
[0.392s] [  1%] [32mBuilding CXX object CMakeFiles/draco_enc_config.dir/draco_enc_config.cc.o[0m
[0.395s] [  2%] [32mBuilding CXX object CMakeFiles/draco_dec_config.dir/draco_dec_config.cc.o[0m
[0.397s] [  3%] [32mBuilding CXX object CMakeFiles/draco_compression_attributes_pred_schemes_dec.dir/draco_compression_attributes_pred_schemes_dec.cc.o[0m
[0.398s] [  4%] [32mBuilding CXX object CMakeFiles/draco_compression_attributes_pred_schemes_enc.dir/src/draco/compression/attributes/prediction_schemes/prediction_scheme_encoder_factory.cc.o[0m
[0.407s] [  5%] [32mBuilding CXX object CMakeFiles/draco_attributes.dir/src/draco/attributes/attribute_octahedron_transform.cc.o[0m
[0.424s] [  6%] [32mBuilding CXX object CMakeFiles/draco_compression_bit_coders.dir/src/draco/compression/bit_coders/adaptive_rans_bit_decoder.cc.o[0m
[0.435s] [  7%] [32mBuilding CXX object CMakeFiles/draco_compression_attributes_dec.dir/src/draco/compression/attributes/attributes_decoder.cc.o[0m
[0.448s] [  8%] [32mBuilding CXX object CMakeFiles/draco_compression_attributes_enc.dir/src/draco/compression/attributes/attributes_encoder.cc.o[0m
[0.457s] [  8%] Built target draco_enc_config
[0.464s] [  8%] Built target draco_dec_config
[0.471s] [  8%] Built target draco_compression_attributes_pred_schemes_dec
[0.484s] [  9%] [32mBuilding CXX object CMakeFiles/draco_compression_attributes_enc.dir/src/draco/compression/attributes/kd_tree_attributes_encoder.cc.o[0m
[0.492s] [35m[1mConsolidate compiler generated dependencies of target draco_compression_decode[0m
[0.493s] [35m[1mConsolidate compiler generated dependencies of target draco_compression_encode[0m
[0.523s] [  9%] [32mBuilding CXX object CMakeFiles/draco_compression_decode.dir/src/draco/compression/decode.cc.o[0m
[0.545s] [ 10%] [32mBuilding CXX object CMakeFiles/draco_compression_encode.dir/src/draco/compression/encode.cc.o[0m
[1.285s] [ 11%] [32mBuilding CXX object CMakeFiles/draco_compression_bit_coders.dir/src/draco/compression/bit_coders/adaptive_rans_bit_encoder.cc.o[0m
[1.789s] [ 12%] [32mBuilding CXX object CMakeFiles/draco_attributes.dir/src/draco/attributes/attribute_quantization_transform.cc.o[0m
[2.315s] [ 12%] Built target draco_compression_attributes_pred_schemes_enc
[2.321s] [ 13%] [32mBuilding CXX object CMakeFiles/draco_compression_attributes_dec.dir/src/draco/compression/attributes/kd_tree_attributes_decoder.cc.o[0m
[2.346s] [35m[1mConsolidate compiler generated dependencies of target draco_compression_entropy[0m
[2.384s] [ 14%] [32mBuilding CXX object CMakeFiles/draco_compression_entropy.dir/src/draco/compression/entropy/shannon_entropy.cc.o[0m
[2.390s] [ 15%] [32mBuilding CXX object CMakeFiles/draco_compression_encode.dir/src/draco/compression/expert_encode.cc.o[0m
[2.634s] [ 16%] [32mBuilding CXX object CMakeFiles/draco_compression_bit_coders.dir/src/draco/compression/bit_coders/direct_bit_decoder.cc.o[0m
[3.441s] [ 17%] [32mBuilding CXX object CMakeFiles/draco_compression_entropy.dir/src/draco/compression/entropy/symbol_decoding.cc.o[0m
[3.611s] [ 18%] [32mBuilding CXX object CMakeFiles/draco_attributes.dir/src/draco/attributes/attribute_transform.cc.o[0m
[3.613s] [ 19%] [32mBuilding CXX object CMakeFiles/draco_compression_bit_coders.dir/src/draco/compression/bit_coders/direct_bit_encoder.cc.o[0m
[3.716s] [ 19%] Built target draco_compression_decode
[3.744s] [35m[1mConsolidate compiler generated dependencies of target draco_compression_mesh_traverser[0m
[3.778s] [ 20%] [32mBuilding CXX object CMakeFiles/draco_compression_mesh_traverser.dir/draco_compression_mesh_traverser.cc.o[0m
[3.847s] [ 20%] Built target draco_compression_mesh_traverser
[3.878s] [35m[1mConsolidate compiler generated dependencies of target draco_compression_mesh_dec[0m
[3.931s] [ 21%] [32mBuilding CXX object CMakeFiles/draco_compression_mesh_dec.dir/src/draco/compression/mesh/mesh_decoder.cc.o[0m
[4.448s] [ 22%] [32mBuilding CXX object CMakeFiles/draco_compression_mesh_dec.dir/src/draco/compression/mesh/mesh_edgebreaker_decoder.cc.o[0m
[4.735s] [ 23%] [32mBuilding CXX object CMakeFiles/draco_compression_bit_coders.dir/src/draco/compression/bit_coders/rans_bit_decoder.cc.o[0m
[4.806s] [ 24%] [32mBuilding CXX object CMakeFiles/draco_attributes.dir/src/draco/attributes/geometry_attribute.cc.o[0m
[5.575s] [ 25%] [32mBuilding CXX object CMakeFiles/draco_attributes.dir/src/draco/attributes/point_attribute.cc.o[0m
[5.657s] [ 26%] [32mBuilding CXX object CMakeFiles/draco_compression_bit_coders.dir/src/draco/compression/bit_coders/rans_bit_encoder.cc.o[0m
[5.726s] [ 27%] [32mBuilding CXX object CMakeFiles/draco_compression_mesh_dec.dir/src/draco/compression/mesh/mesh_edgebreaker_decoder_impl.cc.o[0m
[6.258s] [ 27%] Built target draco_compression_encode
[6.287s] [35m[1mConsolidate compiler generated dependencies of target draco_compression_mesh_enc[0m
[6.330s] [ 28%] [32mBuilding CXX object CMakeFiles/draco_compression_mesh_enc.dir/src/draco/compression/mesh/mesh_edgebreaker_encoder.cc.o[0m
[6.520s] [ 29%] [32mBuilding CXX object CMakeFiles/draco_compression_mesh_dec.dir/src/draco/compression/mesh/mesh_sequential_decoder.cc.o[0m
[7.086s] [ 30%] [32mBuilding CXX object CMakeFiles/draco_compression_bit_coders.dir/src/draco/compression/bit_coders/symbol_bit_decoder.cc.o[0m
[7.911s] [ 31%] [32mBuilding CXX object CMakeFiles/draco_compression_entropy.dir/src/draco/compression/entropy/symbol_encoding.cc.o[0m
[8.097s] [ 32%] [32mBuilding CXX object CMakeFiles/draco_compression_bit_coders.dir/src/draco/compression/bit_coders/symbol_bit_encoder.cc.o[0m
[8.883s] [ 33%] [32mBuilding CXX object CMakeFiles/draco_compression_mesh_enc.dir/src/draco/compression/mesh/mesh_edgebreaker_encoder_impl.cc.o[0m
[8.952s] [ 34%] [32mBuilding CXX object CMakeFiles/draco_compression_mesh_enc.dir/src/draco/compression/mesh/mesh_encoder.cc.o[0m
[9.399s] [ 34%] Built target draco_compression_bit_coders
[9.429s] [35m[1mConsolidate compiler generated dependencies of target draco_compression_point_cloud_dec[0m
[9.482s] [ 35%] [32mBuilding CXX object CMakeFiles/draco_compression_point_cloud_dec.dir/src/draco/compression/point_cloud/point_cloud_decoder.cc.o[0m
[9.706s] [ 36%] [32mBuilding CXX object CMakeFiles/draco_compression_attributes_enc.dir/src/draco/compression/attributes/sequential_attribute_encoder.cc.o[0m
[11.137s] [ 37%] [32mBuilding CXX object CMakeFiles/draco_compression_point_cloud_dec.dir/src/draco/compression/point_cloud/point_cloud_kd_tree_decoder.cc.o[0m
[11.920s] [ 38%] [32mBuilding CXX object CMakeFiles/draco_compression_attributes_enc.dir/src/draco/compression/attributes/sequential_attribute_encoders_controller.cc.o[0m
[12.026s] [ 39%] [32mBuilding CXX object CMakeFiles/draco_compression_point_cloud_dec.dir/src/draco/compression/point_cloud/point_cloud_sequential_decoder.cc.o[0m
[12.885s] [ 40%] [32mBuilding CXX object CMakeFiles/draco_compression_attributes_dec.dir/src/draco/compression/attributes/sequential_attribute_decoder.cc.o[0m
[13.012s] [ 41%] [32mBuilding CXX object CMakeFiles/draco_compression_attributes_dec.dir/src/draco/compression/attributes/sequential_attribute_decoders_controller.cc.o[0m
[13.226s] [ 41%] Built target draco_attributes
[13.256s] [35m[1mConsolidate compiler generated dependencies of target draco_compression_point_cloud_enc[0m
[13.293s] [ 42%] [32mBuilding CXX object CMakeFiles/draco_compression_point_cloud_enc.dir/src/draco/compression/point_cloud/point_cloud_encoder.cc.o[0m
[13.948s] [ 42%] Built target draco_compression_point_cloud_dec
[13.978s] [35m[1mConsolidate compiler generated dependencies of target draco_core[0m
[14.024s] [ 43%] [32mBuilding CXX object CMakeFiles/draco_core.dir/src/draco/core/bit_utils.cc.o[0m
[14.176s] [ 44%] [32mBuilding CXX object CMakeFiles/draco_core.dir/src/draco/core/bounding_box.cc.o[0m
[14.768s] [ 45%] [32mBuilding CXX object CMakeFiles/draco_compression_attributes_dec.dir/src/draco/compression/attributes/sequential_integer_attribute_decoder.cc.o[0m
[14.951s] [ 46%] [32mBuilding CXX object CMakeFiles/draco_core.dir/src/draco/core/cycle_timer.cc.o[0m
[15.044s] [ 47%] [32mBuilding CXX object CMakeFiles/draco_core.dir/src/draco/core/data_buffer.cc.o[0m
[15.688s] [ 48%] [32mBuilding CXX object CMakeFiles/draco_compression_attributes_enc.dir/src/draco/compression/attributes/sequential_integer_attribute_encoder.cc.o[0m
[15.843s] [ 49%] [32mBuilding CXX object CMakeFiles/draco_core.dir/src/draco/core/decoder_buffer.cc.o[0m
[16.097s] [ 50%] [32mBuilding CXX object CMakeFiles/draco_compression_attributes_dec.dir/src/draco/compression/attributes/sequential_normal_attribute_decoder.cc.o[0m
[16.119s] [ 51%] [32mBuilding CXX object CMakeFiles/draco_compression_point_cloud_enc.dir/src/draco/compression/point_cloud/point_cloud_kd_tree_encoder.cc.o[0m
[16.684s] [ 52%] [32mBuilding CXX object CMakeFiles/draco_core.dir/src/draco/core/divide.cc.o[0m
[16.758s] [ 53%] [32mBuilding CXX object CMakeFiles/draco_core.dir/src/draco/core/draco_types.cc.o[0m
[17.157s] [ 54%] [32mBuilding CXX object CMakeFiles/draco_core.dir/src/draco/core/encoder_buffer.cc.o[0m
[18.187s] [ 55%] [32mBuilding CXX object CMakeFiles/draco_compression_point_cloud_enc.dir/src/draco/compression/point_cloud/point_cloud_sequential_encoder.cc.o[0m
[18.268s] [ 56%] [32mBuilding CXX object CMakeFiles/draco_core.dir/src/draco/core/hash_utils.cc.o[0m
[18.445s] [ 56%] Built target draco_compression_mesh_dec
[18.477s] [35m[1mConsolidate compiler generated dependencies of target draco_io[0m
[18.484s] In file included from [01m[K/root/home/point_cloud_transport_ws/src/draco/src/draco/core/hash_utils.cc:15[m[K:
[18.488s] [01m[K/root/home/point_cloud_transport_ws/src/draco/src/draco/core/hash_utils.h:26:1:[m[K [01;31m[Kerror: [m[K‘[01m[Ksize_t[m[K’ does not name a type
[18.489s]    26 | [01;31m[Ksize_t[m[K HashCombine(T1 a, T2 b) {
[18.489s]       | [01;31m[K^~~~~~[m[K
[18.489s] [01m[K/root/home/point_cloud_transport_ws/src/draco/src/draco/core/hash_utils.h:20:1:[m[K [01;36m[Knote: [m[K‘[01m[Ksize_t[m[K’ is defined in header ‘[01m[K<cstddef>[m[K’; did you forget to ‘[01m[K#include <cstddef>[m[K’?
[18.489s]    19 | #include <functional>
[18.490s]   +++ |+[32m[K#include <cstddef>[m[K
[18.490s]    20 | 
[18.491s] [01m[K/root/home/point_cloud_transport_ws/src/draco/src/draco/core/hash_utils.h:33:1:[m[K [01;31m[Kerror: [m[K‘[01m[Ksize_t[m[K’ does not name a type
[18.491s]    33 | [01;31m[Ksize_t[m[K HashCombine(T a, size_t hash) {
[18.491s]       | [01;31m[K^~~~~~[m[K
[18.492s] [01m[K/root/home/point_cloud_transport_ws/src/draco/src/draco/core/hash_utils.h:33:1:[m[K [01;36m[Knote: [m[K‘[01m[Ksize_t[m[K’ is defined in header ‘[01m[K<cstddef>[m[K’; did you forget to ‘[01m[K#include <cstddef>[m[K’?
[18.492s] [01m[K/root/home/point_cloud_transport_ws/src/draco/src/draco/core/hash_utils.h:43:43:[m[K [01;31m[Kerror: [m[K‘[01m[Ksize_t[m[K’ has not been declared
[18.492s]    43 | uint64_t FingerprintString(const char *s, [01;31m[Ksize_t[m[K len);
[18.493s]       |                                           [01;31m[K^~~~~~[m[K
[18.493s] [01m[K/root/home/point_cloud_transport_ws/src/draco/src/draco/core/hash_utils.h:48:3:[m[K [01;31m[Kerror: [m[K‘[01m[Ksize_t[m[K’ does not name a type
[18.493s]    48 |   [01;31m[Ksize_t[m[K operator()(const T &a) const {
[18.494s]       |   [01;31m[K^~~~~~[m[K
[18.494s] [01m[K/root/home/point_cloud_transport_ws/src/draco/src/draco/core/hash_utils.h:48:3:[m[K [01;36m[Knote: [m[K‘[01m[Ksize_t[m[K’ is defined in header ‘[01m[K<cstddef>[m[K’; did you forget to ‘[01m[K#include <cstddef>[m[K’?
[18.496s] [01m[K/root/home/point_cloud_transport_ws/src/draco/src/draco/core/hash_utils.h:57:3:[m[K [01;31m[Kerror: [m[K‘[01m[Ksize_t[m[K’ does not name a type
[18.499s]    57 |   [01;31m[Ksize_t[m[K ValueHash(const V &val) const {
[18.500s]       |   [01;31m[K^~~~~~[m[K
[18.507s] [01m[K/root/home/point_cloud_transport_ws/src/draco/src/draco/core/hash_utils.h:57:3:[m[K [01;36m[Knote: [m[K‘[01m[Ksize_t[m[K’ is defined in header ‘[01m[K<cstddef>[m[K’; did you forget to ‘[01m[K#include <cstddef>[m[K’?
[18.522s] gmake[2]: *** [CMakeFiles/draco_core.dir/build.make:188: CMakeFiles/draco_core.dir/src/draco/core/hash_utils.cc.o] Error 1
[18.523s] gmake[1]: *** [CMakeFiles/Makefile2:563: CMakeFiles/draco_core.dir/all] Error 2
[18.524s] gmake[1]: *** Waiting for unfinished jobs....
[18.554s] [ 57%] [32mBuilding CXX object CMakeFiles/draco_compression_attributes_dec.dir/src/draco/compression/attributes/sequential_quantization_attribute_decoder.cc.o[0m
[18.571s] [ 58%] [32mBuilding CXX object CMakeFiles/draco_io.dir/src/draco/io/file_utils.cc.o[0m
[19.571s] [ 59%] [32mBuilding CXX object CMakeFiles/draco_io.dir/src/draco/io/mesh_io.cc.o[0m
[19.759s] [ 59%] Built target draco_compression_entropy
[19.793s] [ 60%] [32mBuilding CXX object CMakeFiles/draco_io.dir/src/draco/io/obj_decoder.cc.o[0m
[20.327s] [ 61%] [32mBuilding CXX object CMakeFiles/draco_io.dir/src/draco/io/obj_encoder.cc.o[0m
[20.403s] [ 61%] Built target draco_compression_point_cloud_enc
[20.422s] [ 62%] [32mBuilding CXX object CMakeFiles/draco_io.dir/src/draco/io/parser_utils.cc.o[0m
[20.604s] [ 63%] [32mBuilding CXX object CMakeFiles/draco_io.dir/src/draco/io/ply_decoder.cc.o[0m
[20.900s] [ 64%] [32mBuilding CXX object CMakeFiles/draco_compression_mesh_enc.dir/src/draco/compression/mesh/mesh_sequential_encoder.cc.o[0m
[21.233s] [01m[K/root/home/point_cloud_transport_ws/src/draco/src/draco/io/parser_utils.cc:[m[K In function ‘[01m[Kbool draco::parser::ParseFloat(draco::DecoderBuffer*, float*)[m[K’:
[21.234s] [01m[K/root/home/point_cloud_transport_ws/src/draco/src/draco/io/parser_utils.cc:113:16:[m[K [01;31m[Kerror: [m[K‘[01m[Knumeric_limits[m[K’ is not a member of ‘[01m[Kstd[m[K’
[21.234s]   113 |       v = std::[01;31m[Knumeric_limits[m[K<double>::infinity();
[21.234s]       |                [01;31m[K^~~~~~~~~~~~~~[m[K
[21.235s] [01m[K/root/home/point_cloud_transport_ws/src/draco/src/draco/io/parser_utils.cc:113:31:[m[K [01;31m[Kerror: [m[Kexpected primary-expression before ‘[01m[Kdouble[m[K’
[21.235s]   113 |       v = std::numeric_limits<[01;31m[Kdouble[m[K>::infinity();
[21.235s]       |                               [01;31m[K^~~~~~[m[K
[21.325s] gmake[2]: *** [CMakeFiles/draco_io.dir/build.make:132: CMakeFiles/draco_io.dir/src/draco/io/parser_utils.cc.o] Error 1
[21.328s] gmake[2]: *** Waiting for unfinished jobs....
[21.353s] [ 65%] [32mBuilding CXX object CMakeFiles/draco_compression_attributes_enc.dir/src/draco/compression/attributes/sequential_normal_attribute_encoder.cc.o[0m
[22.491s] [ 66%] [32mBuilding CXX object CMakeFiles/draco_compression_attributes_enc.dir/src/draco/compression/attributes/sequential_quantization_attribute_encoder.cc.o[0m
[22.496s] [ 66%] Built target draco_compression_attributes_dec
[23.670s] [ 66%] Built target draco_compression_mesh_enc
[24.827s] gmake[1]: *** [CMakeFiles/Makefile2:589: CMakeFiles/draco_io.dir/all] Error 2
[25.966s] [ 66%] Built target draco_compression_attributes_enc
[25.970s] gmake: *** [Makefile:136: all] Error 2
[25.974s] Invoked command in '/root/home/point_cloud_transport_ws/build/draco' returned '2': CMAKE_PREFIX_PATH=/opt/ros/humble:${CMAKE_PREFIX_PATH} /usr/bin/cmake --build /root/home/point_cloud_transport_ws/build/draco -- -j8 -l8
