[0.220s] DEBUG:colcon:Command line arguments: ['/usr/bin/colcon', 'build', '--cmake-args', '-DCMAKE_BUILD_TYPE=Release']
[0.220s] DEBUG:colcon:Parsed command line arguments: Namespace(log_base=None, log_level=None, verb_name='build', build_base='build', install_base='install', merge_install=False, symlink_install=False, test_result_base=None, continue_on_error=False, executor='parallel', parallel_workers=8, event_handlers=None, ignore_user_meta=False, metas=['./colcon.meta'], base_paths=['.'], packages_ignore=None, packages_ignore_regex=None, paths=None, packages_up_to=None, packages_up_to_regex=None, packages_above=None, packages_above_and_dependencies=None, packages_above_depth=None, packages_select_by_dep=None, packages_skip_by_dep=None, packages_skip_up_to=None, packages_select_build_failed=False, packages_skip_build_finished=False, packages_select_test_failures=False, packages_skip_test_passed=False, packages_select=None, packages_skip=None, packages_select_regex=None, packages_skip_regex=None, packages_start=None, packages_end=None, cmake_args=['-DCMAKE_BUILD_TYPE=Release'], cmake_target=None, cmake_target_skip_unavailable=False, cmake_clean_cache=False, cmake_clean_first=False, cmake_force_configure=False, ament_cmake_args=None, catkin_cmake_args=None, catkin_skip_building_tests=False, mixin_files=None, mixin=None, verb_parser=<colcon_mixin.mixin.mixin_argument.MixinArgumentDecorator object at 0x7fc2e6edc0d0>, verb_extension=<colcon_core.verb.build.BuildVerb object at 0x7fc2e7018790>, main=<bound method BuildVerb.main of <colcon_core.verb.build.BuildVerb object at 0x7fc2e7018790>>, mixin_verb=('build',))
[0.649s] Level 1:colcon.colcon_core.package_discovery:discover_packages(colcon_meta) check parameters
[0.651s] INFO:colcon.colcon_metadata.package_discovery.colcon_meta:Using configuration from '/root/.colcon/metadata/default/Gazebo.meta'
[0.652s] INFO:colcon.colcon_metadata.package_discovery.colcon_meta:Using configuration from '/root/.colcon/metadata/default/fastrtps.meta'
[0.653s] Level 1:colcon.colcon_core.package_discovery:discover_packages(recursive) check parameters
[0.653s] Level 1:colcon.colcon_core.package_discovery:discover_packages(ignore) check parameters
[0.653s] Level 1:colcon.colcon_core.package_discovery:discover_packages(path) check parameters
[0.653s] Level 1:colcon.colcon_core.package_discovery:discover_packages(colcon_meta) discover
[0.653s] Level 1:colcon.colcon_core.package_discovery:discover_packages(recursive) discover
[0.653s] INFO:colcon.colcon_core.package_discovery:Crawling recursively for packages in '/root/home/point_cloud_transport_ws'
[0.653s] Level 1:colcon.colcon_core.package_identification:_identify(.) by extensions ['ignore', 'ignore_ament_install']
[0.653s] Level 1:colcon.colcon_core.package_identification:_identify(.) by extension 'ignore'
[0.653s] Level 1:colcon.colcon_core.package_identification:_identify(.) by extension 'ignore_ament_install'
[0.653s] Level 1:colcon.colcon_core.package_identification:_identify(.) by extensions ['colcon_pkg']
[0.653s] Level 1:colcon.colcon_core.package_identification:_identify(.) by extension 'colcon_pkg'
[0.654s] Level 1:colcon.colcon_core.package_identification:_identify(.) by extensions ['colcon_meta']
[0.654s] Level 1:colcon.colcon_core.package_identification:_identify(.) by extension 'colcon_meta'
[0.654s] Level 1:colcon.colcon_core.package_identification:_identify(.) by extensions ['ros']
[0.654s] Level 1:colcon.colcon_core.package_identification:_identify(.) by extension 'ros'
[0.680s] Level 1:colcon.colcon_core.package_identification:_identify(.) by extensions ['cmake', 'python']
[0.680s] Level 1:colcon.colcon_core.package_identification:_identify(.) by extension 'cmake'
[0.681s] Level 1:colcon.colcon_core.package_identification:_identify(.) by extension 'python'
[0.681s] Level 1:colcon.colcon_core.package_identification:_identify(.) by extensions ['python_setup_py']
[0.681s] Level 1:colcon.colcon_core.package_identification:_identify(.) by extension 'python_setup_py'
[0.681s] Level 1:colcon.colcon_core.package_identification:_identify(build) by extensions ['ignore', 'ignore_ament_install']
[0.681s] Level 1:colcon.colcon_core.package_identification:_identify(build) by extension 'ignore'
[0.681s] Level 1:colcon.colcon_core.package_identification:_identify(build) ignored
[0.681s] Level 1:colcon.colcon_core.package_identification:_identify(install) by extensions ['ignore', 'ignore_ament_install']
[0.681s] Level 1:colcon.colcon_core.package_identification:_identify(install) by extension 'ignore'
[0.681s] Level 1:colcon.colcon_core.package_identification:_identify(install) ignored
[0.682s] Level 1:colcon.colcon_core.package_identification:_identify(log) by extensions ['ignore', 'ignore_ament_install']
[0.682s] Level 1:colcon.colcon_core.package_identification:_identify(log) by extension 'ignore'
[0.682s] Level 1:colcon.colcon_core.package_identification:_identify(log) ignored
[0.682s] Level 1:colcon.colcon_core.package_identification:_identify(src) by extensions ['ignore', 'ignore_ament_install']
[0.683s] Level 1:colcon.colcon_core.package_identification:_identify(src) by extension 'ignore'
[0.683s] Level 1:colcon.colcon_core.package_identification:_identify(src) by extension 'ignore_ament_install'
[0.683s] Level 1:colcon.colcon_core.package_identification:_identify(src) by extensions ['colcon_pkg']
[0.683s] Level 1:colcon.colcon_core.package_identification:_identify(src) by extension 'colcon_pkg'
[0.683s] Level 1:colcon.colcon_core.package_identification:_identify(src) by extensions ['colcon_meta']
[0.683s] Level 1:colcon.colcon_core.package_identification:_identify(src) by extension 'colcon_meta'
[0.683s] Level 1:colcon.colcon_core.package_identification:_identify(src) by extensions ['ros']
[0.683s] Level 1:colcon.colcon_core.package_identification:_identify(src) by extension 'ros'
[0.683s] Level 1:colcon.colcon_core.package_identification:_identify(src) by extensions ['cmake', 'python']
[0.683s] Level 1:colcon.colcon_core.package_identification:_identify(src) by extension 'cmake'
[0.683s] Level 1:colcon.colcon_core.package_identification:_identify(src) by extension 'python'
[0.683s] Level 1:colcon.colcon_core.package_identification:_identify(src) by extensions ['python_setup_py']
[0.683s] Level 1:colcon.colcon_core.package_identification:_identify(src) by extension 'python_setup_py'
[0.684s] Level 1:colcon.colcon_core.package_identification:_identify(src/draco) by extensions ['ignore', 'ignore_ament_install']
[0.684s] Level 1:colcon.colcon_core.package_identification:_identify(src/draco) by extension 'ignore'
[0.684s] Level 1:colcon.colcon_core.package_identification:_identify(src/draco) by extension 'ignore_ament_install'
[0.684s] Level 1:colcon.colcon_core.package_identification:_identify(src/draco) by extensions ['colcon_pkg']
[0.684s] Level 1:colcon.colcon_core.package_identification:_identify(src/draco) by extension 'colcon_pkg'
[0.685s] Level 1:colcon.colcon_core.package_identification:_identify(src/draco) by extensions ['colcon_meta']
[0.685s] Level 1:colcon.colcon_core.package_identification:_identify(src/draco) by extension 'colcon_meta'
[0.685s] Level 1:colcon.colcon_core.package_identification:_identify(src/draco) by extensions ['ros']
[0.685s] Level 1:colcon.colcon_core.package_identification:_identify(src/draco) by extension 'ros'
[0.690s] DEBUG:colcon.colcon_core.package_identification:Package 'src/draco' with type 'ros.cmake' and name 'draco'
[0.690s] Level 1:colcon.colcon_core.package_identification:_identify(src/draco_point_cloud_transport) by extensions ['ignore', 'ignore_ament_install']
[0.690s] Level 1:colcon.colcon_core.package_identification:_identify(src/draco_point_cloud_transport) by extension 'ignore'
[0.691s] Level 1:colcon.colcon_core.package_identification:_identify(src/draco_point_cloud_transport) by extension 'ignore_ament_install'
[0.691s] Level 1:colcon.colcon_core.package_identification:_identify(src/draco_point_cloud_transport) by extensions ['colcon_pkg']
[0.691s] Level 1:colcon.colcon_core.package_identification:_identify(src/draco_point_cloud_transport) by extension 'colcon_pkg'
[0.691s] Level 1:colcon.colcon_core.package_identification:_identify(src/draco_point_cloud_transport) by extensions ['colcon_meta']
[0.691s] Level 1:colcon.colcon_core.package_identification:_identify(src/draco_point_cloud_transport) by extension 'colcon_meta'
[0.691s] Level 1:colcon.colcon_core.package_identification:_identify(src/draco_point_cloud_transport) by extensions ['ros']
[0.691s] Level 1:colcon.colcon_core.package_identification:_identify(src/draco_point_cloud_transport) by extension 'ros'
[0.693s] DEBUG:colcon.colcon_core.package_identification:Package 'src/draco_point_cloud_transport' with type 'ros.catkin' and name 'draco_point_cloud_transport'
[0.693s] Level 1:colcon.colcon_core.package_identification:_identify(src/point_cloud_transport) by extensions ['ignore', 'ignore_ament_install']
[0.694s] Level 1:colcon.colcon_core.package_identification:_identify(src/point_cloud_transport) by extension 'ignore'
[0.694s] Level 1:colcon.colcon_core.package_identification:_identify(src/point_cloud_transport) by extension 'ignore_ament_install'
[0.694s] Level 1:colcon.colcon_core.package_identification:_identify(src/point_cloud_transport) by extensions ['colcon_pkg']
[0.694s] Level 1:colcon.colcon_core.package_identification:_identify(src/point_cloud_transport) by extension 'colcon_pkg'
[0.694s] Level 1:colcon.colcon_core.package_identification:_identify(src/point_cloud_transport) by extensions ['colcon_meta']
[0.694s] Level 1:colcon.colcon_core.package_identification:_identify(src/point_cloud_transport) by extension 'colcon_meta'
[0.694s] Level 1:colcon.colcon_core.package_identification:_identify(src/point_cloud_transport) by extensions ['ros']
[0.694s] Level 1:colcon.colcon_core.package_identification:_identify(src/point_cloud_transport) by extension 'ros'
[0.696s] DEBUG:colcon.colcon_core.package_identification:Package 'src/point_cloud_transport' with type 'ros.catkin' and name 'point_cloud_transport'
[0.697s] Level 1:colcon.colcon_core.package_identification:_identify(src/point_cloud_transport_plugins) by extensions ['ignore', 'ignore_ament_install']
[0.697s] Level 1:colcon.colcon_core.package_identification:_identify(src/point_cloud_transport_plugins) by extension 'ignore'
[0.697s] Level 1:colcon.colcon_core.package_identification:_identify(src/point_cloud_transport_plugins) by extension 'ignore_ament_install'
[0.697s] Level 1:colcon.colcon_core.package_identification:_identify(src/point_cloud_transport_plugins) by extensions ['colcon_pkg']
[0.697s] Level 1:colcon.colcon_core.package_identification:_identify(src/point_cloud_transport_plugins) by extension 'colcon_pkg'
[0.697s] Level 1:colcon.colcon_core.package_identification:_identify(src/point_cloud_transport_plugins) by extensions ['colcon_meta']
[0.697s] Level 1:colcon.colcon_core.package_identification:_identify(src/point_cloud_transport_plugins) by extension 'colcon_meta'
[0.697s] Level 1:colcon.colcon_core.package_identification:_identify(src/point_cloud_transport_plugins) by extensions ['ros']
[0.697s] Level 1:colcon.colcon_core.package_identification:_identify(src/point_cloud_transport_plugins) by extension 'ros'
[0.698s] DEBUG:colcon.colcon_core.package_identification:Package 'src/point_cloud_transport_plugins' with type 'ros.catkin' and name 'point_cloud_transport_plugins'
[0.699s] Level 1:colcon.colcon_core.package_discovery:discover_packages(recursive) using defaults
[0.699s] Level 1:colcon.colcon_core.package_discovery:discover_packages(ignore) discover
[0.699s] Level 1:colcon.colcon_core.package_discovery:discover_packages(ignore) using defaults
[0.699s] Level 1:colcon.colcon_core.package_discovery:discover_packages(path) discover
[0.699s] Level 1:colcon.colcon_core.package_discovery:discover_packages(path) using defaults
[0.748s] Level 5:colcon.colcon_core.verb:set package 'draco' build argument 'cmake_args' from command line to '['-DCMAKE_BUILD_TYPE=Release']'
[0.749s] Level 5:colcon.colcon_core.verb:set package 'draco' build argument 'cmake_target' from command line to 'None'
[0.749s] Level 5:colcon.colcon_core.verb:set package 'draco' build argument 'cmake_target_skip_unavailable' from command line to 'False'
[0.749s] Level 5:colcon.colcon_core.verb:set package 'draco' build argument 'cmake_clean_cache' from command line to 'False'
[0.749s] Level 5:colcon.colcon_core.verb:set package 'draco' build argument 'cmake_clean_first' from command line to 'False'
[0.749s] Level 5:colcon.colcon_core.verb:set package 'draco' build argument 'cmake_force_configure' from command line to 'False'
[0.749s] Level 5:colcon.colcon_core.verb:set package 'draco' build argument 'ament_cmake_args' from command line to 'None'
[0.749s] Level 5:colcon.colcon_core.verb:set package 'draco' build argument 'catkin_cmake_args' from command line to 'None'
[0.749s] Level 5:colcon.colcon_core.verb:set package 'draco' build argument 'catkin_skip_building_tests' from command line to 'False'
[0.749s] DEBUG:colcon.colcon_core.verb:Building package 'draco' with the following arguments: {'ament_cmake_args': None, 'build_base': '/root/home/point_cloud_transport_ws/build/draco', 'catkin_cmake_args': None, 'catkin_skip_building_tests': False, 'cmake_args': ['-DCMAKE_BUILD_TYPE=Release'], 'cmake_clean_cache': False, 'cmake_clean_first': False, 'cmake_force_configure': False, 'cmake_target': None, 'cmake_target_skip_unavailable': False, 'install_base': '/root/home/point_cloud_transport_ws/install/draco', 'merge_install': False, 'path': '/root/home/point_cloud_transport_ws/src/draco', 'symlink_install': False, 'test_result_base': None}
[0.749s] Level 5:colcon.colcon_core.verb:set package 'point_cloud_transport' build argument 'cmake_args' from command line to '['-DCMAKE_BUILD_TYPE=Release']'
[0.749s] Level 5:colcon.colcon_core.verb:set package 'point_cloud_transport' build argument 'cmake_target' from command line to 'None'
[0.750s] Level 5:colcon.colcon_core.verb:set package 'point_cloud_transport' build argument 'cmake_target_skip_unavailable' from command line to 'False'
[0.750s] Level 5:colcon.colcon_core.verb:set package 'point_cloud_transport' build argument 'cmake_clean_cache' from command line to 'False'
[0.750s] Level 5:colcon.colcon_core.verb:set package 'point_cloud_transport' build argument 'cmake_clean_first' from command line to 'False'
[0.750s] Level 5:colcon.colcon_core.verb:set package 'point_cloud_transport' build argument 'cmake_force_configure' from command line to 'False'
[0.750s] Level 5:colcon.colcon_core.verb:set package 'point_cloud_transport' build argument 'ament_cmake_args' from command line to 'None'
[0.750s] Level 5:colcon.colcon_core.verb:set package 'point_cloud_transport' build argument 'catkin_cmake_args' from command line to 'None'
[0.750s] Level 5:colcon.colcon_core.verb:set package 'point_cloud_transport' build argument 'catkin_skip_building_tests' from command line to 'False'
[0.750s] DEBUG:colcon.colcon_core.verb:Building package 'point_cloud_transport' with the following arguments: {'ament_cmake_args': None, 'build_base': '/root/home/point_cloud_transport_ws/build/point_cloud_transport', 'catkin_cmake_args': None, 'catkin_skip_building_tests': False, 'cmake_args': ['-DCMAKE_BUILD_TYPE=Release'], 'cmake_clean_cache': False, 'cmake_clean_first': False, 'cmake_force_configure': False, 'cmake_target': None, 'cmake_target_skip_unavailable': False, 'install_base': '/root/home/point_cloud_transport_ws/install/point_cloud_transport', 'merge_install': False, 'path': '/root/home/point_cloud_transport_ws/src/point_cloud_transport', 'symlink_install': False, 'test_result_base': None}
[0.750s] Level 5:colcon.colcon_core.verb:set package 'draco_point_cloud_transport' build argument 'cmake_args' from command line to '['-DCMAKE_BUILD_TYPE=Release']'
[0.750s] Level 5:colcon.colcon_core.verb:set package 'draco_point_cloud_transport' build argument 'cmake_target' from command line to 'None'
[0.750s] Level 5:colcon.colcon_core.verb:set package 'draco_point_cloud_transport' build argument 'cmake_target_skip_unavailable' from command line to 'False'
[0.750s] Level 5:colcon.colcon_core.verb:set package 'draco_point_cloud_transport' build argument 'cmake_clean_cache' from command line to 'False'
[0.750s] Level 5:colcon.colcon_core.verb:set package 'draco_point_cloud_transport' build argument 'cmake_clean_first' from command line to 'False'
[0.750s] Level 5:colcon.colcon_core.verb:set package 'draco_point_cloud_transport' build argument 'cmake_force_configure' from command line to 'False'
[0.750s] Level 5:colcon.colcon_core.verb:set package 'draco_point_cloud_transport' build argument 'ament_cmake_args' from command line to 'None'
[0.750s] Level 5:colcon.colcon_core.verb:set package 'draco_point_cloud_transport' build argument 'catkin_cmake_args' from command line to 'None'
[0.751s] Level 5:colcon.colcon_core.verb:set package 'draco_point_cloud_transport' build argument 'catkin_skip_building_tests' from command line to 'False'
[0.751s] DEBUG:colcon.colcon_core.verb:Building package 'draco_point_cloud_transport' with the following arguments: {'ament_cmake_args': None, 'build_base': '/root/home/point_cloud_transport_ws/build/draco_point_cloud_transport', 'catkin_cmake_args': None, 'catkin_skip_building_tests': False, 'cmake_args': ['-DCMAKE_BUILD_TYPE=Release'], 'cmake_clean_cache': False, 'cmake_clean_first': False, 'cmake_force_configure': False, 'cmake_target': None, 'cmake_target_skip_unavailable': False, 'install_base': '/root/home/point_cloud_transport_ws/install/draco_point_cloud_transport', 'merge_install': False, 'path': '/root/home/point_cloud_transport_ws/src/draco_point_cloud_transport', 'symlink_install': False, 'test_result_base': None}
[0.751s] Level 5:colcon.colcon_core.verb:set package 'point_cloud_transport_plugins' build argument 'cmake_args' from command line to '['-DCMAKE_BUILD_TYPE=Release']'
[0.751s] Level 5:colcon.colcon_core.verb:set package 'point_cloud_transport_plugins' build argument 'cmake_target' from command line to 'None'
[0.751s] Level 5:colcon.colcon_core.verb:set package 'point_cloud_transport_plugins' build argument 'cmake_target_skip_unavailable' from command line to 'False'
[0.751s] Level 5:colcon.colcon_core.verb:set package 'point_cloud_transport_plugins' build argument 'cmake_clean_cache' from command line to 'False'
[0.751s] Level 5:colcon.colcon_core.verb:set package 'point_cloud_transport_plugins' build argument 'cmake_clean_first' from command line to 'False'
[0.751s] Level 5:colcon.colcon_core.verb:set package 'point_cloud_transport_plugins' build argument 'cmake_force_configure' from command line to 'False'
[0.751s] Level 5:colcon.colcon_core.verb:set package 'point_cloud_transport_plugins' build argument 'ament_cmake_args' from command line to 'None'
[0.751s] Level 5:colcon.colcon_core.verb:set package 'point_cloud_transport_plugins' build argument 'catkin_cmake_args' from command line to 'None'
[0.751s] Level 5:colcon.colcon_core.verb:set package 'point_cloud_transport_plugins' build argument 'catkin_skip_building_tests' from command line to 'False'
[0.751s] DEBUG:colcon.colcon_core.verb:Building package 'point_cloud_transport_plugins' with the following arguments: {'ament_cmake_args': None, 'build_base': '/root/home/point_cloud_transport_ws/build/point_cloud_transport_plugins', 'catkin_cmake_args': None, 'catkin_skip_building_tests': False, 'cmake_args': ['-DCMAKE_BUILD_TYPE=Release'], 'cmake_clean_cache': False, 'cmake_clean_first': False, 'cmake_force_configure': False, 'cmake_target': None, 'cmake_target_skip_unavailable': False, 'install_base': '/root/home/point_cloud_transport_ws/install/point_cloud_transport_plugins', 'merge_install': False, 'path': '/root/home/point_cloud_transport_ws/src/point_cloud_transport_plugins', 'symlink_install': False, 'test_result_base': None}
[0.752s] INFO:colcon.colcon_core.executor:Executing jobs using 'parallel' executor
[0.754s] DEBUG:colcon.colcon_parallel_executor.executor.parallel:run_until_complete
[0.754s] INFO:colcon.colcon_ros.task.cmake.build:Building ROS package in '/root/home/point_cloud_transport_ws/src/draco' with build type 'cmake'
[0.754s] INFO:colcon.colcon_cmake.task.cmake.build:Building CMake package in '/root/home/point_cloud_transport_ws/src/draco'
[0.767s] INFO:colcon.colcon_core.plugin_system:Skipping extension 'colcon_core.shell.bat': Not used on non-Windows systems
[0.767s] INFO:colcon.colcon_core.shell:Skip shell extension 'powershell' for command environment: Not usable outside of PowerShell
[0.767s] DEBUG:colcon.colcon_core.shell:Skip shell extension 'dsv' for command environment
[0.799s] DEBUG:colcon.colcon_core.event_handler.log_command:Invoking command in '/root/home/point_cloud_transport_ws/build/draco': CMAKE_PREFIX_PATH=/opt/ros/humble:${CMAKE_PREFIX_PATH} /usr/bin/cmake /root/home/point_cloud_transport_ws/src/draco -DCMAKE_BUILD_TYPE=Release -DCMAKE_INSTALL_PREFIX=/root/home/point_cloud_transport_ws/install/draco
[1.869s] DEBUG:colcon.colcon_core.event_handler.log_command:Invoked command in '/root/home/point_cloud_transport_ws/build/draco' returned '0': CMAKE_PREFIX_PATH=/opt/ros/humble:${CMAKE_PREFIX_PATH} /usr/bin/cmake /root/home/point_cloud_transport_ws/src/draco -DCMAKE_BUILD_TYPE=Release -DCMAKE_INSTALL_PREFIX=/root/home/point_cloud_transport_ws/install/draco
[1.873s] DEBUG:colcon.colcon_core.event_handler.log_command:Invoking command in '/root/home/point_cloud_transport_ws/build/draco': CMAKE_PREFIX_PATH=/opt/ros/humble:${CMAKE_PREFIX_PATH} /usr/bin/cmake --build /root/home/point_cloud_transport_ws/build/draco -- -j8 -l8
[27.031s] DEBUG:colcon.colcon_core.event_handler.log_command:Invoked command in '/root/home/point_cloud_transport_ws/build/draco' returned '2': CMAKE_PREFIX_PATH=/opt/ros/humble:${CMAKE_PREFIX_PATH} /usr/bin/cmake --build /root/home/point_cloud_transport_ws/build/draco -- -j8 -l8
[27.481s] Level 1:colcon.colcon_core.shell:create_environment_hook('draco', 'pkg_config_path')
[27.481s] INFO:colcon.colcon_core.shell:Creating environment hook '/root/home/point_cloud_transport_ws/install/draco/share/draco/hook/pkg_config_path.ps1'
[27.484s] INFO:colcon.colcon_core.shell:Creating environment descriptor '/root/home/point_cloud_transport_ws/install/draco/share/draco/hook/pkg_config_path.dsv'
[27.485s] INFO:colcon.colcon_core.shell:Creating environment hook '/root/home/point_cloud_transport_ws/install/draco/share/draco/hook/pkg_config_path.sh'
[27.490s] Level 1:colcon.colcon_core.shell:create_environment_hook('draco', 'pkg_config_path_multiarch')
[27.490s] INFO:colcon.colcon_core.shell:Creating environment hook '/root/home/point_cloud_transport_ws/install/draco/share/draco/hook/pkg_config_path_multiarch.ps1'
[27.491s] INFO:colcon.colcon_core.shell:Creating environment descriptor '/root/home/point_cloud_transport_ws/install/draco/share/draco/hook/pkg_config_path_multiarch.dsv'
[27.491s] INFO:colcon.colcon_core.shell:Creating environment hook '/root/home/point_cloud_transport_ws/install/draco/share/draco/hook/pkg_config_path_multiarch.sh'
[27.492s] Level 1:colcon.colcon_core.environment:create_environment_scripts_only(draco)
[27.503s] Level 1:colcon.colcon_core.environment:checking '/root/home/point_cloud_transport_ws/install/draco' for CMake module files
[27.504s] Level 1:colcon.colcon_core.environment:checking '/root/home/point_cloud_transport_ws/install/draco' for CMake config files
[27.504s] Level 1:colcon.colcon_core.environment:checking '/root/home/point_cloud_transport_ws/install/draco/bin'
[27.504s] Level 1:colcon.colcon_core.environment:checking '/root/home/point_cloud_transport_ws/install/draco/lib/pkgconfig/draco.pc'
[27.508s] Level 1:colcon.colcon_core.environment:checking '/root/home/point_cloud_transport_ws/install/draco/lib/python3.10/site-packages'
[27.508s] Level 1:colcon.colcon_core.environment:checking '/root/home/point_cloud_transport_ws/install/draco/bin'
[27.509s] INFO:colcon.colcon_core.shell:Creating package script '/root/home/point_cloud_transport_ws/install/draco/share/draco/package.ps1'
[27.511s] INFO:colcon.colcon_core.shell:Creating package descriptor '/root/home/point_cloud_transport_ws/install/draco/share/draco/package.dsv'
[27.512s] INFO:colcon.colcon_core.shell:Creating package script '/root/home/point_cloud_transport_ws/install/draco/share/draco/package.sh'
[27.514s] INFO:colcon.colcon_core.shell:Creating package script '/root/home/point_cloud_transport_ws/install/draco/share/draco/package.bash'
[27.515s] INFO:colcon.colcon_core.shell:Creating package script '/root/home/point_cloud_transport_ws/install/draco/share/draco/package.zsh'
[27.518s] Level 1:colcon.colcon_core.environment:create_file_with_runtime_dependencies(/root/home/point_cloud_transport_ws/install/draco/share/colcon-core/packages/draco)
[27.520s] DEBUG:colcon.colcon_parallel_executor.executor.parallel:closing loop
[27.521s] DEBUG:colcon.colcon_parallel_executor.executor.parallel:loop closed
[27.521s] DEBUG:colcon.colcon_parallel_executor.executor.parallel:run_until_complete finished with '2'
[27.522s] DEBUG:colcon.colcon_core.event_reactor:joining thread
[27.554s] INFO:colcon.colcon_core.plugin_system:Skipping extension 'colcon_notification.desktop_notification.notify_send': Could not find 'notify-send'
[27.554s] INFO:colcon.colcon_core.plugin_system:Skipping extension 'colcon_notification.desktop_notification.terminal_notifier': Not used on non-Darwin systems
[27.555s] INFO:colcon.colcon_core.plugin_system:Skipping extension 'colcon_notification.desktop_notification.win32': Not used on non-Windows systems
[27.555s] INFO:colcon.colcon_notification.desktop_notification:Sending desktop notification using 'notify2'
[27.558s] DEBUG:colcon.colcon_notification.desktop_notification.notify2:Failed to initialize notify2: org.freedesktop.DBus.Error.Spawn.ExecFailed: /usr/bin/dbus-launch terminated abnormally without any error message
[27.559s] DEBUG:colcon.colcon_core.event_reactor:joined thread
[27.560s] INFO:colcon.colcon_core.shell:Creating prefix script '/root/home/point_cloud_transport_ws/install/local_setup.ps1'
[27.563s] INFO:colcon.colcon_core.shell:Creating prefix util module '/root/home/point_cloud_transport_ws/install/_local_setup_util_ps1.py'
[27.565s] INFO:colcon.colcon_core.shell:Creating prefix chain script '/root/home/point_cloud_transport_ws/install/setup.ps1'
[27.568s] INFO:colcon.colcon_core.shell:Creating prefix script '/root/home/point_cloud_transport_ws/install/local_setup.sh'
[27.570s] INFO:colcon.colcon_core.shell:Creating prefix util module '/root/home/point_cloud_transport_ws/install/_local_setup_util_sh.py'
[27.571s] INFO:colcon.colcon_core.shell:Creating prefix chain script '/root/home/point_cloud_transport_ws/install/setup.sh'
[27.574s] INFO:colcon.colcon_core.shell:Creating prefix script '/root/home/point_cloud_transport_ws/install/local_setup.bash'
[27.575s] INFO:colcon.colcon_core.shell:Creating prefix chain script '/root/home/point_cloud_transport_ws/install/setup.bash'
[27.578s] INFO:colcon.colcon_core.shell:Creating prefix script '/root/home/point_cloud_transport_ws/install/local_setup.zsh'
[27.579s] INFO:colcon.colcon_core.shell:Creating prefix chain script '/root/home/point_cloud_transport_ws/install/setup.zsh'
