[0.020s] Invoking command in '/root/home/point_cloud_transport_ws/build/draco': CMAKE_PREFIX_PATH=/opt/ros/humble:${CMAKE_PREFIX_PATH} /usr/bin/cmake /root/home/point_cloud_transport_ws/src/draco -DCMAKE_BUILD_TYPE=Release -DCMAKE_INSTALL_PREFIX=/root/home/point_cloud_transport_ws/install/draco
[0.069s] -- Configuring done
[0.177s] -- Generating done
[0.185s] -- Build files have been written to: /root/home/point_cloud_transport_ws/build/draco
[0.189s] Invoked command in '/root/home/point_cloud_transport_ws/build/draco' returned '0': CMAKE_PREFIX_PATH=/opt/ros/humble:${CMAKE_PREFIX_PATH} /usr/bin/cmake /root/home/point_cloud_transport_ws/src/draco -DCMAKE_BUILD_TYPE=Release -DCMAKE_INSTALL_PREFIX=/root/home/point_cloud_transport_ws/install/draco
[0.193s] Invoking command in '/root/home/point_cloud_transport_ws/build/draco': CMAKE_PREFIX_PATH=/opt/ros/humble:${CMAKE_PREFIX_PATH} /usr/bin/cmake --build /root/home/point_cloud_transport_ws/build/draco -- -j8 -l8
[0.254s] [35m[1mConsolidate compiler generated dependencies of target draco_attributes[0m
[0.254s] [35m[1mConsolidate compiler generated dependencies of target draco_compression_attributes_pred_schemes_dec[0m
[0.256s] [35m[1mConsolidate compiler generated dependencies of target draco_compression_attributes_dec[0m
[0.256s] [35m[1mConsolidate compiler generated dependencies of target draco_enc_config[0m
[0.257s] [35m[1mConsolidate compiler generated dependencies of target draco_compression_bit_coders[0m
[0.259s] [35m[1mConsolidate compiler generated dependencies of target draco_compression_attributes_enc[0m
[0.259s] [35m[1mConsolidate compiler generated dependencies of target draco_dec_config[0m
[0.267s] [35m[1mConsolidate compiler generated dependencies of target draco_compression_attributes_pred_schemes_enc[0m
[0.276s] [  1%] [32mBuilding CXX object CMakeFiles/draco_compression_attributes_pred_schemes_dec.dir/draco_compression_attributes_pred_schemes_dec.cc.o[0m
[0.280s] [  2%] [32mBuilding CXX object CMakeFiles/draco_enc_config.dir/draco_enc_config.cc.o[0m
[0.291s] [  4%] [32mBuilding CXX object CMakeFiles/draco_dec_config.dir/draco_dec_config.cc.o[0m
[0.291s] [  4%] [32mBuilding CXX object CMakeFiles/draco_attributes.dir/src/draco/attributes/attribute_octahedron_transform.cc.o[0m
[0.295s] [  5%] [32mBuilding CXX object CMakeFiles/draco_compression_attributes_pred_schemes_enc.dir/src/draco/compression/attributes/prediction_schemes/prediction_scheme_encoder_factory.cc.o[0m
[0.298s] [  6%] [32mBuilding CXX object CMakeFiles/draco_compression_bit_coders.dir/src/draco/compression/bit_coders/adaptive_rans_bit_decoder.cc.o[0m
[0.303s] [  7%] [32mBuilding CXX object CMakeFiles/draco_compression_attributes_enc.dir/src/draco/compression/attributes/attributes_encoder.cc.o[0m
[0.309s] [  8%] [32mBuilding CXX object CMakeFiles/draco_compression_attributes_dec.dir/src/draco/compression/attributes/attributes_decoder.cc.o[0m
[0.331s] [  8%] Built target draco_compression_attributes_pred_schemes_dec
[0.348s] [  8%] Built target draco_enc_config
[0.348s] [  8%] Built target draco_dec_config
[0.354s] [35m[1mConsolidate compiler generated dependencies of target draco_compression_decode[0m
[0.365s] [ 10%] [32mBuilding CXX object CMakeFiles/draco_attributes.dir/src/draco/attributes/attribute_quantization_transform.cc.o[0m
[0.365s] [ 10%] [32mBuilding CXX object CMakeFiles/draco_compression_attributes_dec.dir/src/draco/compression/attributes/kd_tree_attributes_decoder.cc.o[0m
[0.384s] [ 10%] [32mBuilding CXX object CMakeFiles/draco_compression_decode.dir/src/draco/compression/decode.cc.o[0m
[1.105s] [ 11%] [32mBuilding CXX object CMakeFiles/draco_compression_bit_coders.dir/src/draco/compression/bit_coders/adaptive_rans_bit_encoder.cc.o[0m
[1.724s] [ 12%] [32mBuilding CXX object CMakeFiles/draco_attributes.dir/src/draco/attributes/attribute_transform.cc.o[0m
[2.094s] [ 13%] [32mBuilding CXX object CMakeFiles/draco_attributes.dir/src/draco/attributes/geometry_attribute.cc.o[0m
[2.159s] [ 14%] [32mBuilding CXX object CMakeFiles/draco_compression_attributes_dec.dir/src/draco/compression/attributes/sequential_attribute_decoder.cc.o[0m
[2.259s] [ 15%] [32mBuilding CXX object CMakeFiles/draco_compression_attributes_enc.dir/src/draco/compression/attributes/kd_tree_attributes_encoder.cc.o[0m
[2.361s] [ 15%] Built target draco_compression_attributes_pred_schemes_enc
[2.366s] gmake[2]: Warning: File 'CMakeFiles/draco_compression_encode.dir/progress.make' has modification time 0.29 s in the future
[2.377s] [ 16%] [32mBuilding CXX object CMakeFiles/draco_compression_bit_coders.dir/src/draco/compression/bit_coders/direct_bit_decoder.cc.o[0m
[2.385s] [35m[1mConsolidate compiler generated dependencies of target draco_compression_encode[0m
[2.395s] gmake[2]: warning:  Clock skew detected.  Your build may be incomplete.
[2.399s] gmake[2]: Warning: File 'CMakeFiles/draco_compression_encode.dir/progress.make' has modification time 0.25 s in the future
[2.419s] [ 17%] [32mBuilding CXX object CMakeFiles/draco_compression_encode.dir/src/draco/compression/encode.cc.o[0m
[2.822s] [ 18%] [32mBuilding CXX object CMakeFiles/draco_attributes.dir/src/draco/attributes/point_attribute.cc.o[0m
[2.945s] [ 19%] [32mBuilding CXX object CMakeFiles/draco_compression_encode.dir/src/draco/compression/expert_encode.cc.o[0m
[3.237s] [ 20%] [32mBuilding CXX object CMakeFiles/draco_compression_bit_coders.dir/src/draco/compression/bit_coders/direct_bit_encoder.cc.o[0m
[3.565s] [ 20%] Built target draco_compression_decode
[3.595s] [35m[1mConsolidate compiler generated dependencies of target draco_compression_entropy[0m
[3.634s] [ 21%] [32mBuilding CXX object CMakeFiles/draco_compression_entropy.dir/src/draco/compression/entropy/shannon_entropy.cc.o[0m
[3.990s] [ 22%] [32mBuilding CXX object CMakeFiles/draco_compression_attributes_dec.dir/src/draco/compression/attributes/sequential_attribute_decoders_controller.cc.o[0m
[4.279s] [ 23%] [32mBuilding CXX object CMakeFiles/draco_compression_bit_coders.dir/src/draco/compression/bit_coders/rans_bit_decoder.cc.o[0m
[4.580s] [ 24%] [32mBuilding CXX object CMakeFiles/draco_compression_entropy.dir/src/draco/compression/entropy/symbol_decoding.cc.o[0m
[5.177s] [ 25%] [32mBuilding CXX object CMakeFiles/draco_compression_bit_coders.dir/src/draco/compression/bit_coders/rans_bit_encoder.cc.o[0m
[6.350s] [ 26%] [32mBuilding CXX object CMakeFiles/draco_compression_bit_coders.dir/src/draco/compression/bit_coders/symbol_bit_decoder.cc.o[0m
[6.577s] [ 27%] [32mBuilding CXX object CMakeFiles/draco_compression_bit_coders.dir/src/draco/compression/bit_coders/symbol_bit_encoder.cc.o[0m
[6.942s] gmake[2]: warning:  Clock skew detected.  Your build may be incomplete.
[6.962s] [ 27%] Built target draco_compression_encode
[6.991s] [35m[1mConsolidate compiler generated dependencies of target draco_compression_mesh_traverser[0m
[7.020s] [ 28%] [32mBuilding CXX object CMakeFiles/draco_compression_mesh_traverser.dir/draco_compression_mesh_traverser.cc.o[0m
[7.049s] [ 29%] [32mBuilding CXX object CMakeFiles/draco_compression_attributes_dec.dir/src/draco/compression/attributes/sequential_integer_attribute_decoder.cc.o[0m
[7.105s] [ 29%] Built target draco_compression_mesh_traverser
[7.131s] [35m[1mConsolidate compiler generated dependencies of target draco_compression_mesh_dec[0m
[7.172s] [ 30%] [32mBuilding CXX object CMakeFiles/draco_compression_mesh_dec.dir/src/draco/compression/mesh/mesh_decoder.cc.o[0m
[7.390s] [ 31%] [32mBuilding CXX object CMakeFiles/draco_compression_mesh_dec.dir/src/draco/compression/mesh/mesh_edgebreaker_decoder.cc.o[0m
[7.683s] [ 31%] Built target draco_compression_bit_coders
[7.711s] [35m[1mConsolidate compiler generated dependencies of target draco_compression_mesh_enc[0m
[7.752s] [ 32%] [32mBuilding CXX object CMakeFiles/draco_compression_mesh_enc.dir/src/draco/compression/mesh/mesh_edgebreaker_encoder.cc.o[0m
[8.728s] [ 33%] [32mBuilding CXX object CMakeFiles/draco_compression_entropy.dir/src/draco/compression/entropy/symbol_encoding.cc.o[0m
[8.813s] [ 34%] [32mBuilding CXX object CMakeFiles/draco_compression_mesh_dec.dir/src/draco/compression/mesh/mesh_edgebreaker_decoder_impl.cc.o[0m
[9.586s] [ 35%] [32mBuilding CXX object CMakeFiles/draco_compression_mesh_dec.dir/src/draco/compression/mesh/mesh_sequential_decoder.cc.o[0m
[9.855s] [ 35%] Built target draco_attributes
[9.882s] [35m[1mConsolidate compiler generated dependencies of target draco_compression_point_cloud_dec[0m
[9.921s] [ 36%] [32mBuilding CXX object CMakeFiles/draco_compression_point_cloud_dec.dir/src/draco/compression/point_cloud/point_cloud_decoder.cc.o[0m
[10.304s] [ 37%] [32mBuilding CXX object CMakeFiles/draco_compression_mesh_enc.dir/src/draco/compression/mesh/mesh_edgebreaker_encoder_impl.cc.o[0m
[10.718s] [ 38%] [32mBuilding CXX object CMakeFiles/draco_compression_attributes_dec.dir/src/draco/compression/attributes/sequential_normal_attribute_decoder.cc.o[0m
[11.680s] [ 39%] [32mBuilding CXX object CMakeFiles/draco_compression_attributes_enc.dir/src/draco/compression/attributes/sequential_attribute_encoder.cc.o[0m
[12.063s] [ 40%] [32mBuilding CXX object CMakeFiles/draco_compression_attributes_enc.dir/src/draco/compression/attributes/sequential_attribute_encoders_controller.cc.o[0m
[12.211s] [ 41%] [32mBuilding CXX object CMakeFiles/draco_compression_point_cloud_dec.dir/src/draco/compression/point_cloud/point_cloud_kd_tree_decoder.cc.o[0m
[13.751s] [ 42%] [32mBuilding CXX object CMakeFiles/draco_compression_attributes_enc.dir/src/draco/compression/attributes/sequential_integer_attribute_encoder.cc.o[0m
[13.998s] [ 43%] [32mBuilding CXX object CMakeFiles/draco_compression_point_cloud_dec.dir/src/draco/compression/point_cloud/point_cloud_sequential_decoder.cc.o[0m
[15.160s] [ 44%] [32mBuilding CXX object CMakeFiles/draco_compression_attributes_dec.dir/src/draco/compression/attributes/sequential_quantization_attribute_decoder.cc.o[0m
[15.323s] [ 45%] [32mBuilding CXX object CMakeFiles/draco_compression_attributes_enc.dir/src/draco/compression/attributes/sequential_normal_attribute_encoder.cc.o[0m
[16.000s] [ 46%] [32mBuilding CXX object CMakeFiles/draco_compression_attributes_enc.dir/src/draco/compression/attributes/sequential_quantization_attribute_encoder.cc.o[0m
[16.136s] [ 46%] Built target draco_compression_point_cloud_dec
[16.161s] [35m[1mConsolidate compiler generated dependencies of target draco_compression_point_cloud_enc[0m
[16.197s] [ 47%] [32mBuilding CXX object CMakeFiles/draco_compression_point_cloud_enc.dir/src/draco/compression/point_cloud/point_cloud_encoder.cc.o[0m
[17.194s] [ 47%] Built target draco_compression_attributes_dec
[17.231s] [35m[1mConsolidate compiler generated dependencies of target draco_core[0m
[17.274s] [ 48%] [32mBuilding CXX object CMakeFiles/draco_core.dir/src/draco/core/bounding_box.cc.o[0m
[18.030s] [ 49%] [32mBuilding CXX object CMakeFiles/draco_core.dir/src/draco/core/data_buffer.cc.o[0m
[18.124s] [ 50%] [32mBuilding CXX object CMakeFiles/draco_core.dir/src/draco/core/decoder_buffer.cc.o[0m
[18.805s] [ 51%] [32mBuilding CXX object CMakeFiles/draco_core.dir/src/draco/core/draco_types.cc.o[0m
[18.873s] [ 52%] [32mBuilding CXX object CMakeFiles/draco_compression_point_cloud_enc.dir/src/draco/compression/point_cloud/point_cloud_kd_tree_encoder.cc.o[0m
[18.941s] [ 53%] [32mBuilding CXX object CMakeFiles/draco_core.dir/src/draco/core/encoder_buffer.cc.o[0m
[19.185s] [ 54%] [32mBuilding CXX object CMakeFiles/draco_core.dir/src/draco/core/hash_utils.cc.o[0m
[19.512s] In file included from [01m[K/root/home/point_cloud_transport_ws/src/draco/src/draco/core/hash_utils.cc:15[m[K:
[19.512s] [01m[K/root/home/point_cloud_transport_ws/src/draco/src/draco/core/hash_utils.h:26:1:[m[K [01;31m[Kerror: [m[K‘[01m[Ksize_t[m[K’ does not name a type
[19.513s]    26 | [01;31m[Ksize_t[m[K HashCombine(T1 a, T2 b) {
[19.514s]       | [01;31m[K^~~~~~[m[K
[19.514s] [01m[K/root/home/point_cloud_transport_ws/src/draco/src/draco/core/hash_utils.h:20:1:[m[K [01;36m[Knote: [m[K‘[01m[Ksize_t[m[K’ is defined in header ‘[01m[K<cstddef>[m[K’; did you forget to ‘[01m[K#include <cstddef>[m[K’?
[19.516s]    19 | #include <functional>
[19.516s]   +++ |+[32m[K#include <cstddef>[m[K
[19.517s]    20 | 
[19.517s] [01m[K/root/home/point_cloud_transport_ws/src/draco/src/draco/core/hash_utils.h:33:1:[m[K [01;31m[Kerror: [m[K‘[01m[Ksize_t[m[K’ does not name a type
[19.517s]    33 | [01;31m[Ksize_t[m[K HashCombine(T a, size_t hash) {
[19.518s]       | [01;31m[K^~~~~~[m[K
[19.518s] [01m[K/root/home/point_cloud_transport_ws/src/draco/src/draco/core/hash_utils.h:33:1:[m[K [01;36m[Knote: [m[K‘[01m[Ksize_t[m[K’ is defined in header ‘[01m[K<cstddef>[m[K’; did you forget to ‘[01m[K#include <cstddef>[m[K’?
[19.519s] [01m[K/root/home/point_cloud_transport_ws/src/draco/src/draco/core/hash_utils.h:43:43:[m[K [01;31m[Kerror: [m[K‘[01m[Ksize_t[m[K’ has not been declared
[19.519s]    43 | uint64_t FingerprintString(const char *s, [01;31m[Ksize_t[m[K len);
[19.519s]       |                                           [01;31m[K^~~~~~[m[K
[19.519s] [01m[K/root/home/point_cloud_transport_ws/src/draco/src/draco/core/hash_utils.h:48:3:[m[K [01;31m[Kerror: [m[K‘[01m[Ksize_t[m[K’ does not name a type
[19.520s]    48 |   [01;31m[Ksize_t[m[K operator()(const T &a) const {
[19.520s]       |   [01;31m[K^~~~~~[m[K
[19.520s] [01m[K/root/home/point_cloud_transport_ws/src/draco/src/draco/core/hash_utils.h:48:3:[m[K [01;36m[Knote: [m[K‘[01m[Ksize_t[m[K’ is defined in header ‘[01m[K<cstddef>[m[K’; did you forget to ‘[01m[K#include <cstddef>[m[K’?
[19.520s] [01m[K/root/home/point_cloud_transport_ws/src/draco/src/draco/core/hash_utils.h:57:3:[m[K [01;31m[Kerror: [m[K‘[01m[Ksize_t[m[K’ does not name a type
[19.520s]    57 |   [01;31m[Ksize_t[m[K ValueHash(const V &val) const {
[19.520s]       |   [01;31m[K^~~~~~[m[K
[19.521s] [01m[K/root/home/point_cloud_transport_ws/src/draco/src/draco/core/hash_utils.h:57:3:[m[K [01;36m[Knote: [m[K‘[01m[Ksize_t[m[K’ is defined in header ‘[01m[K<cstddef>[m[K’; did you forget to ‘[01m[K#include <cstddef>[m[K’?
[19.549s] gmake[2]: *** [CMakeFiles/draco_core.dir/build.make:188: CMakeFiles/draco_core.dir/src/draco/core/hash_utils.cc.o] Error 1
[19.550s] gmake[2]: *** Waiting for unfinished jobs....
[19.576s] [ 55%] [32mBuilding CXX object CMakeFiles/draco_compression_point_cloud_enc.dir/src/draco/compression/point_cloud/point_cloud_sequential_encoder.cc.o[0m
[19.794s] [ 55%] Built target draco_compression_entropy
[19.838s] [35m[1mConsolidate compiler generated dependencies of target draco_io[0m
[19.923s] [ 56%] [32mBuilding CXX object CMakeFiles/draco_io.dir/src/draco/io/file_utils.cc.o[0m
[20.352s] gmake[1]: *** [CMakeFiles/Makefile2:563: CMakeFiles/draco_core.dir/all] Error 2
[20.353s] gmake[1]: *** Waiting for unfinished jobs....
[20.374s] [ 57%] [32mBuilding CXX object CMakeFiles/draco_io.dir/src/draco/io/mesh_io.cc.o[0m
[21.192s] [ 58%] [32mBuilding CXX object CMakeFiles/draco_io.dir/src/draco/io/obj_decoder.cc.o[0m
[21.319s] [ 59%] [32mBuilding CXX object CMakeFiles/draco_io.dir/src/draco/io/obj_encoder.cc.o[0m
[21.391s] [ 59%] Built target draco_compression_mesh_dec
[21.418s] [ 60%] [32mBuilding CXX object CMakeFiles/draco_io.dir/src/draco/io/parser_utils.cc.o[0m
[22.236s] [ 61%] [32mBuilding CXX object CMakeFiles/draco_compression_mesh_enc.dir/src/draco/compression/mesh/mesh_encoder.cc.o[0m
[22.342s] [01m[K/root/home/point_cloud_transport_ws/src/draco/src/draco/io/parser_utils.cc:[m[K In function ‘[01m[Kbool draco::parser::ParseFloat(draco::DecoderBuffer*, float*)[m[K’:
[22.342s] [01m[K/root/home/point_cloud_transport_ws/src/draco/src/draco/io/parser_utils.cc:113:16:[m[K [01;31m[Kerror: [m[K‘[01m[Knumeric_limits[m[K’ is not a member of ‘[01m[Kstd[m[K’
[22.343s]   113 |       v = std::[01;31m[Knumeric_limits[m[K<double>::infinity();
[22.343s]       |                [01;31m[K^~~~~~~~~~~~~~[m[K
[22.343s] [01m[K/root/home/point_cloud_transport_ws/src/draco/src/draco/io/parser_utils.cc:113:31:[m[K [01;31m[Kerror: [m[Kexpected primary-expression before ‘[01m[Kdouble[m[K’
[22.343s]   113 |       v = std::numeric_limits<[01;31m[Kdouble[m[K>::infinity();
[22.344s]       |                               [01;31m[K^~~~~~[m[K
[22.436s] gmake[2]: *** [CMakeFiles/draco_io.dir/build.make:132: CMakeFiles/draco_io.dir/src/draco/io/parser_utils.cc.o] Error 1
[22.437s] gmake[2]: *** Waiting for unfinished jobs....
[22.468s] [ 62%] [32mBuilding CXX object CMakeFiles/draco_compression_mesh_enc.dir/src/draco/compression/mesh/mesh_sequential_encoder.cc.o[0m
[23.538s] [ 62%] Built target draco_compression_point_cloud_enc
[24.757s] [ 62%] Built target draco_compression_attributes_enc
[25.418s] gmake[1]: *** [CMakeFiles/Makefile2:589: CMakeFiles/draco_io.dir/all] Error 2
[25.980s] [ 62%] Built target draco_compression_mesh_enc
[25.982s] gmake: *** [Makefile:136: all] Error 2
[25.986s] Invoked command in '/root/home/point_cloud_transport_ws/build/draco' returned '2': CMAKE_PREFIX_PATH=/opt/ros/humble:${CMAKE_PREFIX_PATH} /usr/bin/cmake --build /root/home/point_cloud_transport_ws/build/draco -- -j8 -l8
