-- The C compiler identification is GNU 11.4.0
-- The CXX compiler identification is GNU 11.4.0
-- Detecting C compiler ABI info
-- Detecting C compiler ABI info - done
-- Check for working C compiler: /usr/bin/cc - skipped
-- Detecting C compile features
-- Detecting C compile features - done
-- Detecting CXX compiler ABI info
-- Detecting CXX compiler ABI info - done
-- Check for working CXX compiler: /usr/bin/c++ - skipped
-- Detecting CXX compile features
-- Detecting CXX compile features - done
-- Found ament_cmake: 1.3.10 (/opt/ros/humble/share/ament_cmake/cmake)
-- Found Python3: /usr/bin/python3 (found version "3.10.12") found components: Interpreter
-- Found ament_cmake_ros: 0.10.0 (/opt/ros/humble/share/ament_cmake_ros/cmake)
-- Found point_cloud_transport: 1.0.18 (/root/ros2_ws/ros2bag/install/point_cloud_transport/share/point_cloud_transport/cmake)
-- Found rosidl_generator_c: 3.1.5 (/opt/ros/humble/share/rosidl_generator_c/cmake)
-- Found rosidl_adapter: 3.1.5 (/opt/ros/humble/share/rosidl_adapter/cmake)
-- Found rosidl_generator_cpp: 3.1.5 (/opt/ros/humble/share/rosidl_generator_cpp/cmake)
-- Using all available rosidl_typesupport_c: rosidl_typesupport_fastrtps_c;rosidl_typesupport_introspection_c
-- Using all available rosidl_typesupport_cpp: rosidl_typesupport_fastrtps_cpp;rosidl_typesupport_introspection_cpp
-- Found rmw_implementation_cmake: 6.1.2 (/opt/ros/humble/share/rmw_implementation_cmake/cmake)
-- Found rmw_fastrtps_cpp: 6.2.7 (/opt/ros/humble/share/rmw_fastrtps_cpp/cmake)
-- Found OpenSSL: /usr/lib/x86_64-linux-gnu/libcrypto.so (found version "3.0.2")
-- Found FastRTPS: /opt/ros/humble/include
-- Using RMW implementation 'rmw_fastrtps_cpp' as default
-- Performing Test CMAKE_HAVE_LIBC_PTHREAD
-- Performing Test CMAKE_HAVE_LIBC_PTHREAD - Success
-- Found Threads: TRUE
-- Found Python3: /usr/bin/python3 (found version "3.10.12") found components: Interpreter Development Development.Module Development.Embed
-- Found pybind11_vendor: 2.4.2 (/opt/ros/humble/share/pybind11_vendor/cmake)
-- Performing Test HAS_FLTO
-- Performing Test HAS_FLTO - Success
-- Found pybind11: /usr/include (found version "2.9.1")
-- Configuring done (2.3s)
-- Generating done (0.0s)
-- Build files have been written to: /root/ros2_ws/ros2bag/build/point_cloud_transport_py
[ 25%] [32mBuilding CXX object CMakeFiles/_point_cloud_transport.dir/src/point_cloud_transport_py/pybind_point_cloud_transport.cpp.o[0m
[ 50%] [32mBuilding CXX object CMakeFiles/_codec.dir/src/point_cloud_transport_py/pybind_codec.cpp.o[0m
[ 50%] Built target ament_cmake_python_copy_point_cloud_transport_py
running egg_info
creating point_cloud_transport_py.egg-info
writing point_cloud_transport_py.egg-info/PKG-INFO
writing dependency_links to point_cloud_transport_py.egg-info/dependency_links.txt
writing top-level names to point_cloud_transport_py.egg-info/top_level.txt
writing manifest file 'point_cloud_transport_py.egg-info/SOURCES.txt'
reading manifest file 'point_cloud_transport_py.egg-info/SOURCES.txt'
writing manifest file 'point_cloud_transport_py.egg-info/SOURCES.txt'
[ 50%] Built target ament_cmake_python_build_point_cloud_transport_py_egg
[ 75%] [32m[1mLinking CXX shared library _point_cloud_transport.cpython-310-x86_64-linux-gnu.so[0m
[100%] [32m[1mLinking CXX shared library _codec.cpython-310-x86_64-linux-gnu.so[0m
[100%] Built target _point_cloud_transport
[100%] Built target _codec
-- Install configuration: ""
-- Installing: /root/ros2_ws/ros2bag/install/point_cloud_transport_py/share/point_cloud_transport_py/environment/pythonpath.sh
-- Installing: /root/ros2_ws/ros2bag/install/point_cloud_transport_py/share/point_cloud_transport_py/environment/pythonpath.dsv
-- Installing: /root/ros2_ws/ros2bag/install/point_cloud_transport_py/local/lib/python3.10/dist-packages/point_cloud_transport_py-1.0.18-py3.10.egg-info
-- Installing: /root/ros2_ws/ros2bag/install/point_cloud_transport_py/local/lib/python3.10/dist-packages/point_cloud_transport_py-1.0.18-py3.10.egg-info/SOURCES.txt
-- Installing: /root/ros2_ws/ros2bag/install/point_cloud_transport_py/local/lib/python3.10/dist-packages/point_cloud_transport_py-1.0.18-py3.10.egg-info/PKG-INFO
-- Installing: /root/ros2_ws/ros2bag/install/point_cloud_transport_py/local/lib/python3.10/dist-packages/point_cloud_transport_py-1.0.18-py3.10.egg-info/top_level.txt
-- Installing: /root/ros2_ws/ros2bag/install/point_cloud_transport_py/local/lib/python3.10/dist-packages/point_cloud_transport_py-1.0.18-py3.10.egg-info/dependency_links.txt
-- Installing: /root/ros2_ws/ros2bag/install/point_cloud_transport_py/local/lib/python3.10/dist-packages/point_cloud_transport_py
-- Installing: /root/ros2_ws/ros2bag/install/point_cloud_transport_py/local/lib/python3.10/dist-packages/point_cloud_transport_py/__init__.py
-- Installing: /root/ros2_ws/ros2bag/install/point_cloud_transport_py/local/lib/python3.10/dist-packages/point_cloud_transport_py/common.py
Listing '/root/ros2_ws/ros2bag/install/point_cloud_transport_py/local/lib/python3.10/dist-packages/point_cloud_transport_py'...
Compiling '/root/ros2_ws/ros2bag/install/point_cloud_transport_py/local/lib/python3.10/dist-packages/point_cloud_transport_py/__init__.py'...
Compiling '/root/ros2_ws/ros2bag/install/point_cloud_transport_py/local/lib/python3.10/dist-packages/point_cloud_transport_py/common.py'...
-- Installing: /root/ros2_ws/ros2bag/install/point_cloud_transport_py/local/lib/python3.10/dist-packages/point_cloud_transport_py/_point_cloud_transport.cpython-310-x86_64-linux-gnu.so
-- Set non-toolchain portion of runtime path of "/root/ros2_ws/ros2bag/install/point_cloud_transport_py/local/lib/python3.10/dist-packages/point_cloud_transport_py/_point_cloud_transport.cpython-310-x86_64-linux-gnu.so" to ""
-- Installing: /root/ros2_ws/ros2bag/install/point_cloud_transport_py/local/lib/python3.10/dist-packages/point_cloud_transport_py/_codec.cpython-310-x86_64-linux-gnu.so
-- Set non-toolchain portion of runtime path of "/root/ros2_ws/ros2bag/install/point_cloud_transport_py/local/lib/python3.10/dist-packages/point_cloud_transport_py/_codec.cpython-310-x86_64-linux-gnu.so" to ""
-- Installing: /root/ros2_ws/ros2bag/install/point_cloud_transport_py/share/ament_index/resource_index/package_run_dependencies/point_cloud_transport_py
-- Installing: /root/ros2_ws/ros2bag/install/point_cloud_transport_py/share/ament_index/resource_index/parent_prefix_path/point_cloud_transport_py
-- Installing: /root/ros2_ws/ros2bag/install/point_cloud_transport_py/share/point_cloud_transport_py/environment/ament_prefix_path.sh
-- Installing: /root/ros2_ws/ros2bag/install/point_cloud_transport_py/share/point_cloud_transport_py/environment/ament_prefix_path.dsv
-- Installing: /root/ros2_ws/ros2bag/install/point_cloud_transport_py/share/point_cloud_transport_py/environment/path.sh
-- Installing: /root/ros2_ws/ros2bag/install/point_cloud_transport_py/share/point_cloud_transport_py/environment/path.dsv
-- Installing: /root/ros2_ws/ros2bag/install/point_cloud_transport_py/share/point_cloud_transport_py/local_setup.bash
-- Installing: /root/ros2_ws/ros2bag/install/point_cloud_transport_py/share/point_cloud_transport_py/local_setup.sh
-- Installing: /root/ros2_ws/ros2bag/install/point_cloud_transport_py/share/point_cloud_transport_py/local_setup.zsh
-- Installing: /root/ros2_ws/ros2bag/install/point_cloud_transport_py/share/point_cloud_transport_py/local_setup.dsv
-- Installing: /root/ros2_ws/ros2bag/install/point_cloud_transport_py/share/point_cloud_transport_py/package.dsv
-- Installing: /root/ros2_ws/ros2bag/install/point_cloud_transport_py/share/ament_index/resource_index/packages/point_cloud_transport_py
-- Installing: /root/ros2_ws/ros2bag/install/point_cloud_transport_py/share/point_cloud_transport_py/cmake/point_cloud_transport_pyConfig.cmake
-- Installing: /root/ros2_ws/ros2bag/install/point_cloud_transport_py/share/point_cloud_transport_py/cmake/point_cloud_transport_pyConfig-version.cmake
-- Installing: /root/ros2_ws/ros2bag/install/point_cloud_transport_py/share/point_cloud_transport_py/package.xml
