[0.017s] Invoking command in '/root/ros2_ws/ros2bag/build/point_cloud_transport_py': AMENT_PREFIX_PATH=/root/ros2_ws/ros2bag/install/point_cloud_transport:${AMENT_PREFIX_PATH} CMAKE_PREFIX_PATH=/root/ros2_ws/ros2bag/install/point_cloud_transport:/opt/ros/humble LD_LIBRARY_PATH=/root/ros2_ws/ros2bag/install/point_cloud_transport/lib:${LD_LIBRARY_PATH} /usr/bin/cmake /root/ros2_ws/ros2bag/point_cloud_transport/point_cloud_transport_py -DCMAKE_INSTALL_PREFIX=/root/ros2_ws/ros2bag/install/point_cloud_transport_py
[0.087s] -- The C compiler identification is GNU 11.4.0
[0.158s] -- The CXX compiler identification is GNU 11.4.0
[0.171s] -- Detecting C compiler ABI info
[0.252s] -- Detecting C compiler ABI info - done
[0.273s] -- Check for working C compiler: /usr/bin/cc - skipped
[0.274s] -- Detecting C compile features
[0.275s] -- Detecting C compile features - done
[0.287s] -- Detecting CXX compiler ABI info
[0.388s] -- Detecting CXX compiler ABI info - done
[0.409s] -- Check for working CXX compiler: /usr/bin/c++ - skipped
[0.410s] -- Detecting CXX compile features
[0.410s] -- Detecting CXX compile features - done
[0.415s] -- Found ament_cmake: 1.3.10 (/opt/ros/humble/share/ament_cmake/cmake)
[0.605s] -- Found Python3: /usr/bin/python3 (found version "3.10.12") found components: Interpreter
[0.750s] -- Found ament_cmake_ros: 0.10.0 (/opt/ros/humble/share/ament_cmake_ros/cmake)
[0.762s] -- Found point_cloud_transport: 1.0.18 (/root/ros2_ws/ros2bag/install/point_cloud_transport/share/point_cloud_transport/cmake)
[0.839s] -- Found rosidl_generator_c: 3.1.5 (/opt/ros/humble/share/rosidl_generator_c/cmake)
[0.847s] -- Found rosidl_adapter: 3.1.5 (/opt/ros/humble/share/rosidl_adapter/cmake)
[0.860s] -- Found rosidl_generator_cpp: 3.1.5 (/opt/ros/humble/share/rosidl_generator_cpp/cmake)
[0.879s] -- Using all available rosidl_typesupport_c: rosidl_typesupport_fastrtps_c;rosidl_typesupport_introspection_c
[0.904s] -- Using all available rosidl_typesupport_cpp: rosidl_typesupport_fastrtps_cpp;rosidl_typesupport_introspection_cpp
[0.975s] -- Found rmw_implementation_cmake: 6.1.2 (/opt/ros/humble/share/rmw_implementation_cmake/cmake)
[0.980s] -- Found rmw_fastrtps_cpp: 6.2.7 (/opt/ros/humble/share/rmw_fastrtps_cpp/cmake)
[1.144s] -- Found OpenSSL: /usr/lib/x86_64-linux-gnu/libcrypto.so (found version "3.0.2")
[1.191s] -- Found FastRTPS: /opt/ros/humble/include
[1.265s] -- Using RMW implementation 'rmw_fastrtps_cpp' as default
[1.280s] -- Performing Test CMAKE_HAVE_LIBC_PTHREAD
[1.374s] -- Performing Test CMAKE_HAVE_LIBC_PTHREAD - Success
[1.376s] -- Found Threads: TRUE
[1.840s] -- Found Python3: /usr/bin/python3 (found version "3.10.12") found components: Interpreter Development Development.Module Development.Embed
[1.849s] -- Found pybind11_vendor: 2.4.2 (/opt/ros/humble/share/pybind11_vendor/cmake)
[1.917s] -- Performing Test HAS_FLTO
[2.091s] -- Performing Test HAS_FLTO - Success
[2.092s] -- Found pybind11: /usr/include (found version "2.9.1")
[2.345s] -- Configuring done (2.3s)
[2.384s] -- Generating done (0.0s)
[2.384s] -- Build files have been written to: /root/ros2_ws/ros2bag/build/point_cloud_transport_py
[2.407s] Invoked command in '/root/ros2_ws/ros2bag/build/point_cloud_transport_py' returned '0': AMENT_PREFIX_PATH=/root/ros2_ws/ros2bag/install/point_cloud_transport:${AMENT_PREFIX_PATH} CMAKE_PREFIX_PATH=/root/ros2_ws/ros2bag/install/point_cloud_transport:/opt/ros/humble LD_LIBRARY_PATH=/root/ros2_ws/ros2bag/install/point_cloud_transport/lib:${LD_LIBRARY_PATH} /usr/bin/cmake /root/ros2_ws/ros2bag/point_cloud_transport/point_cloud_transport_py -DCMAKE_INSTALL_PREFIX=/root/ros2_ws/ros2bag/install/point_cloud_transport_py
[2.409s] Invoking command in '/root/ros2_ws/ros2bag/build/point_cloud_transport_py': AMENT_PREFIX_PATH=/root/ros2_ws/ros2bag/install/point_cloud_transport:${AMENT_PREFIX_PATH} CMAKE_PREFIX_PATH=/root/ros2_ws/ros2bag/install/point_cloud_transport:/opt/ros/humble LD_LIBRARY_PATH=/root/ros2_ws/ros2bag/install/point_cloud_transport/lib:${LD_LIBRARY_PATH} /usr/bin/cmake --build /root/ros2_ws/ros2bag/build/point_cloud_transport_py -- -j8 -l8
[2.466s] [ 25%] [32mBuilding CXX object CMakeFiles/_point_cloud_transport.dir/src/point_cloud_transport_py/pybind_point_cloud_transport.cpp.o[0m
[2.466s] [ 50%] [32mBuilding CXX object CMakeFiles/_codec.dir/src/point_cloud_transport_py/pybind_codec.cpp.o[0m
[2.473s] [ 50%] Built target ament_cmake_python_copy_point_cloud_transport_py
[2.990s] running egg_info
[2.991s] creating point_cloud_transport_py.egg-info
[2.991s] writing point_cloud_transport_py.egg-info/PKG-INFO
[2.992s] writing dependency_links to point_cloud_transport_py.egg-info/dependency_links.txt
[2.993s] writing top-level names to point_cloud_transport_py.egg-info/top_level.txt
[2.993s] writing manifest file 'point_cloud_transport_py.egg-info/SOURCES.txt'
[2.996s] reading manifest file 'point_cloud_transport_py.egg-info/SOURCES.txt'
[2.997s] writing manifest file 'point_cloud_transport_py.egg-info/SOURCES.txt'
[3.042s] [ 50%] Built target ament_cmake_python_build_point_cloud_transport_py_egg
[10.133s] [ 75%] [32m[1mLinking CXX shared library _point_cloud_transport.cpython-310-x86_64-linux-gnu.so[0m
[11.661s] [100%] [32m[1mLinking CXX shared library _codec.cpython-310-x86_64-linux-gnu.so[0m
[14.125s] [100%] Built target _point_cloud_transport
[15.839s] [100%] Built target _codec
[15.856s] Invoked command in '/root/ros2_ws/ros2bag/build/point_cloud_transport_py' returned '0': AMENT_PREFIX_PATH=/root/ros2_ws/ros2bag/install/point_cloud_transport:${AMENT_PREFIX_PATH} CMAKE_PREFIX_PATH=/root/ros2_ws/ros2bag/install/point_cloud_transport:/opt/ros/humble LD_LIBRARY_PATH=/root/ros2_ws/ros2bag/install/point_cloud_transport/lib:${LD_LIBRARY_PATH} /usr/bin/cmake --build /root/ros2_ws/ros2bag/build/point_cloud_transport_py -- -j8 -l8
[15.920s] Invoking command in '/root/ros2_ws/ros2bag/build/point_cloud_transport_py': AMENT_PREFIX_PATH=/root/ros2_ws/ros2bag/install/point_cloud_transport:${AMENT_PREFIX_PATH} CMAKE_PREFIX_PATH=/root/ros2_ws/ros2bag/install/point_cloud_transport:/opt/ros/humble LD_LIBRARY_PATH=/root/ros2_ws/ros2bag/install/point_cloud_transport/lib:${LD_LIBRARY_PATH} /usr/bin/cmake --install /root/ros2_ws/ros2bag/build/point_cloud_transport_py
[15.928s] -- Install configuration: ""
[15.928s] -- Installing: /root/ros2_ws/ros2bag/install/point_cloud_transport_py/share/point_cloud_transport_py/environment/pythonpath.sh
[15.929s] -- Installing: /root/ros2_ws/ros2bag/install/point_cloud_transport_py/share/point_cloud_transport_py/environment/pythonpath.dsv
[15.929s] -- Installing: /root/ros2_ws/ros2bag/install/point_cloud_transport_py/local/lib/python3.10/dist-packages/point_cloud_transport_py-1.0.18-py3.10.egg-info
[15.929s] -- Installing: /root/ros2_ws/ros2bag/install/point_cloud_transport_py/local/lib/python3.10/dist-packages/point_cloud_transport_py-1.0.18-py3.10.egg-info/SOURCES.txt
[15.930s] -- Installing: /root/ros2_ws/ros2bag/install/point_cloud_transport_py/local/lib/python3.10/dist-packages/point_cloud_transport_py-1.0.18-py3.10.egg-info/PKG-INFO
[15.930s] -- Installing: /root/ros2_ws/ros2bag/install/point_cloud_transport_py/local/lib/python3.10/dist-packages/point_cloud_transport_py-1.0.18-py3.10.egg-info/top_level.txt
[15.930s] -- Installing: /root/ros2_ws/ros2bag/install/point_cloud_transport_py/local/lib/python3.10/dist-packages/point_cloud_transport_py-1.0.18-py3.10.egg-info/dependency_links.txt
[15.930s] -- Installing: /root/ros2_ws/ros2bag/install/point_cloud_transport_py/local/lib/python3.10/dist-packages/point_cloud_transport_py
[15.930s] -- Installing: /root/ros2_ws/ros2bag/install/point_cloud_transport_py/local/lib/python3.10/dist-packages/point_cloud_transport_py/__init__.py
[15.931s] -- Installing: /root/ros2_ws/ros2bag/install/point_cloud_transport_py/local/lib/python3.10/dist-packages/point_cloud_transport_py/common.py
[15.973s] Listing '/root/ros2_ws/ros2bag/install/point_cloud_transport_py/local/lib/python3.10/dist-packages/point_cloud_transport_py'...
[15.973s] Compiling '/root/ros2_ws/ros2bag/install/point_cloud_transport_py/local/lib/python3.10/dist-packages/point_cloud_transport_py/__init__.py'...
[15.973s] Compiling '/root/ros2_ws/ros2bag/install/point_cloud_transport_py/local/lib/python3.10/dist-packages/point_cloud_transport_py/common.py'...
[15.981s] -- Installing: /root/ros2_ws/ros2bag/install/point_cloud_transport_py/local/lib/python3.10/dist-packages/point_cloud_transport_py/_point_cloud_transport.cpython-310-x86_64-linux-gnu.so
[15.985s] -- Set non-toolchain portion of runtime path of "/root/ros2_ws/ros2bag/install/point_cloud_transport_py/local/lib/python3.10/dist-packages/point_cloud_transport_py/_point_cloud_transport.cpython-310-x86_64-linux-gnu.so" to ""
[15.985s] -- Installing: /root/ros2_ws/ros2bag/install/point_cloud_transport_py/local/lib/python3.10/dist-packages/point_cloud_transport_py/_codec.cpython-310-x86_64-linux-gnu.so
[15.989s] -- Set non-toolchain portion of runtime path of "/root/ros2_ws/ros2bag/install/point_cloud_transport_py/local/lib/python3.10/dist-packages/point_cloud_transport_py/_codec.cpython-310-x86_64-linux-gnu.so" to ""
[15.990s] -- Installing: /root/ros2_ws/ros2bag/install/point_cloud_transport_py/share/ament_index/resource_index/package_run_dependencies/point_cloud_transport_py
[15.991s] -- Installing: /root/ros2_ws/ros2bag/install/point_cloud_transport_py/share/ament_index/resource_index/parent_prefix_path/point_cloud_transport_py
[15.991s] -- Installing: /root/ros2_ws/ros2bag/install/point_cloud_transport_py/share/point_cloud_transport_py/environment/ament_prefix_path.sh
[15.992s] -- Installing: /root/ros2_ws/ros2bag/install/point_cloud_transport_py/share/point_cloud_transport_py/environment/ament_prefix_path.dsv
[15.993s] -- Installing: /root/ros2_ws/ros2bag/install/point_cloud_transport_py/share/point_cloud_transport_py/environment/path.sh
[15.993s] -- Installing: /root/ros2_ws/ros2bag/install/point_cloud_transport_py/share/point_cloud_transport_py/environment/path.dsv
[15.994s] -- Installing: /root/ros2_ws/ros2bag/install/point_cloud_transport_py/share/point_cloud_transport_py/local_setup.bash
[15.994s] -- Installing: /root/ros2_ws/ros2bag/install/point_cloud_transport_py/share/point_cloud_transport_py/local_setup.sh
[15.995s] -- Installing: /root/ros2_ws/ros2bag/install/point_cloud_transport_py/share/point_cloud_transport_py/local_setup.zsh
[15.996s] -- Installing: /root/ros2_ws/ros2bag/install/point_cloud_transport_py/share/point_cloud_transport_py/local_setup.dsv
[15.996s] -- Installing: /root/ros2_ws/ros2bag/install/point_cloud_transport_py/share/point_cloud_transport_py/package.dsv
[15.997s] -- Installing: /root/ros2_ws/ros2bag/install/point_cloud_transport_py/share/ament_index/resource_index/packages/point_cloud_transport_py
[15.998s] -- Installing: /root/ros2_ws/ros2bag/install/point_cloud_transport_py/share/point_cloud_transport_py/cmake/point_cloud_transport_pyConfig.cmake
[15.998s] -- Installing: /root/ros2_ws/ros2bag/install/point_cloud_transport_py/share/point_cloud_transport_py/cmake/point_cloud_transport_pyConfig-version.cmake
[15.999s] -- Installing: /root/ros2_ws/ros2bag/install/point_cloud_transport_py/share/point_cloud_transport_py/package.xml
[16.003s] Invoked command in '/root/ros2_ws/ros2bag/build/point_cloud_transport_py' returned '0': AMENT_PREFIX_PATH=/root/ros2_ws/ros2bag/install/point_cloud_transport:${AMENT_PREFIX_PATH} CMAKE_PREFIX_PATH=/root/ros2_ws/ros2bag/install/point_cloud_transport:/opt/ros/humble LD_LIBRARY_PATH=/root/ros2_ws/ros2bag/install/point_cloud_transport/lib:${LD_LIBRARY_PATH} /usr/bin/cmake --install /root/ros2_ws/ros2bag/build/point_cloud_transport_py
