-- The C compiler identification is GNU 11.4.0
-- The CXX compiler identification is GNU 11.4.0
-- Detecting C compiler ABI info
-- Detecting C compiler ABI info - done
-- Check for working C compiler: /usr/bin/cc - skipped
-- Detecting C compile features
-- Detecting C compile features - done
-- Detecting CXX compiler ABI info
-- Detecting CXX compiler ABI info - done
-- Check for working CXX compiler: /usr/bin/c++ - skipped
-- Detecting CXX compile features
-- Detecting CXX compile features - done
-- Found ament_cmake_ros: 0.10.0 (/opt/ros/humble/share/ament_cmake_ros/cmake)
-- Found Python3: /usr/bin/python3 (found version "3.10.12") found components: Interpreter
-- Found message_filters: 4.3.5 (/opt/ros/humble/share/message_filters/cmake)
-- Found rosidl_generator_c: 3.1.5 (/opt/ros/humble/share/rosidl_generator_c/cmake)
-- Found rosidl_adapter: 3.1.5 (/opt/ros/humble/share/rosidl_adapter/cmake)
-- Found rosidl_generator_cpp: 3.1.5 (/opt/ros/humble/share/rosidl_generator_cpp/cmake)
-- Using all available rosidl_typesupport_c: rosidl_typesupport_fastrtps_c;rosidl_typesupport_introspection_c
-- Using all available rosidl_typesupport_cpp: rosidl_typesupport_fastrtps_cpp;rosidl_typesupport_introspection_cpp
-- Found rmw_implementation_cmake: 6.1.2 (/opt/ros/humble/share/rmw_implementation_cmake/cmake)
-- Found rmw_fastrtps_cpp: 6.2.7 (/opt/ros/humble/share/rmw_fastrtps_cpp/cmake)
-- Found OpenSSL: /usr/lib/x86_64-linux-gnu/libcrypto.so (found version "3.0.2")
-- Found FastRTPS: /opt/ros/humble/include
-- Using RMW implementation 'rmw_fastrtps_cpp' as default
-- Performing Test CMAKE_HAVE_LIBC_PTHREAD
-- Performing Test CMAKE_HAVE_LIBC_PTHREAD - Success
-- Found Threads: TRUE
-- Found pluginlib: 5.1.0 (/opt/ros/humble/share/pluginlib/cmake)
-- Found rclcpp_components: 16.0.10 (/opt/ros/humble/share/rclcpp_components/cmake)
-- Found sensor_msgs: 4.2.4 (/opt/ros/humble/share/sensor_msgs/cmake)
-- Found ament_lint_auto: 0.12.11 (/opt/ros/humble/share/ament_lint_auto/cmake)
-- Found gtest sources under '/opt/ros/humble/src/gtest_vendor': C++ tests using 'Google Test' will be built
-- Added test 'copyright' to check source files copyright and LICENSE
-- Added test 'cppcheck' to perform static code analysis on C / C++ code
-- Configured cppcheck include dirs: $<BUILD_INTERFACE:/root/ros2_ws/ros2bag/point_cloud_transport/point_cloud_transport/include>
-- Configured cppcheck exclude dirs and/or files: 
-- Added test 'cpplint' to check C / C++ code against the Google style
-- Configured cpplint exclude dirs and/or files: 
-- Added test 'flake8' to check Python code syntax and style conventions
-- Added test 'lint_cmake' to check CMake code style
-- Added test 'pep257' to check Python code against some of the docstring style conventions in PEP 257
-- Added test 'uncrustify' to check C / C++ code style
-- Configured uncrustify additional arguments: 
-- Added test 'xmllint' to check XML markup files
-- Configuring done (2.0s)
-- Generating done (0.1s)
-- Build files have been written to: /root/ros2_ws/ros2bag/build/point_cloud_transport
[  7%] [32mBuilding CXX object CMakeFiles/republish.dir/rclcpp_components/node_main_republish.cpp.o[0m
[  7%] [32mBuilding CXX object CMakeFiles/point_cloud_transport.dir/src/point_cloud_codec.cpp.o[0m
[  7%] [32mBuilding CXX object gtest/CMakeFiles/gtest_main.dir/src/gtest_main.cc.o[0m
[ 10%] [32mBuilding CXX object gtest/CMakeFiles/gtest.dir/src/gtest-all.cc.o[0m
[ 12%] [32mBuilding CXX object CMakeFiles/point_cloud_transport.dir/src/point_cloud_transport.cpp.o[0m
[ 15%] [32mBuilding CXX object CMakeFiles/point_cloud_transport.dir/src/point_cloud_common.cpp.o[0m
[ 17%] [32mBuilding CXX object CMakeFiles/point_cloud_transport.dir/src/publisher.cpp.o[0m
[ 20%] [32mBuilding CXX object CMakeFiles/point_cloud_transport.dir/src/publisher_plugin.cpp.o[0m
[ 23%] [32mBuilding CXX object CMakeFiles/point_cloud_transport.dir/src/raw_subscriber.cpp.o[0m
[ 25%] [32m[1mLinking CXX static library libgtest_main.a[0m
[ 25%] Built target gtest_main
[ 28%] [32mBuilding CXX object CMakeFiles/point_cloud_transport.dir/src/single_subscriber_publisher.cpp.o[0m
[ 30%] [32mBuilding CXX object CMakeFiles/point_cloud_transport.dir/src/subscriber.cpp.o[0m
[ 33%] [32m[1mLinking CXX executable republish[0m
[ 33%] Built target republish
[ 35%] [32m[1mLinking CXX static library libgtest.a[0m
[ 35%] Built target gtest
[ 38%] [32m[1mLinking CXX shared library libpoint_cloud_transport.so[0m
[ 38%] Built target point_cloud_transport
[ 41%] [32mBuilding CXX object CMakeFiles/point_cloud_transport_plugins.dir/src/manifest.cpp.o[0m
[ 43%] [32mBuilding CXX object CMakeFiles/point_cloud_transport-publisher.dir/test/test_publisher.cpp.o[0m
[ 46%] [32mBuilding CXX object CMakeFiles/point_cloud_transport-point_cloud_common.dir/test/test_point_cloud_common.cpp.o[0m
[ 48%] [32mBuilding CXX object CMakeFiles/pc_republish_node.dir/src/republish.cpp.o[0m
[ 51%] [32mBuilding CXX object CMakeFiles/list_transports.dir/src/list_transports.cpp.o[0m
[ 53%] [32mBuilding CXX object CMakeFiles/point_cloud_transport-codec.dir/test/test_point_cloud_codec.cpp.o[0m
[ 56%] [32mBuilding CXX object CMakeFiles/point_cloud_transport-subscriber.dir/test/test_subscriber.cpp.o[0m
[ 58%] [32mBuilding CXX object CMakeFiles/point_cloud_transport-message_passing.dir/test/test_message_passing.cpp.o[0m
[ 61%] [32m[1mLinking CXX executable point_cloud_transport-point_cloud_common[0m
[ 61%] Built target point_cloud_transport-point_cloud_common
[ 64%] [32mBuilding CXX object CMakeFiles/point_cloud_transport-qos_override.dir/test/test_qos_override.cpp.o[0m
[ 66%] [32m[1mLinking CXX executable point_cloud_transport-message_passing[0m
[ 69%] [32m[1mLinking CXX executable point_cloud_transport-subscriber[0m
[ 71%] [32m[1mLinking CXX executable point_cloud_transport-publisher[0m
[ 71%] Built target point_cloud_transport-message_passing
[ 74%] [32mBuilding CXX object CMakeFiles/point_cloud_transport-remapping.dir/test/test_remapping.cpp.o[0m
[ 74%] Built target point_cloud_transport-subscriber
[ 76%] [32mBuilding CXX object CMakeFiles/point_cloud_transport-message-filter.dir/test/test_message_filter.cpp.o[0m
[ 79%] [32m[1mLinking CXX executable point_cloud_transport-codec[0m
[ 79%] Built target point_cloud_transport-publisher
[ 82%] [32m[1mLinking CXX shared library libpc_republish_node.so[0m
[ 84%] [32mBuilding CXX object CMakeFiles/point_cloud_transport-single_subscriber_publisher.dir/test/test_single_subscriber_publisher.cpp.o[0m
[ 87%] [32m[1mLinking CXX executable list_transports[0m
[ 87%] Built target point_cloud_transport-codec
[ 87%] Built target pc_republish_node
[ 87%] Built target list_transports
[ 89%] [32m[1mLinking CXX executable point_cloud_transport-qos_override[0m
[ 89%] Built target point_cloud_transport-qos_override
[ 92%] [32m[1mLinking CXX executable point_cloud_transport-remapping[0m
[ 94%] [32m[1mLinking CXX executable point_cloud_transport-single_subscriber_publisher[0m
[ 94%] Built target point_cloud_transport-remapping
[ 97%] [32m[1mLinking CXX executable point_cloud_transport-message-filter[0m
[ 97%] Built target point_cloud_transport-single_subscriber_publisher
[ 97%] Built target point_cloud_transport-message-filter
[100%] [32m[1mLinking CXX shared library libpoint_cloud_transport_plugins.so[0m
[100%] Built target point_cloud_transport_plugins
-- Install configuration: ""
-- Installing: /root/ros2_ws/ros2bag/install/point_cloud_transport/lib/point_cloud_transport/republish
-- Set non-toolchain portion of runtime path of "/root/ros2_ws/ros2bag/install/point_cloud_transport/lib/point_cloud_transport/republish" to ""
-- Installing: /root/ros2_ws/ros2bag/install/point_cloud_transport/share/point_cloud_transport/default_plugins.xml
-- Installing: /root/ros2_ws/ros2bag/install/point_cloud_transport/lib/libpoint_cloud_transport.so
-- Set non-toolchain portion of runtime path of "/root/ros2_ws/ros2bag/install/point_cloud_transport/lib/libpoint_cloud_transport.so" to ""
-- Installing: /root/ros2_ws/ros2bag/install/point_cloud_transport/lib/libpoint_cloud_transport_plugins.so
-- Set non-toolchain portion of runtime path of "/root/ros2_ws/ros2bag/install/point_cloud_transport/lib/libpoint_cloud_transport_plugins.so" to ""
-- Installing: /root/ros2_ws/ros2bag/install/point_cloud_transport/lib/libpc_republish_node.so
-- Set non-toolchain portion of runtime path of "/root/ros2_ws/ros2bag/install/point_cloud_transport/lib/libpc_republish_node.so" to ""
-- Up-to-date: /root/ros2_ws/ros2bag/install/point_cloud_transport/lib/libpoint_cloud_transport.so
-- Installing: /root/ros2_ws/ros2bag/install/point_cloud_transport/lib/point_cloud_transport/list_transports
-- Set non-toolchain portion of runtime path of "/root/ros2_ws/ros2bag/install/point_cloud_transport/lib/point_cloud_transport/list_transports" to ""
-- Installing: /root/ros2_ws/ros2bag/install/point_cloud_transport/include/point_cloud_transport
-- Installing: /root/ros2_ws/ros2bag/install/point_cloud_transport/include/point_cloud_transport/point_cloud_transport
-- Installing: /root/ros2_ws/ros2bag/install/point_cloud_transport/include/point_cloud_transport/point_cloud_transport/point_cloud_common.hpp
-- Installing: /root/ros2_ws/ros2bag/install/point_cloud_transport/include/point_cloud_transport/point_cloud_transport/transport_hints.hpp
-- Installing: /root/ros2_ws/ros2bag/install/point_cloud_transport/include/point_cloud_transport/point_cloud_transport/raw_publisher.hpp
-- Installing: /root/ros2_ws/ros2bag/install/point_cloud_transport/include/point_cloud_transport/point_cloud_transport/visibility_control.hpp
-- Installing: /root/ros2_ws/ros2bag/install/point_cloud_transport/include/point_cloud_transport/point_cloud_transport/point_cloud_codec.hpp
-- Installing: /root/ros2_ws/ros2bag/install/point_cloud_transport/include/point_cloud_transport/point_cloud_transport/exception.hpp
-- Installing: /root/ros2_ws/ros2bag/install/point_cloud_transport/include/point_cloud_transport/point_cloud_transport/single_subscriber_publisher.hpp
-- Installing: /root/ros2_ws/ros2bag/install/point_cloud_transport/include/point_cloud_transport/point_cloud_transport/loader_fwds.hpp
-- Installing: /root/ros2_ws/ros2bag/install/point_cloud_transport/include/point_cloud_transport/point_cloud_transport/publisher.hpp
-- Installing: /root/ros2_ws/ros2bag/install/point_cloud_transport/include/point_cloud_transport/point_cloud_transport/raw_subscriber.hpp
-- Installing: /root/ros2_ws/ros2bag/install/point_cloud_transport/include/point_cloud_transport/point_cloud_transport/simple_subscriber_plugin.hpp
-- Installing: /root/ros2_ws/ros2bag/install/point_cloud_transport/include/point_cloud_transport/point_cloud_transport/point_cloud_transport.hpp
-- Installing: /root/ros2_ws/ros2bag/install/point_cloud_transport/include/point_cloud_transport/point_cloud_transport/republish.hpp
-- Installing: /root/ros2_ws/ros2bag/install/point_cloud_transport/include/point_cloud_transport/point_cloud_transport/publisher_plugin.hpp
-- Installing: /root/ros2_ws/ros2bag/install/point_cloud_transport/include/point_cloud_transport/point_cloud_transport/subscriber_filter.hpp
-- Installing: /root/ros2_ws/ros2bag/install/point_cloud_transport/include/point_cloud_transport/point_cloud_transport/subscriber_plugin.hpp
-- Installing: /root/ros2_ws/ros2bag/install/point_cloud_transport/include/point_cloud_transport/point_cloud_transport/subscriber.hpp
-- Installing: /root/ros2_ws/ros2bag/install/point_cloud_transport/include/point_cloud_transport/point_cloud_transport/simple_publisher_plugin.hpp
-- Installing: /root/ros2_ws/ros2bag/install/point_cloud_transport/share/ament_index/resource_index/package_run_dependencies/point_cloud_transport
-- Installing: /root/ros2_ws/ros2bag/install/point_cloud_transport/share/ament_index/resource_index/parent_prefix_path/point_cloud_transport
-- Installing: /root/ros2_ws/ros2bag/install/point_cloud_transport/share/point_cloud_transport/environment/ament_prefix_path.sh
-- Installing: /root/ros2_ws/ros2bag/install/point_cloud_transport/share/point_cloud_transport/environment/ament_prefix_path.dsv
-- Installing: /root/ros2_ws/ros2bag/install/point_cloud_transport/share/point_cloud_transport/environment/path.sh
-- Installing: /root/ros2_ws/ros2bag/install/point_cloud_transport/share/point_cloud_transport/environment/path.dsv
-- Installing: /root/ros2_ws/ros2bag/install/point_cloud_transport/share/point_cloud_transport/local_setup.bash
-- Installing: /root/ros2_ws/ros2bag/install/point_cloud_transport/share/point_cloud_transport/local_setup.sh
-- Installing: /root/ros2_ws/ros2bag/install/point_cloud_transport/share/point_cloud_transport/local_setup.zsh
-- Installing: /root/ros2_ws/ros2bag/install/point_cloud_transport/share/point_cloud_transport/local_setup.dsv
-- Installing: /root/ros2_ws/ros2bag/install/point_cloud_transport/share/point_cloud_transport/package.dsv
-- Installing: /root/ros2_ws/ros2bag/install/point_cloud_transport/share/ament_index/resource_index/packages/point_cloud_transport
-- Installing: /root/ros2_ws/ros2bag/install/point_cloud_transport/share/ament_index/resource_index/point_cloud_transport__pluginlib__plugin/point_cloud_transport
-- Installing: /root/ros2_ws/ros2bag/install/point_cloud_transport/share/ament_index/resource_index/rclcpp_components/point_cloud_transport
-- Installing: /root/ros2_ws/ros2bag/install/point_cloud_transport/share/point_cloud_transport/cmake/export_point_cloud_transportExport.cmake
-- Installing: /root/ros2_ws/ros2bag/install/point_cloud_transport/share/point_cloud_transport/cmake/export_point_cloud_transportExport-noconfig.cmake
-- Installing: /root/ros2_ws/ros2bag/install/point_cloud_transport/share/point_cloud_transport/cmake/ament_cmake_export_include_directories-extras.cmake
-- Installing: /root/ros2_ws/ros2bag/install/point_cloud_transport/share/point_cloud_transport/cmake/ament_cmake_export_targets-extras.cmake
-- Installing: /root/ros2_ws/ros2bag/install/point_cloud_transport/share/point_cloud_transport/cmake/ament_cmake_export_dependencies-extras.cmake
-- Installing: /root/ros2_ws/ros2bag/install/point_cloud_transport/share/point_cloud_transport/cmake/point_cloud_transportConfig.cmake
-- Installing: /root/ros2_ws/ros2bag/install/point_cloud_transport/share/point_cloud_transport/cmake/point_cloud_transportConfig-version.cmake
-- Installing: /root/ros2_ws/ros2bag/install/point_cloud_transport/share/point_cloud_transport/package.xml
