[0.018s] Invoking command in '/root/ros2_ws/ros2bag/build/point_cloud_transport': CMAKE_PREFIX_PATH=/opt/ros/humble /usr/bin/cmake /root/ros2_ws/ros2bag/point_cloud_transport/point_cloud_transport -DCMAKE_INSTALL_PREFIX=/root/ros2_ws/ros2bag/install/point_cloud_transport
[0.087s] -- The C compiler identification is GNU 11.4.0
[0.165s] -- The CXX compiler identification is GNU 11.4.0
[0.183s] -- Detecting C compiler ABI info
[0.273s] -- Detecting C compiler ABI info - done
[0.292s] -- Check for working C compiler: /usr/bin/cc - skipped
[0.293s] -- Detecting C compile features
[0.293s] -- Detecting C compile features - done
[0.298s] -- Detecting CXX compiler ABI info
[0.393s] -- Detecting CXX compiler ABI info - done
[0.416s] -- Check for working CXX compiler: /usr/bin/c++ - skipped
[0.416s] -- Detecting CXX compile features
[0.417s] -- Detecting CXX compile features - done
[0.421s] -- Found ament_cmake_ros: 0.10.0 (/opt/ros/humble/share/ament_cmake_ros/cmake)
[0.621s] -- Found Python3: /usr/bin/python3 (found version "3.10.12") found components: Interpreter
[0.782s] -- Found message_filters: 4.3.5 (/opt/ros/humble/share/message_filters/cmake)
[0.848s] -- Found rosidl_generator_c: 3.1.5 (/opt/ros/humble/share/rosidl_generator_c/cmake)
[0.856s] -- Found rosidl_adapter: 3.1.5 (/opt/ros/humble/share/rosidl_adapter/cmake)
[0.868s] -- Found rosidl_generator_cpp: 3.1.5 (/opt/ros/humble/share/rosidl_generator_cpp/cmake)
[0.887s] -- Using all available rosidl_typesupport_c: rosidl_typesupport_fastrtps_c;rosidl_typesupport_introspection_c
[0.911s] -- Using all available rosidl_typesupport_cpp: rosidl_typesupport_fastrtps_cpp;rosidl_typesupport_introspection_cpp
[0.980s] -- Found rmw_implementation_cmake: 6.1.2 (/opt/ros/humble/share/rmw_implementation_cmake/cmake)
[0.984s] -- Found rmw_fastrtps_cpp: 6.2.7 (/opt/ros/humble/share/rmw_fastrtps_cpp/cmake)
[1.114s] -- Found OpenSSL: /usr/lib/x86_64-linux-gnu/libcrypto.so (found version "3.0.2")
[1.166s] -- Found FastRTPS: /opt/ros/humble/include
[1.240s] -- Using RMW implementation 'rmw_fastrtps_cpp' as default
[1.254s] -- Performing Test CMAKE_HAVE_LIBC_PTHREAD
[1.369s] -- Performing Test CMAKE_HAVE_LIBC_PTHREAD - Success
[1.373s] -- Found Threads: TRUE
[1.483s] -- Found pluginlib: 5.1.0 (/opt/ros/humble/share/pluginlib/cmake)
[1.532s] -- Found rclcpp_components: 16.0.10 (/opt/ros/humble/share/rclcpp_components/cmake)
[1.563s] -- Found sensor_msgs: 4.2.4 (/opt/ros/humble/share/sensor_msgs/cmake)
[1.618s] -- Found ament_lint_auto: 0.12.11 (/opt/ros/humble/share/ament_lint_auto/cmake)
[1.729s] -- Found gtest sources under '/opt/ros/humble/src/gtest_vendor': C++ tests using 'Google Test' will be built
[1.763s] -- Added test 'copyright' to check source files copyright and LICENSE
[1.826s] -- Added test 'cppcheck' to perform static code analysis on C / C++ code
[1.826s] -- Configured cppcheck include dirs: $<BUILD_INTERFACE:/root/ros2_ws/ros2bag/point_cloud_transport/point_cloud_transport/include>
[1.826s] -- Configured cppcheck exclude dirs and/or files: 
[1.890s] -- Added test 'cpplint' to check C / C++ code against the Google style
[1.890s] -- Configured cpplint exclude dirs and/or files: 
[1.899s] -- Added test 'flake8' to check Python code syntax and style conventions
[1.915s] -- Added test 'lint_cmake' to check CMake code style
[1.923s] -- Added test 'pep257' to check Python code against some of the docstring style conventions in PEP 257
[1.987s] -- Added test 'uncrustify' to check C / C++ code style
[1.987s] -- Configured uncrustify additional arguments: 
[1.996s] -- Added test 'xmllint' to check XML markup files
[1.999s] -- Configuring done (2.0s)
[2.116s] -- Generating done (0.1s)
[2.117s] -- Build files have been written to: /root/ros2_ws/ros2bag/build/point_cloud_transport
[2.135s] Invoked command in '/root/ros2_ws/ros2bag/build/point_cloud_transport' returned '0': CMAKE_PREFIX_PATH=/opt/ros/humble /usr/bin/cmake /root/ros2_ws/ros2bag/point_cloud_transport/point_cloud_transport -DCMAKE_INSTALL_PREFIX=/root/ros2_ws/ros2bag/install/point_cloud_transport
[2.137s] Invoking command in '/root/ros2_ws/ros2bag/build/point_cloud_transport': CMAKE_PREFIX_PATH=/opt/ros/humble /usr/bin/cmake --build /root/ros2_ws/ros2bag/build/point_cloud_transport -- -j8 -l8
[2.189s] [  7%] [32mBuilding CXX object CMakeFiles/republish.dir/rclcpp_components/node_main_republish.cpp.o[0m
[2.190s] [  7%] [32mBuilding CXX object CMakeFiles/point_cloud_transport.dir/src/point_cloud_codec.cpp.o[0m
[2.190s] [  7%] [32mBuilding CXX object gtest/CMakeFiles/gtest_main.dir/src/gtest_main.cc.o[0m
[2.190s] [ 10%] [32mBuilding CXX object gtest/CMakeFiles/gtest.dir/src/gtest-all.cc.o[0m
[2.190s] [ 12%] [32mBuilding CXX object CMakeFiles/point_cloud_transport.dir/src/point_cloud_transport.cpp.o[0m
[2.195s] [ 15%] [32mBuilding CXX object CMakeFiles/point_cloud_transport.dir/src/point_cloud_common.cpp.o[0m
[2.195s] [ 17%] [32mBuilding CXX object CMakeFiles/point_cloud_transport.dir/src/publisher.cpp.o[0m
[2.195s] [ 20%] [32mBuilding CXX object CMakeFiles/point_cloud_transport.dir/src/publisher_plugin.cpp.o[0m
[2.999s] [ 23%] [32mBuilding CXX object CMakeFiles/point_cloud_transport.dir/src/raw_subscriber.cpp.o[0m
[5.218s] [ 25%] [32m[1mLinking CXX static library libgtest_main.a[0m
[5.517s] [ 25%] Built target gtest_main
[5.539s] [ 28%] [32mBuilding CXX object CMakeFiles/point_cloud_transport.dir/src/single_subscriber_publisher.cpp.o[0m
[7.289s] [ 30%] [32mBuilding CXX object CMakeFiles/point_cloud_transport.dir/src/subscriber.cpp.o[0m
[12.867s] [ 33%] [32m[1mLinking CXX executable republish[0m
[13.366s] [ 33%] Built target republish
[13.768s] [ 35%] [32m[1mLinking CXX static library libgtest.a[0m
[13.929s] [ 35%] Built target gtest
[20.245s] [ 38%] [32m[1mLinking CXX shared library libpoint_cloud_transport.so[0m
[21.234s] [ 38%] Built target point_cloud_transport
[21.266s] [ 41%] [32mBuilding CXX object CMakeFiles/point_cloud_transport_plugins.dir/src/manifest.cpp.o[0m
[21.266s] [ 43%] [32mBuilding CXX object CMakeFiles/point_cloud_transport-publisher.dir/test/test_publisher.cpp.o[0m
[21.267s] [ 46%] [32mBuilding CXX object CMakeFiles/point_cloud_transport-point_cloud_common.dir/test/test_point_cloud_common.cpp.o[0m
[21.267s] [ 48%] [32mBuilding CXX object CMakeFiles/pc_republish_node.dir/src/republish.cpp.o[0m
[21.275s] [ 51%] [32mBuilding CXX object CMakeFiles/list_transports.dir/src/list_transports.cpp.o[0m
[21.277s] [ 53%] [32mBuilding CXX object CMakeFiles/point_cloud_transport-codec.dir/test/test_point_cloud_codec.cpp.o[0m
[21.278s] [ 56%] [32mBuilding CXX object CMakeFiles/point_cloud_transport-subscriber.dir/test/test_subscriber.cpp.o[0m
[21.279s] [ 58%] [32mBuilding CXX object CMakeFiles/point_cloud_transport-message_passing.dir/test/test_message_passing.cpp.o[0m
[26.129s] [ 61%] [32m[1mLinking CXX executable point_cloud_transport-point_cloud_common[0m
[28.259s] [ 61%] Built target point_cloud_transport-point_cloud_common
[28.328s] [ 64%] [32mBuilding CXX object CMakeFiles/point_cloud_transport-qos_override.dir/test/test_qos_override.cpp.o[0m
[34.292s] [ 66%] [32m[1mLinking CXX executable point_cloud_transport-message_passing[0m
[34.801s] [ 69%] [32m[1mLinking CXX executable point_cloud_transport-subscriber[0m
[35.301s] [ 71%] [32m[1mLinking CXX executable point_cloud_transport-publisher[0m
[35.548s] [ 71%] Built target point_cloud_transport-message_passing
[35.614s] [ 74%] [32mBuilding CXX object CMakeFiles/point_cloud_transport-remapping.dir/test/test_remapping.cpp.o[0m
[36.171s] [ 74%] Built target point_cloud_transport-subscriber
[36.219s] [ 76%] [32mBuilding CXX object CMakeFiles/point_cloud_transport-message-filter.dir/test/test_message_filter.cpp.o[0m
[36.308s] [ 79%] [32m[1mLinking CXX executable point_cloud_transport-codec[0m
[36.730s] [ 79%] Built target point_cloud_transport-publisher
[36.770s] [ 82%] [32m[1mLinking CXX shared library libpc_republish_node.so[0m
[36.776s] [ 84%] [32mBuilding CXX object CMakeFiles/point_cloud_transport-single_subscriber_publisher.dir/test/test_single_subscriber_publisher.cpp.o[0m
[37.009s] [ 87%] [32m[1mLinking CXX executable list_transports[0m
[37.732s] [ 87%] Built target point_cloud_transport-codec
[37.840s] [ 87%] Built target pc_republish_node
[38.210s] [ 87%] Built target list_transports
[40.079s] [ 89%] [32m[1mLinking CXX executable point_cloud_transport-qos_override[0m
[40.718s] [ 89%] Built target point_cloud_transport-qos_override
[42.284s] [ 92%] [32m[1mLinking CXX executable point_cloud_transport-remapping[0m
[42.578s] [ 94%] [32m[1mLinking CXX executable point_cloud_transport-single_subscriber_publisher[0m
[43.011s] [ 94%] Built target point_cloud_transport-remapping
[43.161s] [ 97%] [32m[1mLinking CXX executable point_cloud_transport-message-filter[0m
[43.237s] [ 97%] Built target point_cloud_transport-single_subscriber_publisher
[43.456s] [ 97%] Built target point_cloud_transport-message-filter
[44.309s] [100%] [32m[1mLinking CXX shared library libpoint_cloud_transport_plugins.so[0m
[45.005s] [100%] Built target point_cloud_transport_plugins
[45.016s] Invoked command in '/root/ros2_ws/ros2bag/build/point_cloud_transport' returned '0': CMAKE_PREFIX_PATH=/opt/ros/humble /usr/bin/cmake --build /root/ros2_ws/ros2bag/build/point_cloud_transport -- -j8 -l8
[45.229s] Invoking command in '/root/ros2_ws/ros2bag/build/point_cloud_transport': CMAKE_PREFIX_PATH=/opt/ros/humble /usr/bin/cmake --install /root/ros2_ws/ros2bag/build/point_cloud_transport
[45.237s] -- Install configuration: ""
[45.237s] -- Installing: /root/ros2_ws/ros2bag/install/point_cloud_transport/lib/point_cloud_transport/republish
[45.238s] -- Set non-toolchain portion of runtime path of "/root/ros2_ws/ros2bag/install/point_cloud_transport/lib/point_cloud_transport/republish" to ""
[45.238s] -- Installing: /root/ros2_ws/ros2bag/install/point_cloud_transport/share/point_cloud_transport/default_plugins.xml
[45.239s] -- Installing: /root/ros2_ws/ros2bag/install/point_cloud_transport/lib/libpoint_cloud_transport.so
[45.250s] -- Set non-toolchain portion of runtime path of "/root/ros2_ws/ros2bag/install/point_cloud_transport/lib/libpoint_cloud_transport.so" to ""
[45.250s] -- Installing: /root/ros2_ws/ros2bag/install/point_cloud_transport/lib/libpoint_cloud_transport_plugins.so
[45.258s] -- Set non-toolchain portion of runtime path of "/root/ros2_ws/ros2bag/install/point_cloud_transport/lib/libpoint_cloud_transport_plugins.so" to ""
[45.259s] -- Installing: /root/ros2_ws/ros2bag/install/point_cloud_transport/lib/libpc_republish_node.so
[45.260s] -- Set non-toolchain portion of runtime path of "/root/ros2_ws/ros2bag/install/point_cloud_transport/lib/libpc_republish_node.so" to ""
[45.260s] -- Up-to-date: /root/ros2_ws/ros2bag/install/point_cloud_transport/lib/libpoint_cloud_transport.so
[45.261s] -- Installing: /root/ros2_ws/ros2bag/install/point_cloud_transport/lib/point_cloud_transport/list_transports
[45.263s] -- Set non-toolchain portion of runtime path of "/root/ros2_ws/ros2bag/install/point_cloud_transport/lib/point_cloud_transport/list_transports" to ""
[45.263s] -- Installing: /root/ros2_ws/ros2bag/install/point_cloud_transport/include/point_cloud_transport
[45.263s] -- Installing: /root/ros2_ws/ros2bag/install/point_cloud_transport/include/point_cloud_transport/point_cloud_transport
[45.264s] -- Installing: /root/ros2_ws/ros2bag/install/point_cloud_transport/include/point_cloud_transport/point_cloud_transport/point_cloud_common.hpp
[45.264s] -- Installing: /root/ros2_ws/ros2bag/install/point_cloud_transport/include/point_cloud_transport/point_cloud_transport/transport_hints.hpp
[45.264s] -- Installing: /root/ros2_ws/ros2bag/install/point_cloud_transport/include/point_cloud_transport/point_cloud_transport/raw_publisher.hpp
[45.264s] -- Installing: /root/ros2_ws/ros2bag/install/point_cloud_transport/include/point_cloud_transport/point_cloud_transport/visibility_control.hpp
[45.265s] -- Installing: /root/ros2_ws/ros2bag/install/point_cloud_transport/include/point_cloud_transport/point_cloud_transport/point_cloud_codec.hpp
[45.265s] -- Installing: /root/ros2_ws/ros2bag/install/point_cloud_transport/include/point_cloud_transport/point_cloud_transport/exception.hpp
[45.265s] -- Installing: /root/ros2_ws/ros2bag/install/point_cloud_transport/include/point_cloud_transport/point_cloud_transport/single_subscriber_publisher.hpp
[45.265s] -- Installing: /root/ros2_ws/ros2bag/install/point_cloud_transport/include/point_cloud_transport/point_cloud_transport/loader_fwds.hpp
[45.266s] -- Installing: /root/ros2_ws/ros2bag/install/point_cloud_transport/include/point_cloud_transport/point_cloud_transport/publisher.hpp
[45.266s] -- Installing: /root/ros2_ws/ros2bag/install/point_cloud_transport/include/point_cloud_transport/point_cloud_transport/raw_subscriber.hpp
[45.266s] -- Installing: /root/ros2_ws/ros2bag/install/point_cloud_transport/include/point_cloud_transport/point_cloud_transport/simple_subscriber_plugin.hpp
[45.266s] -- Installing: /root/ros2_ws/ros2bag/install/point_cloud_transport/include/point_cloud_transport/point_cloud_transport/point_cloud_transport.hpp
[45.267s] -- Installing: /root/ros2_ws/ros2bag/install/point_cloud_transport/include/point_cloud_transport/point_cloud_transport/republish.hpp
[45.267s] -- Installing: /root/ros2_ws/ros2bag/install/point_cloud_transport/include/point_cloud_transport/point_cloud_transport/publisher_plugin.hpp
[45.267s] -- Installing: /root/ros2_ws/ros2bag/install/point_cloud_transport/include/point_cloud_transport/point_cloud_transport/subscriber_filter.hpp
[45.267s] -- Installing: /root/ros2_ws/ros2bag/install/point_cloud_transport/include/point_cloud_transport/point_cloud_transport/subscriber_plugin.hpp
[45.268s] -- Installing: /root/ros2_ws/ros2bag/install/point_cloud_transport/include/point_cloud_transport/point_cloud_transport/subscriber.hpp
[45.268s] -- Installing: /root/ros2_ws/ros2bag/install/point_cloud_transport/include/point_cloud_transport/point_cloud_transport/simple_publisher_plugin.hpp
[45.268s] -- Installing: /root/ros2_ws/ros2bag/install/point_cloud_transport/share/ament_index/resource_index/package_run_dependencies/point_cloud_transport
[45.269s] -- Installing: /root/ros2_ws/ros2bag/install/point_cloud_transport/share/ament_index/resource_index/parent_prefix_path/point_cloud_transport
[45.269s] -- Installing: /root/ros2_ws/ros2bag/install/point_cloud_transport/share/point_cloud_transport/environment/ament_prefix_path.sh
[45.269s] -- Installing: /root/ros2_ws/ros2bag/install/point_cloud_transport/share/point_cloud_transport/environment/ament_prefix_path.dsv
[45.270s] -- Installing: /root/ros2_ws/ros2bag/install/point_cloud_transport/share/point_cloud_transport/environment/path.sh
[45.270s] -- Installing: /root/ros2_ws/ros2bag/install/point_cloud_transport/share/point_cloud_transport/environment/path.dsv
[45.270s] -- Installing: /root/ros2_ws/ros2bag/install/point_cloud_transport/share/point_cloud_transport/local_setup.bash
[45.270s] -- Installing: /root/ros2_ws/ros2bag/install/point_cloud_transport/share/point_cloud_transport/local_setup.sh
[45.271s] -- Installing: /root/ros2_ws/ros2bag/install/point_cloud_transport/share/point_cloud_transport/local_setup.zsh
[45.271s] -- Installing: /root/ros2_ws/ros2bag/install/point_cloud_transport/share/point_cloud_transport/local_setup.dsv
[45.271s] -- Installing: /root/ros2_ws/ros2bag/install/point_cloud_transport/share/point_cloud_transport/package.dsv
[45.271s] -- Installing: /root/ros2_ws/ros2bag/install/point_cloud_transport/share/ament_index/resource_index/packages/point_cloud_transport
[45.272s] -- Installing: /root/ros2_ws/ros2bag/install/point_cloud_transport/share/ament_index/resource_index/point_cloud_transport__pluginlib__plugin/point_cloud_transport
[45.272s] -- Installing: /root/ros2_ws/ros2bag/install/point_cloud_transport/share/ament_index/resource_index/rclcpp_components/point_cloud_transport
[45.272s] -- Installing: /root/ros2_ws/ros2bag/install/point_cloud_transport/share/point_cloud_transport/cmake/export_point_cloud_transportExport.cmake
[45.273s] -- Installing: /root/ros2_ws/ros2bag/install/point_cloud_transport/share/point_cloud_transport/cmake/export_point_cloud_transportExport-noconfig.cmake
[45.273s] -- Installing: /root/ros2_ws/ros2bag/install/point_cloud_transport/share/point_cloud_transport/cmake/ament_cmake_export_include_directories-extras.cmake
[45.273s] -- Installing: /root/ros2_ws/ros2bag/install/point_cloud_transport/share/point_cloud_transport/cmake/ament_cmake_export_targets-extras.cmake
[45.273s] -- Installing: /root/ros2_ws/ros2bag/install/point_cloud_transport/share/point_cloud_transport/cmake/ament_cmake_export_dependencies-extras.cmake
[45.274s] -- Installing: /root/ros2_ws/ros2bag/install/point_cloud_transport/share/point_cloud_transport/cmake/point_cloud_transportConfig.cmake
[45.274s] -- Installing: /root/ros2_ws/ros2bag/install/point_cloud_transport/share/point_cloud_transport/cmake/point_cloud_transportConfig-version.cmake
[45.274s] -- Installing: /root/ros2_ws/ros2bag/install/point_cloud_transport/share/point_cloud_transport/package.xml
[45.277s] Invoked command in '/root/ros2_ws/ros2bag/build/point_cloud_transport' returned '0': CMAKE_PREFIX_PATH=/opt/ros/humble /usr/bin/cmake --install /root/ros2_ws/ros2bag/build/point_cloud_transport
