[0.149s] DEBUG:colcon:Command line arguments: ['/usr/bin/colcon', 'build', '--packages-select', 'point_cloud_transport']
[0.149s] DEBUG:colcon:Parsed command line arguments: Namespace(log_base=None, log_level=None, verb_name='build', build_base='build', install_base='install', merge_install=False, symlink_install=False, test_result_base=None, continue_on_error=False, executor='parallel', parallel_workers=8, event_handlers=None, ignore_user_meta=False, metas=['./colcon.meta'], base_paths=['.'], packages_ignore=None, packages_ignore_regex=None, paths=None, packages_up_to=None, packages_up_to_regex=None, packages_above=None, packages_above_and_dependencies=None, packages_above_depth=None, packages_select_by_dep=None, packages_skip_by_dep=None, packages_skip_up_to=None, packages_select_build_failed=False, packages_skip_build_finished=False, packages_select_test_failures=False, packages_skip_test_passed=False, packages_select=['point_cloud_transport'], packages_skip=None, packages_select_regex=None, packages_skip_regex=None, packages_start=None, packages_end=None, cmake_args=None, cmake_target=None, cmake_target_skip_unavailable=False, cmake_clean_cache=False, cmake_clean_first=False, cmake_force_configure=False, ament_cmake_args=None, catkin_cmake_args=None, catkin_skip_building_tests=False, mixin_files=None, mixin=None, verb_parser=<colcon_mixin.mixin.mixin_argument.MixinArgumentDecorator object at 0x782d724e3d90>, verb_extension=<colcon_core.verb.build.BuildVerb object at 0x782d7261c400>, main=<bound method BuildVerb.main of <colcon_core.verb.build.BuildVerb object at 0x782d7261c400>>, mixin_verb=('build',))
[0.326s] Level 1:colcon.colcon_core.package_discovery:discover_packages(colcon_meta) check parameters
[0.327s] INFO:colcon.colcon_metadata.package_discovery.colcon_meta:Using configuration from '/root/.colcon/metadata/default/Gazebo.meta'
[0.327s] INFO:colcon.colcon_metadata.package_discovery.colcon_meta:Using configuration from '/root/.colcon/metadata/default/fastrtps.meta'
[0.327s] Level 1:colcon.colcon_core.package_discovery:discover_packages(recursive) check parameters
[0.327s] Level 1:colcon.colcon_core.package_discovery:discover_packages(ignore) check parameters
[0.327s] Level 1:colcon.colcon_core.package_discovery:discover_packages(path) check parameters
[0.327s] Level 1:colcon.colcon_core.package_discovery:discover_packages(colcon_meta) discover
[0.327s] Level 1:colcon.colcon_core.package_discovery:discover_packages(recursive) discover
[0.327s] INFO:colcon.colcon_core.package_discovery:Crawling recursively for packages in '/root/ros2_ws/ros2bag/point_cloud_transport'
[0.328s] Level 1:colcon.colcon_core.package_identification:_identify(.) by extensions ['ignore', 'ignore_ament_install']
[0.328s] Level 1:colcon.colcon_core.package_identification:_identify(.) by extension 'ignore'
[0.328s] Level 1:colcon.colcon_core.package_identification:_identify(.) by extension 'ignore_ament_install'
[0.328s] Level 1:colcon.colcon_core.package_identification:_identify(.) by extensions ['colcon_pkg']
[0.328s] Level 1:colcon.colcon_core.package_identification:_identify(.) by extension 'colcon_pkg'
[0.328s] Level 1:colcon.colcon_core.package_identification:_identify(.) by extensions ['colcon_meta']
[0.328s] Level 1:colcon.colcon_core.package_identification:_identify(.) by extension 'colcon_meta'
[0.328s] Level 1:colcon.colcon_core.package_identification:_identify(.) by extensions ['ros']
[0.328s] Level 1:colcon.colcon_core.package_identification:_identify(.) by extension 'ros'
[0.341s] Level 1:colcon.colcon_core.package_identification:_identify(.) by extensions ['cmake', 'python']
[0.341s] Level 1:colcon.colcon_core.package_identification:_identify(.) by extension 'cmake'
[0.341s] Level 1:colcon.colcon_core.package_identification:_identify(.) by extension 'python'
[0.341s] Level 1:colcon.colcon_core.package_identification:_identify(.) by extensions ['python_setup_py']
[0.341s] Level 1:colcon.colcon_core.package_identification:_identify(.) by extension 'python_setup_py'
[0.341s] Level 1:colcon.colcon_core.package_identification:_identify(build) by extensions ['ignore', 'ignore_ament_install']
[0.342s] Level 1:colcon.colcon_core.package_identification:_identify(build) by extension 'ignore'
[0.342s] Level 1:colcon.colcon_core.package_identification:_identify(build) ignored
[0.342s] Level 1:colcon.colcon_core.package_identification:_identify(install) by extensions ['ignore', 'ignore_ament_install']
[0.342s] Level 1:colcon.colcon_core.package_identification:_identify(install) by extension 'ignore'
[0.342s] Level 1:colcon.colcon_core.package_identification:_identify(install) ignored
[0.342s] Level 1:colcon.colcon_core.package_identification:_identify(log) by extensions ['ignore', 'ignore_ament_install']
[0.342s] Level 1:colcon.colcon_core.package_identification:_identify(log) by extension 'ignore'
[0.342s] Level 1:colcon.colcon_core.package_identification:_identify(log) ignored
[0.342s] Level 1:colcon.colcon_core.package_identification:_identify(point_cloud_transport) by extensions ['ignore', 'ignore_ament_install']
[0.342s] Level 1:colcon.colcon_core.package_identification:_identify(point_cloud_transport) by extension 'ignore'
[0.342s] Level 1:colcon.colcon_core.package_identification:_identify(point_cloud_transport) by extension 'ignore_ament_install'
[0.342s] Level 1:colcon.colcon_core.package_identification:_identify(point_cloud_transport) by extensions ['colcon_pkg']
[0.342s] Level 1:colcon.colcon_core.package_identification:_identify(point_cloud_transport) by extension 'colcon_pkg'
[0.342s] Level 1:colcon.colcon_core.package_identification:_identify(point_cloud_transport) by extensions ['colcon_meta']
[0.342s] Level 1:colcon.colcon_core.package_identification:_identify(point_cloud_transport) by extension 'colcon_meta'
[0.342s] Level 1:colcon.colcon_core.package_identification:_identify(point_cloud_transport) by extensions ['ros']
[0.343s] Level 1:colcon.colcon_core.package_identification:_identify(point_cloud_transport) by extension 'ros'
[0.346s] DEBUG:colcon.colcon_core.package_identification:Package 'point_cloud_transport' with type 'ros.ament_cmake' and name 'point_cloud_transport'
[0.346s] Level 1:colcon.colcon_core.package_identification:_identify(point_cloud_transport_py) by extensions ['ignore', 'ignore_ament_install']
[0.346s] Level 1:colcon.colcon_core.package_identification:_identify(point_cloud_transport_py) by extension 'ignore'
[0.346s] Level 1:colcon.colcon_core.package_identification:_identify(point_cloud_transport_py) by extension 'ignore_ament_install'
[0.346s] Level 1:colcon.colcon_core.package_identification:_identify(point_cloud_transport_py) by extensions ['colcon_pkg']
[0.346s] Level 1:colcon.colcon_core.package_identification:_identify(point_cloud_transport_py) by extension 'colcon_pkg'
[0.346s] Level 1:colcon.colcon_core.package_identification:_identify(point_cloud_transport_py) by extensions ['colcon_meta']
[0.346s] Level 1:colcon.colcon_core.package_identification:_identify(point_cloud_transport_py) by extension 'colcon_meta'
[0.346s] Level 1:colcon.colcon_core.package_identification:_identify(point_cloud_transport_py) by extensions ['ros']
[0.346s] Level 1:colcon.colcon_core.package_identification:_identify(point_cloud_transport_py) by extension 'ros'
[0.348s] DEBUG:colcon.colcon_core.package_identification:Package 'point_cloud_transport_py' with type 'ros.ament_cmake' and name 'point_cloud_transport_py'
[0.348s] Level 1:colcon.colcon_core.package_discovery:discover_packages(recursive) using defaults
[0.348s] Level 1:colcon.colcon_core.package_discovery:discover_packages(ignore) discover
[0.348s] Level 1:colcon.colcon_core.package_discovery:discover_packages(ignore) using defaults
[0.348s] Level 1:colcon.colcon_core.package_discovery:discover_packages(path) discover
[0.348s] Level 1:colcon.colcon_core.package_discovery:discover_packages(path) using defaults
[0.370s] INFO:colcon.colcon_core.package_selection:Skipping not selected package 'point_cloud_transport_py' in 'point_cloud_transport_py'
[0.370s] Level 5:colcon.colcon_core.verb:set package 'point_cloud_transport' build argument 'cmake_args' from command line to 'None'
[0.371s] Level 5:colcon.colcon_core.verb:set package 'point_cloud_transport' build argument 'cmake_target' from command line to 'None'
[0.371s] Level 5:colcon.colcon_core.verb:set package 'point_cloud_transport' build argument 'cmake_target_skip_unavailable' from command line to 'False'
[0.371s] Level 5:colcon.colcon_core.verb:set package 'point_cloud_transport' build argument 'cmake_clean_cache' from command line to 'False'
[0.371s] Level 5:colcon.colcon_core.verb:set package 'point_cloud_transport' build argument 'cmake_clean_first' from command line to 'False'
[0.371s] Level 5:colcon.colcon_core.verb:set package 'point_cloud_transport' build argument 'cmake_force_configure' from command line to 'False'
[0.371s] Level 5:colcon.colcon_core.verb:set package 'point_cloud_transport' build argument 'ament_cmake_args' from command line to 'None'
[0.371s] Level 5:colcon.colcon_core.verb:set package 'point_cloud_transport' build argument 'catkin_cmake_args' from command line to 'None'
[0.371s] Level 5:colcon.colcon_core.verb:set package 'point_cloud_transport' build argument 'catkin_skip_building_tests' from command line to 'False'
[0.371s] DEBUG:colcon.colcon_core.verb:Building package 'point_cloud_transport' with the following arguments: {'ament_cmake_args': None, 'build_base': '/root/ros2_ws/ros2bag/point_cloud_transport/build/point_cloud_transport', 'catkin_cmake_args': None, 'catkin_skip_building_tests': False, 'cmake_args': None, 'cmake_clean_cache': False, 'cmake_clean_first': False, 'cmake_force_configure': False, 'cmake_target': None, 'cmake_target_skip_unavailable': False, 'install_base': '/root/ros2_ws/ros2bag/point_cloud_transport/install/point_cloud_transport', 'merge_install': False, 'path': '/root/ros2_ws/ros2bag/point_cloud_transport/point_cloud_transport', 'symlink_install': False, 'test_result_base': None}
[0.371s] INFO:colcon.colcon_core.executor:Executing jobs using 'parallel' executor
[0.372s] DEBUG:colcon.colcon_parallel_executor.executor.parallel:run_until_complete
[0.372s] INFO:colcon.colcon_ros.task.ament_cmake.build:Building ROS package in '/root/ros2_ws/ros2bag/point_cloud_transport/point_cloud_transport' with build type 'ament_cmake'
[0.373s] INFO:colcon.colcon_cmake.task.cmake.build:Building CMake package in '/root/ros2_ws/ros2bag/point_cloud_transport/point_cloud_transport'
[0.375s] INFO:colcon.colcon_core.plugin_system:Skipping extension 'colcon_core.shell.bat': Not used on non-Windows systems
[0.376s] INFO:colcon.colcon_core.shell:Skip shell extension 'powershell' for command environment: Not usable outside of PowerShell
[0.376s] DEBUG:colcon.colcon_core.shell:Skip shell extension 'dsv' for command environment
[0.391s] DEBUG:colcon.colcon_core.event_handler.log_command:Invoking command in '/root/ros2_ws/ros2bag/point_cloud_transport/build/point_cloud_transport': CMAKE_PREFIX_PATH=/opt/ros/humble /usr/bin/cmake /root/ros2_ws/ros2bag/point_cloud_transport/point_cloud_transport -DCMAKE_INSTALL_PREFIX=/root/ros2_ws/ros2bag/point_cloud_transport/install/point_cloud_transport
[2.520s] DEBUG:colcon.colcon_core.event_handler.log_command:Invoked command in '/root/ros2_ws/ros2bag/point_cloud_transport/build/point_cloud_transport' returned '0': CMAKE_PREFIX_PATH=/opt/ros/humble /usr/bin/cmake /root/ros2_ws/ros2bag/point_cloud_transport/point_cloud_transport -DCMAKE_INSTALL_PREFIX=/root/ros2_ws/ros2bag/point_cloud_transport/install/point_cloud_transport
[2.524s] DEBUG:colcon.colcon_core.event_handler.log_command:Invoking command in '/root/ros2_ws/ros2bag/point_cloud_transport/build/point_cloud_transport': CMAKE_PREFIX_PATH=/opt/ros/humble /usr/bin/cmake --build /root/ros2_ws/ros2bag/point_cloud_transport/build/point_cloud_transport -- -j8 -l8
[32.814s] DEBUG:colcon.colcon_core.event_handler.log_command:Invoked command in '/root/ros2_ws/ros2bag/point_cloud_transport/build/point_cloud_transport' returned '0': CMAKE_PREFIX_PATH=/opt/ros/humble /usr/bin/cmake --build /root/ros2_ws/ros2bag/point_cloud_transport/build/point_cloud_transport -- -j8 -l8
[32.951s] DEBUG:colcon.colcon_core.event_handler.log_command:Invoking command in '/root/ros2_ws/ros2bag/point_cloud_transport/build/point_cloud_transport': CMAKE_PREFIX_PATH=/opt/ros/humble /usr/bin/cmake --install /root/ros2_ws/ros2bag/point_cloud_transport/build/point_cloud_transport
[33.003s] Level 1:colcon.colcon_core.environment:create_environment_scripts_only(point_cloud_transport)
[33.004s] DEBUG:colcon.colcon_core.event_handler.log_command:Invoked command in '/root/ros2_ws/ros2bag/point_cloud_transport/build/point_cloud_transport' returned '0': CMAKE_PREFIX_PATH=/opt/ros/humble /usr/bin/cmake --install /root/ros2_ws/ros2bag/point_cloud_transport/build/point_cloud_transport
[33.010s] Level 1:colcon.colcon_core.environment:checking '/root/ros2_ws/ros2bag/point_cloud_transport/install/point_cloud_transport' for CMake module files
[33.012s] Level 1:colcon.colcon_core.environment:checking '/root/ros2_ws/ros2bag/point_cloud_transport/install/point_cloud_transport' for CMake config files
[33.014s] Level 1:colcon.colcon_core.shell:create_environment_hook('point_cloud_transport', 'cmake_prefix_path')
[33.014s] INFO:colcon.colcon_core.shell:Creating environment hook '/root/ros2_ws/ros2bag/point_cloud_transport/install/point_cloud_transport/share/point_cloud_transport/hook/cmake_prefix_path.ps1'
[33.016s] INFO:colcon.colcon_core.shell:Creating environment descriptor '/root/ros2_ws/ros2bag/point_cloud_transport/install/point_cloud_transport/share/point_cloud_transport/hook/cmake_prefix_path.dsv'
[33.018s] INFO:colcon.colcon_core.shell:Creating environment hook '/root/ros2_ws/ros2bag/point_cloud_transport/install/point_cloud_transport/share/point_cloud_transport/hook/cmake_prefix_path.sh'
[33.020s] Level 1:colcon.colcon_core.environment:checking '/root/ros2_ws/ros2bag/point_cloud_transport/install/point_cloud_transport/lib'
[33.021s] Level 1:colcon.colcon_core.shell:create_environment_hook('point_cloud_transport', 'ld_library_path_lib')
[33.022s] INFO:colcon.colcon_core.shell:Creating environment hook '/root/ros2_ws/ros2bag/point_cloud_transport/install/point_cloud_transport/share/point_cloud_transport/hook/ld_library_path_lib.ps1'
[33.022s] INFO:colcon.colcon_core.shell:Creating environment descriptor '/root/ros2_ws/ros2bag/point_cloud_transport/install/point_cloud_transport/share/point_cloud_transport/hook/ld_library_path_lib.dsv'
[33.023s] INFO:colcon.colcon_core.shell:Creating environment hook '/root/ros2_ws/ros2bag/point_cloud_transport/install/point_cloud_transport/share/point_cloud_transport/hook/ld_library_path_lib.sh'
[33.023s] Level 1:colcon.colcon_core.environment:checking '/root/ros2_ws/ros2bag/point_cloud_transport/install/point_cloud_transport/bin'
[33.023s] Level 1:colcon.colcon_core.environment:checking '/root/ros2_ws/ros2bag/point_cloud_transport/install/point_cloud_transport/lib/pkgconfig/point_cloud_transport.pc'
[33.026s] Level 1:colcon.colcon_core.environment:checking '/root/ros2_ws/ros2bag/point_cloud_transport/install/point_cloud_transport/lib/python3.10/site-packages'
[33.026s] Level 1:colcon.colcon_core.environment:checking '/root/ros2_ws/ros2bag/point_cloud_transport/install/point_cloud_transport/bin'
[33.026s] INFO:colcon.colcon_core.shell:Creating package script '/root/ros2_ws/ros2bag/point_cloud_transport/install/point_cloud_transport/share/point_cloud_transport/package.ps1'
[33.027s] INFO:colcon.colcon_core.shell:Creating package descriptor '/root/ros2_ws/ros2bag/point_cloud_transport/install/point_cloud_transport/share/point_cloud_transport/package.dsv'
[33.028s] INFO:colcon.colcon_core.shell:Creating package script '/root/ros2_ws/ros2bag/point_cloud_transport/install/point_cloud_transport/share/point_cloud_transport/package.sh'
[33.029s] INFO:colcon.colcon_core.shell:Creating package script '/root/ros2_ws/ros2bag/point_cloud_transport/install/point_cloud_transport/share/point_cloud_transport/package.bash'
[33.030s] INFO:colcon.colcon_core.shell:Creating package script '/root/ros2_ws/ros2bag/point_cloud_transport/install/point_cloud_transport/share/point_cloud_transport/package.zsh'
[33.030s] Level 1:colcon.colcon_core.environment:create_file_with_runtime_dependencies(/root/ros2_ws/ros2bag/point_cloud_transport/install/point_cloud_transport/share/colcon-core/packages/point_cloud_transport)
[33.169s] Level 1:colcon.colcon_core.environment:create_environment_scripts_only(point_cloud_transport)
[33.170s] Level 1:colcon.colcon_core.environment:checking '/root/ros2_ws/ros2bag/point_cloud_transport/install/point_cloud_transport' for CMake module files
[33.171s] Level 1:colcon.colcon_core.environment:checking '/root/ros2_ws/ros2bag/point_cloud_transport/install/point_cloud_transport' for CMake config files
[33.173s] Level 1:colcon.colcon_core.shell:create_environment_hook('point_cloud_transport', 'cmake_prefix_path')
[33.173s] INFO:colcon.colcon_core.shell:Creating environment hook '/root/ros2_ws/ros2bag/point_cloud_transport/install/point_cloud_transport/share/point_cloud_transport/hook/cmake_prefix_path.ps1'
[33.174s] INFO:colcon.colcon_core.shell:Creating environment descriptor '/root/ros2_ws/ros2bag/point_cloud_transport/install/point_cloud_transport/share/point_cloud_transport/hook/cmake_prefix_path.dsv'
[33.176s] INFO:colcon.colcon_core.shell:Creating environment hook '/root/ros2_ws/ros2bag/point_cloud_transport/install/point_cloud_transport/share/point_cloud_transport/hook/cmake_prefix_path.sh'
[33.177s] Level 1:colcon.colcon_core.environment:checking '/root/ros2_ws/ros2bag/point_cloud_transport/install/point_cloud_transport/lib'
[33.178s] Level 1:colcon.colcon_core.shell:create_environment_hook('point_cloud_transport', 'ld_library_path_lib')
[33.178s] INFO:colcon.colcon_core.shell:Creating environment hook '/root/ros2_ws/ros2bag/point_cloud_transport/install/point_cloud_transport/share/point_cloud_transport/hook/ld_library_path_lib.ps1'
[33.180s] INFO:colcon.colcon_core.shell:Creating environment descriptor '/root/ros2_ws/ros2bag/point_cloud_transport/install/point_cloud_transport/share/point_cloud_transport/hook/ld_library_path_lib.dsv'
[33.181s] INFO:colcon.colcon_core.shell:Creating environment hook '/root/ros2_ws/ros2bag/point_cloud_transport/install/point_cloud_transport/share/point_cloud_transport/hook/ld_library_path_lib.sh'
[33.182s] Level 1:colcon.colcon_core.environment:checking '/root/ros2_ws/ros2bag/point_cloud_transport/install/point_cloud_transport/bin'
[33.182s] Level 1:colcon.colcon_core.environment:checking '/root/ros2_ws/ros2bag/point_cloud_transport/install/point_cloud_transport/lib/pkgconfig/point_cloud_transport.pc'
[33.183s] Level 1:colcon.colcon_core.environment:checking '/root/ros2_ws/ros2bag/point_cloud_transport/install/point_cloud_transport/lib/python3.10/site-packages'
[33.183s] Level 1:colcon.colcon_core.environment:checking '/root/ros2_ws/ros2bag/point_cloud_transport/install/point_cloud_transport/bin'
[33.184s] INFO:colcon.colcon_core.shell:Creating package script '/root/ros2_ws/ros2bag/point_cloud_transport/install/point_cloud_transport/share/point_cloud_transport/package.ps1'
[33.186s] INFO:colcon.colcon_core.shell:Creating package descriptor '/root/ros2_ws/ros2bag/point_cloud_transport/install/point_cloud_transport/share/point_cloud_transport/package.dsv'
[33.188s] INFO:colcon.colcon_core.shell:Creating package script '/root/ros2_ws/ros2bag/point_cloud_transport/install/point_cloud_transport/share/point_cloud_transport/package.sh'
[33.189s] INFO:colcon.colcon_core.shell:Creating package script '/root/ros2_ws/ros2bag/point_cloud_transport/install/point_cloud_transport/share/point_cloud_transport/package.bash'
[33.190s] INFO:colcon.colcon_core.shell:Creating package script '/root/ros2_ws/ros2bag/point_cloud_transport/install/point_cloud_transport/share/point_cloud_transport/package.zsh'
[33.191s] Level 1:colcon.colcon_core.environment:create_file_with_runtime_dependencies(/root/ros2_ws/ros2bag/point_cloud_transport/install/point_cloud_transport/share/colcon-core/packages/point_cloud_transport)
[33.192s] DEBUG:colcon.colcon_parallel_executor.executor.parallel:closing loop
[33.193s] DEBUG:colcon.colcon_parallel_executor.executor.parallel:loop closed
[33.193s] DEBUG:colcon.colcon_parallel_executor.executor.parallel:run_until_complete finished with '0'
[33.193s] DEBUG:colcon.colcon_core.event_reactor:joining thread
[33.211s] INFO:colcon.colcon_core.plugin_system:Skipping extension 'colcon_notification.desktop_notification.notify_send': Could not find 'notify-send'
[33.211s] INFO:colcon.colcon_core.plugin_system:Skipping extension 'colcon_notification.desktop_notification.terminal_notifier': Not used on non-Darwin systems
[33.211s] INFO:colcon.colcon_core.plugin_system:Skipping extension 'colcon_notification.desktop_notification.win32': Not used on non-Windows systems
[33.211s] INFO:colcon.colcon_notification.desktop_notification:Sending desktop notification using 'notify2'
[33.219s] DEBUG:colcon.colcon_notification.desktop_notification.notify2:Failed to initialize notify2: org.freedesktop.DBus.Error.Spawn.ExecFailed: /usr/bin/dbus-launch terminated abnormally without any error message
[33.219s] DEBUG:colcon.colcon_core.event_reactor:joined thread
[33.221s] INFO:colcon.colcon_core.shell:Creating prefix script '/root/ros2_ws/ros2bag/point_cloud_transport/install/local_setup.ps1'
[33.224s] INFO:colcon.colcon_core.shell:Creating prefix util module '/root/ros2_ws/ros2bag/point_cloud_transport/install/_local_setup_util_ps1.py'
[33.232s] INFO:colcon.colcon_core.shell:Creating prefix chain script '/root/ros2_ws/ros2bag/point_cloud_transport/install/setup.ps1'
[33.235s] INFO:colcon.colcon_core.shell:Creating prefix script '/root/ros2_ws/ros2bag/point_cloud_transport/install/local_setup.sh'
[33.236s] INFO:colcon.colcon_core.shell:Creating prefix util module '/root/ros2_ws/ros2bag/point_cloud_transport/install/_local_setup_util_sh.py'
[33.238s] INFO:colcon.colcon_core.shell:Creating prefix chain script '/root/ros2_ws/ros2bag/point_cloud_transport/install/setup.sh'
[33.241s] INFO:colcon.colcon_core.shell:Creating prefix script '/root/ros2_ws/ros2bag/point_cloud_transport/install/local_setup.bash'
[33.242s] INFO:colcon.colcon_core.shell:Creating prefix chain script '/root/ros2_ws/ros2bag/point_cloud_transport/install/setup.bash'
[33.245s] INFO:colcon.colcon_core.shell:Creating prefix script '/root/ros2_ws/ros2bag/point_cloud_transport/install/local_setup.zsh'
[33.246s] INFO:colcon.colcon_core.shell:Creating prefix chain script '/root/ros2_ws/ros2bag/point_cloud_transport/install/setup.zsh'
