-- The C compiler identification is GNU 11.4.0
-- The CXX compiler identification is GNU 11.4.0
-- Detecting C compiler ABI info
-- Detecting C compiler ABI info - done
-- Check for working C compiler: /usr/bin/cc - skipped
-- Detecting C compile features
-- Detecting C compile features - done
-- Detecting CXX compiler ABI info
-- Detecting CXX compiler ABI info - done
-- Check for working CXX compiler: /usr/bin/c++ - skipped
-- Detecting CXX compile features
-- Detecting CXX compile features - done
-- Found ament_cmake: 1.3.10 (/opt/ros/humble/share/ament_cmake/cmake)
-- Found Python3: /usr/bin/python3 (found version "3.10.12") found components: Interpreter 
-- Found rclcpp: 16.0.10 (/opt/ros/humble/share/rclcpp/cmake)
-- Found rosidl_generator_c: 3.1.5 (/opt/ros/humble/share/rosidl_generator_c/cmake)
-- Found rosidl_adapter: 3.1.5 (/opt/ros/humble/share/rosidl_adapter/cmake)
-- Found rosidl_generator_cpp: 3.1.5 (/opt/ros/humble/share/rosidl_generator_cpp/cmake)
-- Using all available rosidl_typesupport_c: rosidl_typesupport_fastrtps_c;rosidl_typesupport_introspection_c
-- Using all available rosidl_typesupport_cpp: rosidl_typesupport_fastrtps_cpp;rosidl_typesupport_introspection_cpp
-- Found rmw_implementation_cmake: 6.1.2 (/opt/ros/humble/share/rmw_implementation_cmake/cmake)
-- Found rmw_fastrtps_cpp: 6.2.7 (/opt/ros/humble/share/rmw_fastrtps_cpp/cmake)
-- Found OpenSSL: /usr/lib/x86_64-linux-gnu/libcrypto.so (found version "3.0.2")  
-- Found FastRTPS: /opt/ros/humble/include  
-- Using RMW implementation 'rmw_fastrtps_cpp' as default
-- Looking for pthread.h
-- Looking for pthread.h - found
-- Performing Test CMAKE_HAVE_LIBC_PTHREAD
-- Performing Test CMAKE_HAVE_LIBC_PTHREAD - Success
-- Found Threads: TRUE  
-- Found sensor_msgs: 4.2.4 (/opt/ros/humble/share/sensor_msgs/cmake)
-- Found point_cloud_transport: 1.0.18 (/opt/ros/humble/share/point_cloud_transport/cmake)
-- Found tf2: 0.25.8 (/opt/ros/humble/share/tf2/cmake)
-- Found tf2_ros: 0.25.8 (/opt/ros/humble/share/tf2_ros/cmake)
-- Configuring done
-- Generating done
[33mCMake Warning:
  Manually-specified variables were not used by the project:

    CATKIN_INSTALL_INTO_PREFIX_ROOT

[0m
-- Build files have been written to: /root/home/tentativo_colcon/build/tentativo_colcon
[ 50%] [32mBuilding CXX object CMakeFiles/draco_decoder_node.dir/src/draco_decoder_node.cpp.o[0m
[100%] [32m[1mLinking CXX executable draco_decoder_node[0m
[100%] Built target draco_decoder_node
-- Install configuration: ""
-- Installing: /root/home/tentativo_colcon/install/tentativo_colcon/lib/tentativo_colcon/draco_decoder_node
-- Set runtime path of "/root/home/tentativo_colcon/install/tentativo_colcon/lib/tentativo_colcon/draco_decoder_node" to ""
-- Installing: /root/home/tentativo_colcon/install/tentativo_colcon/share/ament_index/resource_index/package_run_dependencies/tentativo_colcon
-- Installing: /root/home/tentativo_colcon/install/tentativo_colcon/share/ament_index/resource_index/parent_prefix_path/tentativo_colcon
-- Installing: /root/home/tentativo_colcon/install/tentativo_colcon/share/tentativo_colcon/environment/ament_prefix_path.sh
-- Installing: /root/home/tentativo_colcon/install/tentativo_colcon/share/tentativo_colcon/environment/ament_prefix_path.dsv
-- Installing: /root/home/tentativo_colcon/install/tentativo_colcon/share/tentativo_colcon/environment/path.sh
-- Installing: /root/home/tentativo_colcon/install/tentativo_colcon/share/tentativo_colcon/environment/path.dsv
-- Installing: /root/home/tentativo_colcon/install/tentativo_colcon/share/tentativo_colcon/local_setup.bash
-- Installing: /root/home/tentativo_colcon/install/tentativo_colcon/share/tentativo_colcon/local_setup.sh
-- Installing: /root/home/tentativo_colcon/install/tentativo_colcon/share/tentativo_colcon/local_setup.zsh
-- Installing: /root/home/tentativo_colcon/install/tentativo_colcon/share/tentativo_colcon/local_setup.dsv
-- Installing: /root/home/tentativo_colcon/install/tentativo_colcon/share/tentativo_colcon/package.dsv
-- Installing: /root/home/tentativo_colcon/install/tentativo_colcon/share/ament_index/resource_index/packages/tentativo_colcon
-- Installing: /root/home/tentativo_colcon/install/tentativo_colcon/share/tentativo_colcon/cmake/tentativo_colconConfig.cmake
-- Installing: /root/home/tentativo_colcon/install/tentativo_colcon/share/tentativo_colcon/cmake/tentativo_colconConfig-version.cmake
-- Installing: /root/home/tentativo_colcon/install/tentativo_colcon/share/tentativo_colcon/package.xml
