[0.315s] DEBUG:colcon:Command line arguments: ['/usr/bin/colcon', 'build']
[0.315s] DEBUG:colcon:Parsed command line arguments: Namespace(log_base=None, log_level=None, verb_name='build', build_base='build', install_base='install', merge_install=False, symlink_install=False, test_result_base=None, continue_on_error=False, executor='parallel', parallel_workers=8, event_handlers=None, ignore_user_meta=False, metas=['./colcon.meta'], base_paths=['.'], packages_ignore=None, packages_ignore_regex=None, paths=None, packages_up_to=None, packages_up_to_regex=None, packages_above=None, packages_above_and_dependencies=None, packages_above_depth=None, packages_select_by_dep=None, packages_skip_by_dep=None, packages_skip_up_to=None, packages_select_build_failed=False, packages_skip_build_finished=False, packages_select_test_failures=False, packages_skip_test_passed=False, packages_select=None, packages_skip=None, packages_select_regex=None, packages_skip_regex=None, packages_start=None, packages_end=None, cmake_args=None, cmake_target=None, cmake_target_skip_unavailable=False, cmake_clean_cache=False, cmake_clean_first=False, cmake_force_configure=False, ament_cmake_args=None, catkin_cmake_args=None, catkin_skip_building_tests=False, mixin_files=None, mixin=None, verb_parser=<colcon_mixin.mixin.mixin_argument.MixinArgumentDecorator object at 0x7f6f8b39c100>, verb_extension=<colcon_core.verb.build.BuildVerb object at 0x7f6f8b4d8760>, main=<bound method BuildVerb.main of <colcon_core.verb.build.BuildVerb object at 0x7f6f8b4d8760>>, mixin_verb=('build',))
[0.747s] Level 1:colcon.colcon_core.package_discovery:discover_packages(colcon_meta) check parameters
[0.749s] INFO:colcon.colcon_metadata.package_discovery.colcon_meta:Using configuration from '/root/.colcon/metadata/default/Gazebo.meta'
[0.750s] INFO:colcon.colcon_metadata.package_discovery.colcon_meta:Using configuration from '/root/.colcon/metadata/default/fastrtps.meta'
[0.750s] Level 1:colcon.colcon_core.package_discovery:discover_packages(recursive) check parameters
[0.750s] Level 1:colcon.colcon_core.package_discovery:discover_packages(ignore) check parameters
[0.750s] Level 1:colcon.colcon_core.package_discovery:discover_packages(path) check parameters
[0.750s] Level 1:colcon.colcon_core.package_discovery:discover_packages(colcon_meta) discover
[0.750s] Level 1:colcon.colcon_core.package_discovery:discover_packages(recursive) discover
[0.750s] INFO:colcon.colcon_core.package_discovery:Crawling recursively for packages in '/root/home/new_try_col'
[0.751s] Level 1:colcon.colcon_core.package_identification:_identify(.) by extensions ['ignore', 'ignore_ament_install']
[0.751s] Level 1:colcon.colcon_core.package_identification:_identify(.) by extension 'ignore'
[0.751s] Level 1:colcon.colcon_core.package_identification:_identify(.) by extension 'ignore_ament_install'
[0.751s] Level 1:colcon.colcon_core.package_identification:_identify(.) by extensions ['colcon_pkg']
[0.751s] Level 1:colcon.colcon_core.package_identification:_identify(.) by extension 'colcon_pkg'
[0.751s] Level 1:colcon.colcon_core.package_identification:_identify(.) by extensions ['colcon_meta']
[0.751s] Level 1:colcon.colcon_core.package_identification:_identify(.) by extension 'colcon_meta'
[0.751s] Level 1:colcon.colcon_core.package_identification:_identify(.) by extensions ['ros']
[0.751s] Level 1:colcon.colcon_core.package_identification:_identify(.) by extension 'ros'
[0.774s] DEBUG:colcon.colcon_core.package_identification:Package '.' with type 'ros.ament_cmake' and name 'new_try_col'
[0.774s] Level 1:colcon.colcon_core.package_discovery:discover_packages(recursive) using defaults
[0.774s] Level 1:colcon.colcon_core.package_discovery:discover_packages(ignore) discover
[0.775s] Level 1:colcon.colcon_core.package_discovery:discover_packages(ignore) using defaults
[0.775s] Level 1:colcon.colcon_core.package_discovery:discover_packages(path) discover
[0.775s] Level 1:colcon.colcon_core.package_discovery:discover_packages(path) using defaults
[0.822s] Level 5:colcon.colcon_core.verb:set package 'new_try_col' build argument 'cmake_args' from command line to 'None'
[0.822s] Level 5:colcon.colcon_core.verb:set package 'new_try_col' build argument 'cmake_target' from command line to 'None'
[0.822s] Level 5:colcon.colcon_core.verb:set package 'new_try_col' build argument 'cmake_target_skip_unavailable' from command line to 'False'
[0.822s] Level 5:colcon.colcon_core.verb:set package 'new_try_col' build argument 'cmake_clean_cache' from command line to 'False'
[0.822s] Level 5:colcon.colcon_core.verb:set package 'new_try_col' build argument 'cmake_clean_first' from command line to 'False'
[0.822s] Level 5:colcon.colcon_core.verb:set package 'new_try_col' build argument 'cmake_force_configure' from command line to 'False'
[0.822s] Level 5:colcon.colcon_core.verb:set package 'new_try_col' build argument 'ament_cmake_args' from command line to 'None'
[0.822s] Level 5:colcon.colcon_core.verb:set package 'new_try_col' build argument 'catkin_cmake_args' from command line to 'None'
[0.822s] Level 5:colcon.colcon_core.verb:set package 'new_try_col' build argument 'catkin_skip_building_tests' from command line to 'False'
[0.822s] DEBUG:colcon.colcon_core.verb:Building package 'new_try_col' with the following arguments: {'ament_cmake_args': None, 'build_base': '/root/home/new_try_col/build/new_try_col', 'catkin_cmake_args': None, 'catkin_skip_building_tests': False, 'cmake_args': None, 'cmake_clean_cache': False, 'cmake_clean_first': False, 'cmake_force_configure': False, 'cmake_target': None, 'cmake_target_skip_unavailable': False, 'install_base': '/root/home/new_try_col/install/new_try_col', 'merge_install': False, 'path': '/root/home/new_try_col', 'symlink_install': False, 'test_result_base': None}
[0.822s] INFO:colcon.colcon_core.executor:Executing jobs using 'parallel' executor
[0.824s] DEBUG:colcon.colcon_parallel_executor.executor.parallel:run_until_complete
[0.825s] INFO:colcon.colcon_ros.task.ament_cmake.build:Building ROS package in '/root/home/new_try_col' with build type 'ament_cmake'
[0.825s] INFO:colcon.colcon_cmake.task.cmake.build:Building CMake package in '/root/home/new_try_col'
[0.836s] INFO:colcon.colcon_core.plugin_system:Skipping extension 'colcon_core.shell.bat': Not used on non-Windows systems
[0.837s] INFO:colcon.colcon_core.shell:Skip shell extension 'powershell' for command environment: Not usable outside of PowerShell
[0.837s] DEBUG:colcon.colcon_core.shell:Skip shell extension 'dsv' for command environment
[0.870s] DEBUG:colcon.colcon_core.event_handler.log_command:Invoking command in '/root/home/new_try_col/build/new_try_col': CMAKE_PREFIX_PATH=/root/home/my_package/install/my_package:/opt/ros/humble:/root/home/tentativo_colcon/install/tentativo_colcon:/root/home/catkin_ws/install/rviz_plugin_zed_od:/root/home/catkin_ws/install/zed_interfaces /usr/bin/cmake /root/home/new_try_col -DCMAKE_INSTALL_PREFIX=/root/home/new_try_col/install/new_try_col
[3.460s] DEBUG:colcon.colcon_core.event_handler.log_command:Invoked command in '/root/home/new_try_col/build/new_try_col' returned '0': CMAKE_PREFIX_PATH=/root/home/my_package/install/my_package:/opt/ros/humble:/root/home/tentativo_colcon/install/tentativo_colcon:/root/home/catkin_ws/install/rviz_plugin_zed_od:/root/home/catkin_ws/install/zed_interfaces /usr/bin/cmake /root/home/new_try_col -DCMAKE_INSTALL_PREFIX=/root/home/new_try_col/install/new_try_col
[3.463s] DEBUG:colcon.colcon_core.event_handler.log_command:Invoking command in '/root/home/new_try_col/build/new_try_col': CMAKE_PREFIX_PATH=/root/home/my_package/install/my_package:/opt/ros/humble:/root/home/tentativo_colcon/install/tentativo_colcon:/root/home/catkin_ws/install/rviz_plugin_zed_od:/root/home/catkin_ws/install/zed_interfaces /usr/bin/cmake --build /root/home/new_try_col/build/new_try_col -- -j8 -l8
[17.927s] DEBUG:colcon.colcon_core.event_handler.log_command:Invoked command in '/root/home/new_try_col/build/new_try_col' returned '2': CMAKE_PREFIX_PATH=/root/home/my_package/install/my_package:/opt/ros/humble:/root/home/tentativo_colcon/install/tentativo_colcon:/root/home/catkin_ws/install/rviz_plugin_zed_od:/root/home/catkin_ws/install/zed_interfaces /usr/bin/cmake --build /root/home/new_try_col/build/new_try_col -- -j8 -l8
[17.967s] Level 1:colcon.colcon_core.environment:create_environment_scripts_only(new_try_col)
[17.977s] Level 1:colcon.colcon_core.environment:checking '/root/home/new_try_col/install/new_try_col' for CMake module files
[17.978s] Level 1:colcon.colcon_core.environment:checking '/root/home/new_try_col/install/new_try_col' for CMake config files
[17.978s] Level 1:colcon.colcon_core.environment:checking '/root/home/new_try_col/install/new_try_col/bin'
[17.979s] Level 1:colcon.colcon_core.environment:checking '/root/home/new_try_col/install/new_try_col/lib/pkgconfig/new_try_col.pc'
[17.981s] Level 1:colcon.colcon_core.environment:checking '/root/home/new_try_col/install/new_try_col/lib/python3.10/site-packages'
[17.981s] Level 1:colcon.colcon_core.environment:checking '/root/home/new_try_col/install/new_try_col/bin'
[17.982s] INFO:colcon.colcon_core.shell:Creating package script '/root/home/new_try_col/install/new_try_col/share/new_try_col/package.ps1'
[17.986s] INFO:colcon.colcon_core.shell:Creating package descriptor '/root/home/new_try_col/install/new_try_col/share/new_try_col/package.dsv'
[17.987s] INFO:colcon.colcon_core.shell:Creating package script '/root/home/new_try_col/install/new_try_col/share/new_try_col/package.sh'
[17.989s] INFO:colcon.colcon_core.shell:Creating package script '/root/home/new_try_col/install/new_try_col/share/new_try_col/package.bash'
[17.991s] INFO:colcon.colcon_core.shell:Creating package script '/root/home/new_try_col/install/new_try_col/share/new_try_col/package.zsh'
[17.992s] Level 1:colcon.colcon_core.environment:create_file_with_runtime_dependencies(/root/home/new_try_col/install/new_try_col/share/colcon-core/packages/new_try_col)
[18.005s] DEBUG:colcon.colcon_parallel_executor.executor.parallel:closing loop
[18.005s] DEBUG:colcon.colcon_parallel_executor.executor.parallel:loop closed
[18.005s] DEBUG:colcon.colcon_parallel_executor.executor.parallel:run_until_complete finished with '2'
[18.005s] DEBUG:colcon.colcon_core.event_reactor:joining thread
[18.032s] INFO:colcon.colcon_core.plugin_system:Skipping extension 'colcon_notification.desktop_notification.notify_send': Could not find 'notify-send'
[18.032s] INFO:colcon.colcon_core.plugin_system:Skipping extension 'colcon_notification.desktop_notification.terminal_notifier': Not used on non-Darwin systems
[18.032s] INFO:colcon.colcon_core.plugin_system:Skipping extension 'colcon_notification.desktop_notification.win32': Not used on non-Windows systems
[18.033s] INFO:colcon.colcon_notification.desktop_notification:Sending desktop notification using 'notify2'
[18.038s] DEBUG:colcon.colcon_notification.desktop_notification.notify2:Failed to initialize notify2: org.freedesktop.DBus.Error.Spawn.ExecFailed: /usr/bin/dbus-launch terminated abnormally without any error message
[18.039s] DEBUG:colcon.colcon_core.event_reactor:joined thread
[18.039s] INFO:colcon.colcon_core.shell:Creating prefix script '/root/home/new_try_col/install/local_setup.ps1'
[18.042s] INFO:colcon.colcon_core.shell:Creating prefix util module '/root/home/new_try_col/install/_local_setup_util_ps1.py'
[18.045s] INFO:colcon.colcon_core.shell:Creating prefix chain script '/root/home/new_try_col/install/setup.ps1'
[18.047s] INFO:colcon.colcon_core.shell:Creating prefix script '/root/home/new_try_col/install/local_setup.sh'
[18.049s] INFO:colcon.colcon_core.shell:Creating prefix util module '/root/home/new_try_col/install/_local_setup_util_sh.py'
[18.050s] INFO:colcon.colcon_core.shell:Creating prefix chain script '/root/home/new_try_col/install/setup.sh'
[18.053s] INFO:colcon.colcon_core.shell:Creating prefix script '/root/home/new_try_col/install/local_setup.bash'
[18.055s] INFO:colcon.colcon_core.shell:Creating prefix chain script '/root/home/new_try_col/install/setup.bash'
[18.057s] INFO:colcon.colcon_core.shell:Creating prefix script '/root/home/new_try_col/install/local_setup.zsh'
[18.058s] INFO:colcon.colcon_core.shell:Creating prefix chain script '/root/home/new_try_col/install/setup.zsh'
