[0.021s] Invoking command in '/root/ros2_ws/zed_catture/pointcloud_decoder/build/pointcloud_decoder': CMAKE_PREFIX_PATH=${CMAKE_PREFIX_PATH}:/opt/ros/humble /usr/bin/cmake /root/ros2_ws/zed_catture/pointcloud_decoder -DCMAKE_INSTALL_PREFIX=/root/ros2_ws/zed_catture/pointcloud_decoder/install/pointcloud_decoder
[0.130s] -- The C compiler identification is GNU 11.4.0
[0.240s] -- The CXX compiler identification is GNU 11.4.0
[0.264s] -- Detecting C compiler ABI info
[0.400s] -- Detecting C compiler ABI info - done
[0.412s] -- Check for working C compiler: /usr/bin/cc - skipped
[0.412s] -- Detecting C compile features
[0.413s] -- Detecting C compile features - done
[0.418s] -- Detecting CXX compiler ABI info
[0.543s] -- Detecting CXX compiler ABI info - done
[0.552s] -- Check for working CXX compiler: /usr/bin/c++ - skipped
[0.553s] -- Detecting CXX compile features
[0.553s] -- Detecting CXX compile features - done
[0.557s] -- Found ament_cmake: 1.3.10 (/opt/ros/humble/share/ament_cmake/cmake)
[0.770s] -- Found Python3: /usr/bin/python3 (found version "3.10.12") found components: Interpreter 
[0.933s] -- Found rclcpp: 16.0.10 (/opt/ros/humble/share/rclcpp/cmake)
[0.998s] -- Found rosidl_generator_c: 3.1.5 (/opt/ros/humble/share/rosidl_generator_c/cmake)
[1.007s] -- Found rosidl_adapter: 3.1.5 (/opt/ros/humble/share/rosidl_adapter/cmake)
[1.020s] -- Found rosidl_generator_cpp: 3.1.5 (/opt/ros/humble/share/rosidl_generator_cpp/cmake)
[1.038s] -- Using all available rosidl_typesupport_c: rosidl_typesupport_fastrtps_c;rosidl_typesupport_introspection_c
[1.063s] -- Using all available rosidl_typesupport_cpp: rosidl_typesupport_fastrtps_cpp;rosidl_typesupport_introspection_cpp
[1.129s] -- Found rmw_implementation_cmake: 6.1.2 (/opt/ros/humble/share/rmw_implementation_cmake/cmake)
[1.135s] -- Found rmw_cyclonedds_cpp: 1.3.4 (/opt/ros/humble/share/rmw_cyclonedds_cpp/cmake)
[1.168s] -- Using RMW implementation 'rmw_cyclonedds_cpp' as default
[1.183s] -- Looking for pthread.h
[1.307s] -- Looking for pthread.h - found
[1.307s] -- Performing Test CMAKE_HAVE_LIBC_PTHREAD
[1.440s] -- Performing Test CMAKE_HAVE_LIBC_PTHREAD - Success
[1.442s] -- Found Threads: TRUE  
[1.538s] -- Found sensor_msgs: 4.2.4 (/opt/ros/humble/share/sensor_msgs/cmake)
[1.577s] -- Found point_cloud_interfaces: 1.0.11 (/opt/ros/humble/share/point_cloud_interfaces/cmake)
[1.597s] -- Found benchdraco_point_cloud_interfaces: 0.0.0 (/root/ros2_ws/zed_catture/benchdraco_point_cloud_interfaces/install/benchdraco_point_cloud_interfaces/share/benchdraco_point_cloud_interfaces/cmake)
[1.616s] -- Found benchdraco_point_cloud_transport: 5.0.1 (/root/ros2_ws/zed_catture/benchdraco_point_cloud_transport/install/benchdraco_point_cloud_transport/share/benchdraco_point_cloud_transport/cmake)
[1.638s] [31mCMake Error at /root/ros2_ws/zed_catture/benchdraco_point_cloud_transport/install/benchdraco_point_cloud_transport/share/benchdraco_point_cloud_transport/cmake/ament_cmake_export_dependencies-extras.cmake:21 (find_package):
[1.638s]   By not providing "Findpluginlib::pluginlib.cmake" in CMAKE_MODULE_PATH this
[1.638s]   project has asked CMake to find a package configuration file provided by
[1.639s]   "pluginlib::pluginlib", but CMake did not find one.
[1.639s] 
[1.639s]   Could not find a package configuration file provided by
[1.639s]   "pluginlib::pluginlib" with any of the following names:
[1.639s] 
[1.639s]     pluginlib::pluginlibConfig.cmake
[1.640s]     pluginlib::pluginlib-config.cmake
[1.640s] 
[1.640s]   Add the installation prefix of "pluginlib::pluginlib" to CMAKE_PREFIX_PATH
[1.640s]   or set "pluginlib::pluginlib_DIR" to a directory containing one of the
[1.640s]   above files.  If "pluginlib::pluginlib" provides a separate development
[1.640s]   package or SDK, be sure it has been installed.
[1.641s] Call Stack (most recent call first):
[1.641s]   /root/ros2_ws/zed_catture/benchdraco_point_cloud_transport/install/benchdraco_point_cloud_transport/share/benchdraco_point_cloud_transport/cmake/benchdraco_point_cloud_transportConfig.cmake:41 (include)
[1.641s]   CMakeLists.txt:14 (find_package)
[1.641s] 
[1.641s] [0m
[1.641s] -- Configuring incomplete, errors occurred!
[1.642s] See also "/root/ros2_ws/zed_catture/pointcloud_decoder/build/pointcloud_decoder/CMakeFiles/CMakeOutput.log".
[1.649s] Invoked command in '/root/ros2_ws/zed_catture/pointcloud_decoder/build/pointcloud_decoder' returned '1': CMAKE_PREFIX_PATH=${CMAKE_PREFIX_PATH}:/opt/ros/humble /usr/bin/cmake /root/ros2_ws/zed_catture/pointcloud_decoder -DCMAKE_INSTALL_PREFIX=/root/ros2_ws/zed_catture/pointcloud_decoder/install/pointcloud_decoder
