[0.118s] DEBUG:colcon:Command line arguments: ['/usr/bin/colcon', 'build']
[0.118s] DEBUG:colcon:Parsed command line arguments: Namespace(log_base=None, log_level=None, verb_name='build', build_base='build', install_base='install', merge_install=False, symlink_install=False, test_result_base=None, continue_on_error=False, executor='parallel', parallel_workers=8, event_handlers=None, ignore_user_meta=False, metas=['./colcon.meta'], base_paths=['.'], packages_ignore=None, packages_ignore_regex=None, paths=None, packages_up_to=None, packages_up_to_regex=None, packages_above=None, packages_above_and_dependencies=None, packages_above_depth=None, packages_select_by_dep=None, packages_skip_by_dep=None, packages_skip_up_to=None, packages_select_build_failed=False, packages_skip_build_finished=False, packages_select_test_failures=False, packages_skip_test_passed=False, packages_select=None, packages_skip=None, packages_select_regex=None, packages_skip_regex=None, packages_start=None, packages_end=None, cmake_args=None, cmake_target=None, cmake_target_skip_unavailable=False, cmake_clean_cache=False, cmake_clean_first=False, cmake_force_configure=False, ament_cmake_args=None, catkin_cmake_args=None, catkin_skip_building_tests=False, mixin_files=None, mixin=None, verb_parser=<colcon_mixin.mixin.mixin_argument.MixinArgumentDecorator object at 0x7570584a9330>, verb_extension=<colcon_core.verb.build.BuildVerb object at 0x7570584a8e50>, main=<bound method BuildVerb.main of <colcon_core.verb.build.BuildVerb object at 0x7570584a8e50>>, mixin_verb=('build',))
[0.291s] Level 1:colcon.colcon_core.package_discovery:discover_packages(colcon_meta) check parameters
[0.291s] Level 1:colcon.colcon_core.package_discovery:discover_packages(recursive) check parameters
[0.291s] Level 1:colcon.colcon_core.package_discovery:discover_packages(ignore) check parameters
[0.291s] Level 1:colcon.colcon_core.package_discovery:discover_packages(path) check parameters
[0.291s] Level 1:colcon.colcon_core.package_discovery:discover_packages(colcon_meta) discover
[0.291s] Level 1:colcon.colcon_core.package_discovery:discover_packages(recursive) discover
[0.291s] INFO:colcon.colcon_core.package_discovery:Crawling recursively for packages in '/root/ros2_ws/zed_catture/pointcloud_decoder'
[0.291s] Level 1:colcon.colcon_core.package_identification:_identify(.) by extensions ['ignore', 'ignore_ament_install']
[0.291s] Level 1:colcon.colcon_core.package_identification:_identify(.) by extension 'ignore'
[0.291s] Level 1:colcon.colcon_core.package_identification:_identify(.) by extension 'ignore_ament_install'
[0.291s] Level 1:colcon.colcon_core.package_identification:_identify(.) by extensions ['colcon_pkg']
[0.291s] Level 1:colcon.colcon_core.package_identification:_identify(.) by extension 'colcon_pkg'
[0.291s] Level 1:colcon.colcon_core.package_identification:_identify(.) by extensions ['colcon_meta']
[0.291s] Level 1:colcon.colcon_core.package_identification:_identify(.) by extension 'colcon_meta'
[0.291s] Level 1:colcon.colcon_core.package_identification:_identify(.) by extensions ['ros']
[0.292s] Level 1:colcon.colcon_core.package_identification:_identify(.) by extension 'ros'
[0.307s] DEBUG:colcon.colcon_core.package_identification:Package '.' with type 'ros.ament_cmake' and name 'pointcloud_decoder'
[0.307s] Level 1:colcon.colcon_core.package_discovery:discover_packages(recursive) using defaults
[0.308s] Level 1:colcon.colcon_core.package_discovery:discover_packages(ignore) discover
[0.308s] Level 1:colcon.colcon_core.package_discovery:discover_packages(ignore) using defaults
[0.308s] Level 1:colcon.colcon_core.package_discovery:discover_packages(path) discover
[0.308s] Level 1:colcon.colcon_core.package_discovery:discover_packages(path) using defaults
[0.329s] Level 5:colcon.colcon_core.verb:set package 'pointcloud_decoder' build argument 'cmake_args' from command line to 'None'
[0.329s] Level 5:colcon.colcon_core.verb:set package 'pointcloud_decoder' build argument 'cmake_target' from command line to 'None'
[0.329s] Level 5:colcon.colcon_core.verb:set package 'pointcloud_decoder' build argument 'cmake_target_skip_unavailable' from command line to 'False'
[0.329s] Level 5:colcon.colcon_core.verb:set package 'pointcloud_decoder' build argument 'cmake_clean_cache' from command line to 'False'
[0.329s] Level 5:colcon.colcon_core.verb:set package 'pointcloud_decoder' build argument 'cmake_clean_first' from command line to 'False'
[0.329s] Level 5:colcon.colcon_core.verb:set package 'pointcloud_decoder' build argument 'cmake_force_configure' from command line to 'False'
[0.329s] Level 5:colcon.colcon_core.verb:set package 'pointcloud_decoder' build argument 'ament_cmake_args' from command line to 'None'
[0.329s] Level 5:colcon.colcon_core.verb:set package 'pointcloud_decoder' build argument 'catkin_cmake_args' from command line to 'None'
[0.329s] Level 5:colcon.colcon_core.verb:set package 'pointcloud_decoder' build argument 'catkin_skip_building_tests' from command line to 'False'
[0.329s] DEBUG:colcon.colcon_core.verb:Building package 'pointcloud_decoder' with the following arguments: {'ament_cmake_args': None, 'build_base': '/root/ros2_ws/zed_catture/pointcloud_decoder/build/pointcloud_decoder', 'catkin_cmake_args': None, 'catkin_skip_building_tests': False, 'cmake_args': None, 'cmake_clean_cache': False, 'cmake_clean_first': False, 'cmake_force_configure': False, 'cmake_target': None, 'cmake_target_skip_unavailable': False, 'install_base': '/root/ros2_ws/zed_catture/pointcloud_decoder/install/pointcloud_decoder', 'merge_install': False, 'path': '/root/ros2_ws/zed_catture/pointcloud_decoder', 'symlink_install': False, 'test_result_base': None}
[0.329s] INFO:colcon.colcon_core.executor:Executing jobs using 'parallel' executor
[0.331s] DEBUG:colcon.colcon_parallel_executor.executor.parallel:run_until_complete
[0.331s] INFO:colcon.colcon_ros.task.ament_cmake.build:Building ROS package in '/root/ros2_ws/zed_catture/pointcloud_decoder' with build type 'ament_cmake'
[0.331s] INFO:colcon.colcon_cmake.task.cmake.build:Building CMake package in '/root/ros2_ws/zed_catture/pointcloud_decoder'
[0.334s] INFO:colcon.colcon_core.plugin_system:Skipping extension 'colcon_core.shell.bat': Not used on non-Windows systems
[0.334s] INFO:colcon.colcon_core.shell:Skip shell extension 'powershell' for command environment: Not usable outside of PowerShell
[0.334s] DEBUG:colcon.colcon_core.shell:Skip shell extension 'dsv' for command environment
[0.335s] WARNING:colcon.colcon_core.prefix_path.colcon:The path '/root/ros2_ws/zed_catture/point_cloud_transport/point_cloud_transport/install' in the environment variable COLCON_PREFIX_PATH doesn't exist
[0.335s] WARNING:colcon.colcon_core.prefix_path.colcon:The path '/root/ros2_ws/zed_catture/install' in the environment variable COLCON_PREFIX_PATH doesn't exist
[0.335s] WARNING:colcon.colcon_ros.prefix_path.ament:The path '/root/ros2_ws/zed_catture/point_cloud_transport/point_cloud_transport/install/point_cloud_transport' in the environment variable AMENT_PREFIX_PATH doesn't exist
[0.335s] WARNING:colcon.colcon_ros.prefix_path.ament:The path '/root/ros2_ws/zed_catture/install/benchdraco_point_cloud_transport' in the environment variable AMENT_PREFIX_PATH doesn't exist
[0.335s] WARNING:colcon.colcon_ros.prefix_path.ament:The path '/root/ros2_ws/zed_catture/install/benchdraco_point_cloud_interfaces' in the environment variable AMENT_PREFIX_PATH doesn't exist
[0.336s] WARNING:colcon.colcon_ros.prefix_path.catkin:The path '/root/ros2_ws/zed_catture/point_cloud_transport/point_cloud_transport/install/point_cloud_transport' in the environment variable CMAKE_PREFIX_PATH doesn't exist
[0.336s] WARNING:colcon.colcon_ros.prefix_path.catkin:The path '/root/ros2_ws/zed_catture/install/benchdraco_point_cloud_transport' in the environment variable CMAKE_PREFIX_PATH doesn't exist
[0.336s] WARNING:colcon.colcon_ros.prefix_path.catkin:The path '/root/ros2_ws/zed_catture/install/benchdraco_point_cloud_interfaces' in the environment variable CMAKE_PREFIX_PATH doesn't exist
[0.354s] DEBUG:colcon.colcon_core.event_handler.log_command:Invoking command in '/root/ros2_ws/zed_catture/pointcloud_decoder/build/pointcloud_decoder': CMAKE_PREFIX_PATH=${CMAKE_PREFIX_PATH}:/opt/ros/humble /usr/bin/cmake /root/ros2_ws/zed_catture/pointcloud_decoder -DCMAKE_INSTALL_PREFIX=/root/ros2_ws/zed_catture/pointcloud_decoder/install/pointcloud_decoder
[0.882s] DEBUG:colcon.colcon_core.event_handler.log_command:Invoked command in '/root/ros2_ws/zed_catture/pointcloud_decoder/build/pointcloud_decoder' returned '1': CMAKE_PREFIX_PATH=${CMAKE_PREFIX_PATH}:/opt/ros/humble /usr/bin/cmake /root/ros2_ws/zed_catture/pointcloud_decoder -DCMAKE_INSTALL_PREFIX=/root/ros2_ws/zed_catture/pointcloud_decoder/install/pointcloud_decoder
[0.913s] Level 1:colcon.colcon_core.environment:create_environment_scripts_only(pointcloud_decoder)
[0.919s] Level 1:colcon.colcon_core.environment:checking '/root/ros2_ws/zed_catture/pointcloud_decoder/install/pointcloud_decoder' for CMake module files
[0.921s] Level 1:colcon.colcon_core.environment:checking '/root/ros2_ws/zed_catture/pointcloud_decoder/install/pointcloud_decoder' for CMake config files
[0.922s] Level 1:colcon.colcon_core.environment:checking '/root/ros2_ws/zed_catture/pointcloud_decoder/install/pointcloud_decoder/bin'
[0.922s] Level 1:colcon.colcon_core.environment:checking '/root/ros2_ws/zed_catture/pointcloud_decoder/install/pointcloud_decoder/lib/pkgconfig/pointcloud_decoder.pc'
[0.928s] Level 1:colcon.colcon_core.environment:checking '/root/ros2_ws/zed_catture/pointcloud_decoder/install/pointcloud_decoder/lib/python3.10/site-packages'
[0.929s] Level 1:colcon.colcon_core.environment:checking '/root/ros2_ws/zed_catture/pointcloud_decoder/install/pointcloud_decoder/bin'
[0.929s] INFO:colcon.colcon_core.shell:Creating package script '/root/ros2_ws/zed_catture/pointcloud_decoder/install/pointcloud_decoder/share/pointcloud_decoder/package.ps1'
[0.932s] INFO:colcon.colcon_core.shell:Creating package descriptor '/root/ros2_ws/zed_catture/pointcloud_decoder/install/pointcloud_decoder/share/pointcloud_decoder/package.dsv'
[0.933s] INFO:colcon.colcon_core.shell:Creating package script '/root/ros2_ws/zed_catture/pointcloud_decoder/install/pointcloud_decoder/share/pointcloud_decoder/package.sh'
[0.935s] INFO:colcon.colcon_core.shell:Creating package script '/root/ros2_ws/zed_catture/pointcloud_decoder/install/pointcloud_decoder/share/pointcloud_decoder/package.bash'
[0.938s] INFO:colcon.colcon_core.shell:Creating package script '/root/ros2_ws/zed_catture/pointcloud_decoder/install/pointcloud_decoder/share/pointcloud_decoder/package.zsh'
[0.940s] Level 1:colcon.colcon_core.environment:create_file_with_runtime_dependencies(/root/ros2_ws/zed_catture/pointcloud_decoder/install/pointcloud_decoder/share/colcon-core/packages/pointcloud_decoder)
[0.951s] DEBUG:colcon.colcon_parallel_executor.executor.parallel:closing loop
[0.951s] DEBUG:colcon.colcon_parallel_executor.executor.parallel:loop closed
[0.951s] DEBUG:colcon.colcon_parallel_executor.executor.parallel:run_until_complete finished with '1'
[0.952s] DEBUG:colcon.colcon_core.event_reactor:joining thread
[0.966s] INFO:colcon.colcon_core.plugin_system:Skipping extension 'colcon_notification.desktop_notification.notify_send': Could not find 'notify-send'
[0.966s] INFO:colcon.colcon_core.plugin_system:Skipping extension 'colcon_notification.desktop_notification.terminal_notifier': Not used on non-Darwin systems
[0.967s] INFO:colcon.colcon_core.plugin_system:Skipping extension 'colcon_notification.desktop_notification.win32': Not used on non-Windows systems
[0.967s] INFO:colcon.colcon_notification.desktop_notification:Sending desktop notification using 'notify2'
[0.975s] DEBUG:colcon.colcon_notification.desktop_notification.notify2:Failed to initialize notify2: org.freedesktop.DBus.Error.Spawn.ExecFailed: /usr/bin/dbus-launch terminated abnormally without any error message
[0.976s] DEBUG:colcon.colcon_core.event_reactor:joined thread
[0.977s] INFO:colcon.colcon_core.shell:Creating prefix script '/root/ros2_ws/zed_catture/pointcloud_decoder/install/local_setup.ps1'
[0.980s] INFO:colcon.colcon_core.shell:Creating prefix util module '/root/ros2_ws/zed_catture/pointcloud_decoder/install/_local_setup_util_ps1.py'
[0.984s] INFO:colcon.colcon_core.shell:Creating prefix chain script '/root/ros2_ws/zed_catture/pointcloud_decoder/install/setup.ps1'
[0.989s] INFO:colcon.colcon_core.shell:Creating prefix script '/root/ros2_ws/zed_catture/pointcloud_decoder/install/local_setup.sh'
[0.991s] INFO:colcon.colcon_core.shell:Creating prefix util module '/root/ros2_ws/zed_catture/pointcloud_decoder/install/_local_setup_util_sh.py'
[0.992s] INFO:colcon.colcon_core.shell:Creating prefix chain script '/root/ros2_ws/zed_catture/pointcloud_decoder/install/setup.sh'
[0.997s] INFO:colcon.colcon_core.shell:Creating prefix script '/root/ros2_ws/zed_catture/pointcloud_decoder/install/local_setup.bash'
[0.998s] INFO:colcon.colcon_core.shell:Creating prefix chain script '/root/ros2_ws/zed_catture/pointcloud_decoder/install/setup.bash'
[1.006s] INFO:colcon.colcon_core.shell:Creating prefix script '/root/ros2_ws/zed_catture/pointcloud_decoder/install/local_setup.zsh'
[1.007s] INFO:colcon.colcon_core.shell:Creating prefix chain script '/root/ros2_ws/zed_catture/pointcloud_decoder/install/setup.zsh'
