[0.020s] Invoking command in '/root/ros2_ws/zed_catture/pointcloud_decoder/build/pointcloud_decoder': CMAKE_PREFIX_PATH=${CMAKE_PREFIX_PATH}:/opt/ros/humble /usr/bin/cmake /root/ros2_ws/zed_catture/pointcloud_decoder -DCMAKE_INSTALL_PREFIX=/root/ros2_ws/zed_catture/pointcloud_decoder/install/pointcloud_decoder
[0.123s] -- The C compiler identification is GNU 11.4.0
[0.215s] -- The CXX compiler identification is GNU 11.4.0
[0.228s] -- Detecting C compiler ABI info
[0.353s] -- Detecting C compiler ABI info - done
[0.363s] -- Check for working C compiler: /usr/bin/cc - skipped
[0.363s] -- Detecting C compile features
[0.364s] -- Detecting C compile features - done
[0.368s] -- Detecting CXX compiler ABI info
[0.496s] -- Detecting CXX compiler ABI info - done
[0.508s] -- Check for working CXX compiler: /usr/bin/c++ - skipped
[0.508s] -- Detecting CXX compile features
[0.509s] -- Detecting CXX compile features - done
[0.513s] -- Found ament_cmake: 1.3.10 (/opt/ros/humble/share/ament_cmake/cmake)
[0.706s] -- Found Python3: /usr/bin/python3 (found version "3.10.12") found components: Interpreter 
[0.842s] -- Found rclcpp: 16.0.10 (/opt/ros/humble/share/rclcpp/cmake)
[0.907s] -- Found rosidl_generator_c: 3.1.5 (/opt/ros/humble/share/rosidl_generator_c/cmake)
[0.916s] -- Found rosidl_adapter: 3.1.5 (/opt/ros/humble/share/rosidl_adapter/cmake)
[0.928s] -- Found rosidl_generator_cpp: 3.1.5 (/opt/ros/humble/share/rosidl_generator_cpp/cmake)
[0.947s] -- Using all available rosidl_typesupport_c: rosidl_typesupport_fastrtps_c;rosidl_typesupport_introspection_c
[0.971s] -- Using all available rosidl_typesupport_cpp: rosidl_typesupport_fastrtps_cpp;rosidl_typesupport_introspection_cpp
[1.037s] -- Found rmw_implementation_cmake: 6.1.2 (/opt/ros/humble/share/rmw_implementation_cmake/cmake)
[1.043s] -- Found rmw_cyclonedds_cpp: 1.3.4 (/opt/ros/humble/share/rmw_cyclonedds_cpp/cmake)
[1.076s] -- Using RMW implementation 'rmw_cyclonedds_cpp' as default
[1.091s] -- Looking for pthread.h
[1.237s] -- Looking for pthread.h - found
[1.238s] -- Performing Test CMAKE_HAVE_LIBC_PTHREAD
[1.369s] -- Performing Test CMAKE_HAVE_LIBC_PTHREAD - Success
[1.372s] -- Found Threads: TRUE  
[1.467s] -- Found sensor_msgs: 4.2.4 (/opt/ros/humble/share/sensor_msgs/cmake)
[1.505s] -- Found point_cloud_interfaces: 1.0.11 (/opt/ros/humble/share/point_cloud_interfaces/cmake)
[1.528s] -- Found point_cloud_transport: 1.0.18 (/opt/ros/humble/share/point_cloud_transport/cmake)
[1.586s] -- Found benchdraco_point_cloud_interfaces: 0.0.0 (/root/ros2_ws/zed_catture/benchdraco_point_cloud_interfaces/install/benchdraco_point_cloud_interfaces/share/benchdraco_point_cloud_interfaces/cmake)
[1.606s] -- Found benchdraco_point_cloud_transport: 5.0.1 (/root/ros2_ws/zed_catture/benchdraco_point_cloud_transport/install/benchdraco_point_cloud_transport/share/benchdraco_point_cloud_transport/cmake)
[1.627s] [31mCMake Error at /root/ros2_ws/zed_catture/benchdraco_point_cloud_transport/install/benchdraco_point_cloud_transport/share/benchdraco_point_cloud_transport/cmake/ament_cmake_export_dependencies-extras.cmake:21 (find_package):
[1.627s]   By not providing "Findpluginlib::pluginlib.cmake" in CMAKE_MODULE_PATH this
[1.627s]   project has asked CMake to find a package configuration file provided by
[1.627s]   "pluginlib::pluginlib", but CMake did not find one.
[1.628s] 
[1.628s]   Could not find a package configuration file provided by
[1.628s]   "pluginlib::pluginlib" with any of the following names:
[1.628s] 
[1.628s]     pluginlib::pluginlibConfig.cmake
[1.629s]     pluginlib::pluginlib-config.cmake
[1.629s] 
[1.629s]   Add the installation prefix of "pluginlib::pluginlib" to CMAKE_PREFIX_PATH
[1.629s]   or set "pluginlib::pluginlib_DIR" to a directory containing one of the
[1.630s]   above files.  If "pluginlib::pluginlib" provides a separate development
[1.630s]   package or SDK, be sure it has been installed.
[1.630s] Call Stack (most recent call first):
[1.630s]   /root/ros2_ws/zed_catture/benchdraco_point_cloud_transport/install/benchdraco_point_cloud_transport/share/benchdraco_point_cloud_transport/cmake/benchdraco_point_cloud_transportConfig.cmake:41 (include)
[1.630s]   CMakeLists.txt:15 (find_package)
[1.631s] 
[1.631s] [0m
[1.631s] -- Configuring incomplete, errors occurred!
[1.631s] See also "/root/ros2_ws/zed_catture/pointcloud_decoder/build/pointcloud_decoder/CMakeFiles/CMakeOutput.log".
[1.637s] Invoked command in '/root/ros2_ws/zed_catture/pointcloud_decoder/build/pointcloud_decoder' returned '1': CMAKE_PREFIX_PATH=${CMAKE_PREFIX_PATH}:/opt/ros/humble /usr/bin/cmake /root/ros2_ws/zed_catture/pointcloud_decoder -DCMAKE_INSTALL_PREFIX=/root/ros2_ws/zed_catture/pointcloud_decoder/install/pointcloud_decoder
