[35m[1mConsolidate compiler generated dependencies of target draco_compression_attributes_pred_schemes_dec[0m
[35m[1mConsolidate compiler generated dependencies of target draco_compression_attributes_pred_schemes_enc[0m
[35m[1mConsolidate compiler generated dependencies of target draco_attributes[0m
[35m[1mConsolidate compiler generated dependencies of target draco_compression_attributes_dec[0m
[35m[1mConsolidate compiler generated dependencies of target draco_enc_config[0m
[35m[1mConsolidate compiler generated dependencies of target draco_dec_config[0m
[35m[1mConsolidate compiler generated dependencies of target draco_compression_bit_coders[0m
[35m[1mConsolidate compiler generated dependencies of target draco_compression_attributes_enc[0m
[  2%] Built target draco_enc_config
[  2%] Built target draco_compression_attributes_pred_schemes_dec
[  3%] Built target draco_dec_config
[  4%] Built target draco_compression_attributes_pred_schemes_enc
[  9%] Built target draco_attributes
[35m[1mConsolidate compiler generated dependencies of target draco_compression_decode[0m
[ 23%] Built target draco_compression_bit_coders
[ 24%] Built target draco_compression_attributes_dec
[35m[1mConsolidate compiler generated dependencies of target draco_compression_encode[0m
[35m[1mConsolidate compiler generated dependencies of target draco_compression_entropy[0m
[ 31%] Built target draco_compression_attributes_enc
[35m[1mConsolidate compiler generated dependencies of target draco_compression_mesh_traverser[0m
[35m[1mConsolidate compiler generated dependencies of target draco_compression_mesh_dec[0m
[35m[1mConsolidate compiler generated dependencies of target draco_compression_point_cloud_dec[0m
[35m[1mConsolidate compiler generated dependencies of target draco_compression_mesh_enc[0m
[ 31%] Built target draco_compression_decode
[35m[1mConsolidate compiler generated dependencies of target draco_compression_point_cloud_enc[0m
[ 32%] Built target draco_compression_mesh_traverser
[ 34%] Built target draco_compression_encode
[ 37%] Built target draco_compression_entropy
[35m[1mConsolidate compiler generated dependencies of target draco_core[0m
[35m[1mConsolidate compiler generated dependencies of target draco_io[0m
[ 44%] Built target draco_compression_point_cloud_dec
[ 44%] Built target draco_compression_mesh_dec
[35m[1mConsolidate compiler generated dependencies of target draco_mesh[0m
[ 47%] Built target draco_compression_point_cloud_enc
[35m[1mConsolidate compiler generated dependencies of target draco_metadata_dec[0m
[ 51%] Built target draco_compression_mesh_enc
[35m[1mConsolidate compiler generated dependencies of target draco_metadata_enc[0m
[ 52%] [32mBuilding CXX object CMakeFiles/draco_core.dir/src/draco/core/hash_utils.cc.o[0m
[ 53%] Built target draco_metadata_dec
[ 54%] [32mBuilding CXX object CMakeFiles/draco_io.dir/src/draco/io/parser_utils.cc.o[0m
[ 57%] [32mBuilding CXX object CMakeFiles/draco_metadata.dir/src/draco/metadata/geometry_metadata.cc.o[0m
[ 63%] Built target draco_mesh
[ 64%] [32mBuilding CXX object CMakeFiles/draco_animation_dec.dir/src/draco/animation/keyframe_animation_decoder.cc.o[0m
[ 65%] [32mBuilding CXX object CMakeFiles/draco_metadata.dir/src/draco/metadata/metadata.cc.o[0m
[ 66%] [32mBuilding CXX object CMakeFiles/draco_animation_enc.dir/src/draco/animation/keyframe_animation_encoder.cc.o[0m
[ 67%] Built target draco_metadata_enc
[ 68%] [32mBuilding CXX object CMakeFiles/draco_io.dir/src/draco/io/point_cloud_io.cc.o[0m
[ 69%] [32mBuilding CXX object CMakeFiles/draco_animation.dir/src/draco/animation/keyframe_animation.cc.o[0m
In file included from [01m[K/root/home/point_cloud_transport_ws/src/draco/src/draco/core/hash_utils.cc:15[m[K:
[01m[K/root/home/point_cloud_transport_ws/src/draco/src/draco/core/hash_utils.h:26:1:[m[K [01;31m[Kerror: [m[K‘[01m[Ksize_t[m[K’ does not name a type
   26 | [01;31m[Ksize_t[m[K HashCombine(T1 a, T2 b) {
      | [01;31m[K^~~~~~[m[K
[01m[K/root/home/point_cloud_transport_ws/src/draco/src/draco/core/hash_utils.h:20:1:[m[K [01;36m[Knote: [m[K‘[01m[Ksize_t[m[K’ is defined in header ‘[01m[K<cstddef>[m[K’; did you forget to ‘[01m[K#include <cstddef>[m[K’?
   19 | #include <functional>
  +++ |+[32m[K#include <cstddef>[m[K
   20 | 
[01m[K/root/home/point_cloud_transport_ws/src/draco/src/draco/core/hash_utils.h:33:1:[m[K [01;31m[Kerror: [m[K‘[01m[Ksize_t[m[K’ does not name a type
   33 | [01;31m[Ksize_t[m[K HashCombine(T a, size_t hash) {
      | [01;31m[K^~~~~~[m[K
[01m[K/root/home/point_cloud_transport_ws/src/draco/src/draco/core/hash_utils.h:33:1:[m[K [01;36m[Knote: [m[K‘[01m[Ksize_t[m[K’ is defined in header ‘[01m[K<cstddef>[m[K’; did you forget to ‘[01m[K#include <cstddef>[m[K’?
[01m[K/root/home/point_cloud_transport_ws/src/draco/src/draco/core/hash_utils.h:43:43:[m[K [01;31m[Kerror: [m[K‘[01m[Ksize_t[m[K’ has not been declared
   43 | uint64_t FingerprintString(const char *s, [01;31m[Ksize_t[m[K len);
      |                                           [01;31m[K^~~~~~[m[K
[01m[K/root/home/point_cloud_transport_ws/src/draco/src/draco/core/hash_utils.h:48:3:[m[K [01;31m[Kerror: [m[K‘[01m[Ksize_t[m[K’ does not name a type
   48 |   [01;31m[Ksize_t[m[K operator()(const T &a) const {
      |   [01;31m[K^~~~~~[m[K
[01m[K/root/home/point_cloud_transport_ws/src/draco/src/draco/core/hash_utils.h:48:3:[m[K [01;36m[Knote: [m[K‘[01m[Ksize_t[m[K’ is defined in header ‘[01m[K<cstddef>[m[K’; did you forget to ‘[01m[K#include <cstddef>[m[K’?
[01m[K/root/home/point_cloud_transport_ws/src/draco/src/draco/core/hash_utils.h:57:3:[m[K [01;31m[Kerror: [m[K‘[01m[Ksize_t[m[K’ does not name a type
   57 |   [01;31m[Ksize_t[m[K ValueHash(const V &val) const {
      |   [01;31m[K^~~~~~[m[K
[01m[K/root/home/point_cloud_transport_ws/src/draco/src/draco/core/hash_utils.h:57:3:[m[K [01;36m[Knote: [m[K‘[01m[Ksize_t[m[K’ is defined in header ‘[01m[K<cstddef>[m[K’; did you forget to ‘[01m[K#include <cstddef>[m[K’?
gmake[2]: *** [CMakeFiles/draco_core.dir/build.make:188: CMakeFiles/draco_core.dir/src/draco/core/hash_utils.cc.o] Error 1
gmake[1]: *** [CMakeFiles/Makefile2:563: CMakeFiles/draco_core.dir/all] Error 2
gmake[1]: *** Waiting for unfinished jobs....
[01m[K/root/home/point_cloud_transport_ws/src/draco/src/draco/io/parser_utils.cc:[m[K In function ‘[01m[Kbool draco::parser::ParseFloat(draco::DecoderBuffer*, float*)[m[K’:
[01m[K/root/home/point_cloud_transport_ws/src/draco/src/draco/io/parser_utils.cc:113:16:[m[K [01;31m[Kerror: [m[K‘[01m[Knumeric_limits[m[K’ is not a member of ‘[01m[Kstd[m[K’
  113 |       v = std::[01;31m[Knumeric_limits[m[K<double>::infinity();
      |                [01;31m[K^~~~~~~~~~~~~~[m[K
[01m[K/root/home/point_cloud_transport_ws/src/draco/src/draco/io/parser_utils.cc:113:31:[m[K [01;31m[Kerror: [m[Kexpected primary-expression before ‘[01m[Kdouble[m[K’
  113 |       v = std::numeric_limits<[01;31m[Kdouble[m[K>::infinity();
      |                               [01;31m[K^~~~~~[m[K
gmake[2]: *** [CMakeFiles/draco_io.dir/build.make:132: CMakeFiles/draco_io.dir/src/draco/io/parser_utils.cc.o] Error 1
gmake[2]: *** Waiting for unfinished jobs....
[ 69%] Built target draco_animation_dec
[ 69%] Built target draco_animation_enc
[ 69%] Built target draco_animation
[ 69%] Built target draco_metadata
gmake[1]: *** [CMakeFiles/Makefile2:589: CMakeFiles/draco_io.dir/all] Error 2
gmake: *** [Makefile:136: all] Error 2
