[35m[1mConsolidate compiler generated dependencies of target draco_compression_attributes_pred_schemes_dec[0m
[35m[1mConsolidate compiler generated dependencies of target draco_compression_attributes_pred_schemes_enc[0m
[35m[1mConsolidate compiler generated dependencies of target draco_attributes[0m
[35m[1mConsolidate compiler generated dependencies of target draco_compression_attributes_dec[0m
[35m[1mConsolidate compiler generated dependencies of target draco_enc_config[0m
[35m[1mConsolidate compiler generated dependencies of target draco_dec_config[0m
[35m[1mConsolidate compiler generated dependencies of target draco_compression_bit_coders[0m
[35m[1mConsolidate compiler generated dependencies of target draco_compression_attributes_enc[0m
[  2%] Built target draco_enc_config
[  2%] Built target draco_compression_attributes_pred_schemes_dec
[  3%] Built target draco_dec_config
[  4%] Built target draco_compression_attributes_pred_schemes_enc
[  9%] Built target draco_attributes
[35m[1mConsolidate compiler generated dependencies of target draco_compression_decode[0m
[ 23%] Built target draco_compression_bit_coders
[ 24%] Built target draco_compression_attributes_dec
[35m[1mConsolidate compiler generated dependencies of target draco_compression_encode[0m
[35m[1mConsolidate compiler generated dependencies of target draco_compression_entropy[0m
[ 31%] Built target draco_compression_attributes_enc
[35m[1mConsolidate compiler generated dependencies of target draco_compression_mesh_traverser[0m
[35m[1mConsolidate compiler generated dependencies of target draco_compression_mesh_dec[0m
[35m[1mConsolidate compiler generated dependencies of target draco_compression_point_cloud_dec[0m
[35m[1mConsolidate compiler generated dependencies of target draco_compression_mesh_enc[0m
[ 31%] Built target draco_compression_decode
[35m[1mConsolidate compiler generated dependencies of target draco_compression_point_cloud_enc[0m
[ 32%] Built target draco_compression_mesh_traverser
[ 34%] Built target draco_compression_encode
[ 37%] Built target draco_compression_entropy
[35m[1mConsolidate compiler generated dependencies of target draco_core[0m
[35m[1mConsolidate compiler generated dependencies of target draco_io[0m
[ 44%] Built target draco_compression_point_cloud_dec
[ 44%] Built target draco_compression_mesh_dec
[35m[1mConsolidate compiler generated dependencies of target draco_mesh[0m
[ 47%] Built target draco_compression_point_cloud_enc
[35m[1mConsolidate compiler generated dependencies of target draco_metadata_dec[0m
[ 51%] Built target draco_compression_mesh_enc
[35m[1mConsolidate compiler generated dependencies of target draco_metadata_enc[0m
[ 52%] [32mBuilding CXX object CMakeFiles/draco_core.dir/src/draco/core/hash_utils.cc.o[0m
[ 53%] Built target draco_metadata_dec
[ 54%] [32mBuilding CXX object CMakeFiles/draco_io.dir/src/draco/io/parser_utils.cc.o[0m
[ 57%] [32mBuilding CXX object CMakeFiles/draco_metadata.dir/src/draco/metadata/geometry_metadata.cc.o[0m
[ 63%] Built target draco_mesh
[ 64%] [32mBuilding CXX object CMakeFiles/draco_animation_dec.dir/src/draco/animation/keyframe_animation_decoder.cc.o[0m
[ 65%] [32mBuilding CXX object CMakeFiles/draco_metadata.dir/src/draco/metadata/metadata.cc.o[0m
[ 66%] [32mBuilding CXX object CMakeFiles/draco_animation_enc.dir/src/draco/animation/keyframe_animation_encoder.cc.o[0m
[ 67%] Built target draco_metadata_enc
[ 68%] [32mBuilding CXX object CMakeFiles/draco_io.dir/src/draco/io/point_cloud_io.cc.o[0m
[ 69%] [32mBuilding CXX object CMakeFiles/draco_animation.dir/src/draco/animation/keyframe_animation.cc.o[0m
[ 69%] Built target draco_animation_dec
[ 69%] Built target draco_animation_enc
[ 69%] Built target draco_animation
[ 69%] Built target draco_metadata
