[0.177s] DEBUG:colcon:Command line arguments: ['/usr/bin/colcon', 'build', '--parallel-workers', '8', '--symlink-install', '--event-handlers', 'console_direct+', '--base-paths', 'src', '--cmake-args', ' -DCMAKE_BUILD_TYPE=Release', ' -DCMAKE_LIBRARY_PATH=/usr/local/cuda/lib64/stubs', ' -DCMAKE_CXX_FLAGS="-Wl,--allow-shlib-undefined"']
[0.177s] DEBUG:colcon:Parsed command line arguments: Namespace(log_base=None, log_level=None, verb_name='build', build_base='build', install_base='install', merge_install=False, symlink_install=True, test_result_base=None, continue_on_error=False, executor='parallel', parallel_workers=8, event_handlers=['console_direct+'], ignore_user_meta=False, metas=['./colcon.meta'], base_paths=['src'], packages_ignore=None, packages_ignore_regex=None, paths=None, packages_up_to=None, packages_up_to_regex=None, packages_above=None, packages_above_and_dependencies=None, packages_above_depth=None, packages_select_by_dep=None, packages_skip_by_dep=None, packages_skip_up_to=None, packages_select_build_failed=False, packages_skip_build_finished=False, packages_select_test_failures=False, packages_skip_test_passed=False, packages_select=None, packages_skip=None, packages_select_regex=None, packages_skip_regex=None, packages_start=None, packages_end=None, cmake_args=['-DCMAKE_BUILD_TYPE=Release', '-DCMAKE_LIBRARY_PATH=/usr/local/cuda/lib64/stubs', '-DCMAKE_CXX_FLAGS="-Wl,--allow-shlib-undefined"'], cmake_target=None, cmake_target_skip_unavailable=False, cmake_clean_cache=False, cmake_clean_first=False, cmake_force_configure=False, ament_cmake_args=None, catkin_cmake_args=None, catkin_skip_building_tests=False, mixin_files=None, mixin=None, verb_parser=<colcon_mixin.mixin.mixin_argument.MixinArgumentDecorator object at 0x7fc749f600a0>, verb_extension=<colcon_core.verb.build.BuildVerb object at 0x7fc74a0a0760>, main=<bound method BuildVerb.main of <colcon_core.verb.build.BuildVerb object at 0x7fc74a0a0760>>, mixin_verb=('build',))
[0.386s] Level 1:colcon.colcon_core.package_discovery:discover_packages(colcon_meta) check parameters
[0.387s] INFO:colcon.colcon_metadata.package_discovery.colcon_meta:Using configuration from '/root/.colcon/metadata/default/Gazebo.meta'
[0.388s] INFO:colcon.colcon_metadata.package_discovery.colcon_meta:Using configuration from '/root/.colcon/metadata/default/fastrtps.meta'
[0.388s] Level 1:colcon.colcon_core.package_discovery:discover_packages(recursive) check parameters
[0.388s] Level 1:colcon.colcon_core.package_discovery:discover_packages(ignore) check parameters
[0.388s] Level 1:colcon.colcon_core.package_discovery:discover_packages(path) check parameters
[0.388s] Level 1:colcon.colcon_core.package_discovery:discover_packages(recursive) discover
[0.388s] INFO:colcon.colcon_core.package_discovery:Crawling recursively for packages in '/root/home/point_cloud_transport_ws/src'
[0.388s] Level 1:colcon.colcon_core.package_identification:_identify(src) by extensions ['ignore', 'ignore_ament_install']
[0.388s] Level 1:colcon.colcon_core.package_identification:_identify(src) by extension 'ignore'
[0.388s] Level 1:colcon.colcon_core.package_identification:_identify(src) by extension 'ignore_ament_install'
[0.388s] Level 1:colcon.colcon_core.package_identification:_identify(src) by extensions ['colcon_pkg']
[0.388s] Level 1:colcon.colcon_core.package_identification:_identify(src) by extension 'colcon_pkg'
[0.389s] Level 1:colcon.colcon_core.package_identification:_identify(src) by extensions ['colcon_meta']
[0.389s] Level 1:colcon.colcon_core.package_identification:_identify(src) by extension 'colcon_meta'
[0.389s] Level 1:colcon.colcon_core.package_identification:_identify(src) by extensions ['ros']
[0.389s] Level 1:colcon.colcon_core.package_identification:_identify(src) by extension 'ros'
[0.408s] Level 1:colcon.colcon_core.package_identification:_identify(src) by extensions ['cmake', 'python']
[0.409s] Level 1:colcon.colcon_core.package_identification:_identify(src) by extension 'cmake'
[0.409s] Level 1:colcon.colcon_core.package_identification:_identify(src) by extension 'python'
[0.409s] Level 1:colcon.colcon_core.package_identification:_identify(src) by extensions ['python_setup_py']
[0.409s] Level 1:colcon.colcon_core.package_identification:_identify(src) by extension 'python_setup_py'
[0.409s] Level 1:colcon.colcon_core.package_identification:_identify(src/draco) by extensions ['ignore', 'ignore_ament_install']
[0.409s] Level 1:colcon.colcon_core.package_identification:_identify(src/draco) by extension 'ignore'
[0.410s] Level 1:colcon.colcon_core.package_identification:_identify(src/draco) by extension 'ignore_ament_install'
[0.410s] Level 1:colcon.colcon_core.package_identification:_identify(src/draco) by extensions ['colcon_pkg']
[0.410s] Level 1:colcon.colcon_core.package_identification:_identify(src/draco) by extension 'colcon_pkg'
[0.410s] Level 1:colcon.colcon_core.package_identification:_identify(src/draco) by extensions ['colcon_meta']
[0.410s] Level 1:colcon.colcon_core.package_identification:_identify(src/draco) by extension 'colcon_meta'
[0.410s] Level 1:colcon.colcon_core.package_identification:_identify(src/draco) by extensions ['ros']
[0.410s] Level 1:colcon.colcon_core.package_identification:_identify(src/draco) by extension 'ros'
[0.414s] DEBUG:colcon.colcon_core.package_identification:Package 'src/draco' with type 'ros.cmake' and name 'draco'
[0.415s] Level 1:colcon.colcon_core.package_identification:_identify(src/draco_point_cloud_transport) by extensions ['ignore', 'ignore_ament_install']
[0.415s] Level 1:colcon.colcon_core.package_identification:_identify(src/draco_point_cloud_transport) by extension 'ignore'
[0.415s] Level 1:colcon.colcon_core.package_identification:_identify(src/draco_point_cloud_transport) by extension 'ignore_ament_install'
[0.415s] Level 1:colcon.colcon_core.package_identification:_identify(src/draco_point_cloud_transport) by extensions ['colcon_pkg']
[0.415s] Level 1:colcon.colcon_core.package_identification:_identify(src/draco_point_cloud_transport) by extension 'colcon_pkg'
[0.415s] Level 1:colcon.colcon_core.package_identification:_identify(src/draco_point_cloud_transport) by extensions ['colcon_meta']
[0.415s] Level 1:colcon.colcon_core.package_identification:_identify(src/draco_point_cloud_transport) by extension 'colcon_meta'
[0.415s] Level 1:colcon.colcon_core.package_identification:_identify(src/draco_point_cloud_transport) by extensions ['ros']
[0.415s] Level 1:colcon.colcon_core.package_identification:_identify(src/draco_point_cloud_transport) by extension 'ros'
[0.416s] DEBUG:colcon.colcon_core.package_identification:Package 'src/draco_point_cloud_transport' with type 'ros.catkin' and name 'draco_point_cloud_transport'
[0.417s] Level 1:colcon.colcon_core.package_identification:_identify(src/point_cloud_transport) by extensions ['ignore', 'ignore_ament_install']
[0.417s] Level 1:colcon.colcon_core.package_identification:_identify(src/point_cloud_transport) by extension 'ignore'
[0.417s] Level 1:colcon.colcon_core.package_identification:_identify(src/point_cloud_transport) by extension 'ignore_ament_install'
[0.417s] Level 1:colcon.colcon_core.package_identification:_identify(src/point_cloud_transport) by extensions ['colcon_pkg']
[0.417s] Level 1:colcon.colcon_core.package_identification:_identify(src/point_cloud_transport) by extension 'colcon_pkg'
[0.417s] Level 1:colcon.colcon_core.package_identification:_identify(src/point_cloud_transport) by extensions ['colcon_meta']
[0.417s] Level 1:colcon.colcon_core.package_identification:_identify(src/point_cloud_transport) by extension 'colcon_meta'
[0.417s] Level 1:colcon.colcon_core.package_identification:_identify(src/point_cloud_transport) by extensions ['ros']
[0.417s] Level 1:colcon.colcon_core.package_identification:_identify(src/point_cloud_transport) by extension 'ros'
[0.419s] DEBUG:colcon.colcon_core.package_identification:Package 'src/point_cloud_transport' with type 'ros.catkin' and name 'point_cloud_transport'
[0.419s] Level 1:colcon.colcon_core.package_identification:_identify(src/point_cloud_transport_plugins) by extensions ['ignore', 'ignore_ament_install']
[0.419s] Level 1:colcon.colcon_core.package_identification:_identify(src/point_cloud_transport_plugins) by extension 'ignore'
[0.419s] Level 1:colcon.colcon_core.package_identification:_identify(src/point_cloud_transport_plugins) by extension 'ignore_ament_install'
[0.419s] Level 1:colcon.colcon_core.package_identification:_identify(src/point_cloud_transport_plugins) by extensions ['colcon_pkg']
[0.419s] Level 1:colcon.colcon_core.package_identification:_identify(src/point_cloud_transport_plugins) by extension 'colcon_pkg'
[0.419s] Level 1:colcon.colcon_core.package_identification:_identify(src/point_cloud_transport_plugins) by extensions ['colcon_meta']
[0.419s] Level 1:colcon.colcon_core.package_identification:_identify(src/point_cloud_transport_plugins) by extension 'colcon_meta'
[0.419s] Level 1:colcon.colcon_core.package_identification:_identify(src/point_cloud_transport_plugins) by extensions ['ros']
[0.419s] Level 1:colcon.colcon_core.package_identification:_identify(src/point_cloud_transport_plugins) by extension 'ros'
[0.420s] DEBUG:colcon.colcon_core.package_identification:Package 'src/point_cloud_transport_plugins' with type 'ros.catkin' and name 'point_cloud_transport_plugins'
[0.420s] Level 1:colcon.colcon_core.package_discovery:discover_packages(recursive) using defaults
[0.450s] Level 5:colcon.colcon_core.verb:set package 'draco' build argument 'cmake_args' from command line to '['-DCMAKE_BUILD_TYPE=Release', '-DCMAKE_LIBRARY_PATH=/usr/local/cuda/lib64/stubs', '-DCMAKE_CXX_FLAGS="-Wl,--allow-shlib-undefined"']'
[0.450s] Level 5:colcon.colcon_core.verb:set package 'draco' build argument 'cmake_target' from command line to 'None'
[0.450s] Level 5:colcon.colcon_core.verb:set package 'draco' build argument 'cmake_target_skip_unavailable' from command line to 'False'
[0.450s] Level 5:colcon.colcon_core.verb:set package 'draco' build argument 'cmake_clean_cache' from command line to 'False'
[0.450s] Level 5:colcon.colcon_core.verb:set package 'draco' build argument 'cmake_clean_first' from command line to 'False'
[0.450s] Level 5:colcon.colcon_core.verb:set package 'draco' build argument 'cmake_force_configure' from command line to 'False'
[0.450s] Level 5:colcon.colcon_core.verb:set package 'draco' build argument 'ament_cmake_args' from command line to 'None'
[0.451s] Level 5:colcon.colcon_core.verb:set package 'draco' build argument 'catkin_cmake_args' from command line to 'None'
[0.451s] Level 5:colcon.colcon_core.verb:set package 'draco' build argument 'catkin_skip_building_tests' from command line to 'False'
[0.451s] DEBUG:colcon.colcon_core.verb:Building package 'draco' with the following arguments: {'ament_cmake_args': None, 'build_base': '/root/home/point_cloud_transport_ws/build/draco', 'catkin_cmake_args': None, 'catkin_skip_building_tests': False, 'cmake_args': ['-DCMAKE_BUILD_TYPE=Release', '-DCMAKE_LIBRARY_PATH=/usr/local/cuda/lib64/stubs', '-DCMAKE_CXX_FLAGS="-Wl,--allow-shlib-undefined"'], 'cmake_clean_cache': False, 'cmake_clean_first': False, 'cmake_force_configure': False, 'cmake_target': None, 'cmake_target_skip_unavailable': False, 'install_base': '/root/home/point_cloud_transport_ws/install/draco', 'merge_install': False, 'path': '/root/home/point_cloud_transport_ws/src/draco', 'symlink_install': True, 'test_result_base': None}
[0.451s] Level 5:colcon.colcon_core.verb:set package 'point_cloud_transport' build argument 'cmake_args' from command line to '['-DCMAKE_BUILD_TYPE=Release', '-DCMAKE_LIBRARY_PATH=/usr/local/cuda/lib64/stubs', '-DCMAKE_CXX_FLAGS="-Wl,--allow-shlib-undefined"']'
[0.451s] Level 5:colcon.colcon_core.verb:set package 'point_cloud_transport' build argument 'cmake_target' from command line to 'None'
[0.451s] Level 5:colcon.colcon_core.verb:set package 'point_cloud_transport' build argument 'cmake_target_skip_unavailable' from command line to 'False'
[0.451s] Level 5:colcon.colcon_core.verb:set package 'point_cloud_transport' build argument 'cmake_clean_cache' from command line to 'False'
[0.451s] Level 5:colcon.colcon_core.verb:set package 'point_cloud_transport' build argument 'cmake_clean_first' from command line to 'False'
[0.451s] Level 5:colcon.colcon_core.verb:set package 'point_cloud_transport' build argument 'cmake_force_configure' from command line to 'False'
[0.451s] Level 5:colcon.colcon_core.verb:set package 'point_cloud_transport' build argument 'ament_cmake_args' from command line to 'None'
[0.451s] Level 5:colcon.colcon_core.verb:set package 'point_cloud_transport' build argument 'catkin_cmake_args' from command line to 'None'
[0.451s] Level 5:colcon.colcon_core.verb:set package 'point_cloud_transport' build argument 'catkin_skip_building_tests' from command line to 'False'
[0.451s] DEBUG:colcon.colcon_core.verb:Building package 'point_cloud_transport' with the following arguments: {'ament_cmake_args': None, 'build_base': '/root/home/point_cloud_transport_ws/build/point_cloud_transport', 'catkin_cmake_args': None, 'catkin_skip_building_tests': False, 'cmake_args': ['-DCMAKE_BUILD_TYPE=Release', '-DCMAKE_LIBRARY_PATH=/usr/local/cuda/lib64/stubs', '-DCMAKE_CXX_FLAGS="-Wl,--allow-shlib-undefined"'], 'cmake_clean_cache': False, 'cmake_clean_first': False, 'cmake_force_configure': False, 'cmake_target': None, 'cmake_target_skip_unavailable': False, 'install_base': '/root/home/point_cloud_transport_ws/install/point_cloud_transport', 'merge_install': False, 'path': '/root/home/point_cloud_transport_ws/src/point_cloud_transport', 'symlink_install': True, 'test_result_base': None}
[0.452s] Level 5:colcon.colcon_core.verb:set package 'draco_point_cloud_transport' build argument 'cmake_args' from command line to '['-DCMAKE_BUILD_TYPE=Release', '-DCMAKE_LIBRARY_PATH=/usr/local/cuda/lib64/stubs', '-DCMAKE_CXX_FLAGS="-Wl,--allow-shlib-undefined"']'
[0.452s] Level 5:colcon.colcon_core.verb:set package 'draco_point_cloud_transport' build argument 'cmake_target' from command line to 'None'
[0.452s] Level 5:colcon.colcon_core.verb:set package 'draco_point_cloud_transport' build argument 'cmake_target_skip_unavailable' from command line to 'False'
[0.452s] Level 5:colcon.colcon_core.verb:set package 'draco_point_cloud_transport' build argument 'cmake_clean_cache' from command line to 'False'
[0.452s] Level 5:colcon.colcon_core.verb:set package 'draco_point_cloud_transport' build argument 'cmake_clean_first' from command line to 'False'
[0.452s] Level 5:colcon.colcon_core.verb:set package 'draco_point_cloud_transport' build argument 'cmake_force_configure' from command line to 'False'
[0.452s] Level 5:colcon.colcon_core.verb:set package 'draco_point_cloud_transport' build argument 'ament_cmake_args' from command line to 'None'
[0.452s] Level 5:colcon.colcon_core.verb:set package 'draco_point_cloud_transport' build argument 'catkin_cmake_args' from command line to 'None'
[0.452s] Level 5:colcon.colcon_core.verb:set package 'draco_point_cloud_transport' build argument 'catkin_skip_building_tests' from command line to 'False'
[0.452s] DEBUG:colcon.colcon_core.verb:Building package 'draco_point_cloud_transport' with the following arguments: {'ament_cmake_args': None, 'build_base': '/root/home/point_cloud_transport_ws/build/draco_point_cloud_transport', 'catkin_cmake_args': None, 'catkin_skip_building_tests': False, 'cmake_args': ['-DCMAKE_BUILD_TYPE=Release', '-DCMAKE_LIBRARY_PATH=/usr/local/cuda/lib64/stubs', '-DCMAKE_CXX_FLAGS="-Wl,--allow-shlib-undefined"'], 'cmake_clean_cache': False, 'cmake_clean_first': False, 'cmake_force_configure': False, 'cmake_target': None, 'cmake_target_skip_unavailable': False, 'install_base': '/root/home/point_cloud_transport_ws/install/draco_point_cloud_transport', 'merge_install': False, 'path': '/root/home/point_cloud_transport_ws/src/draco_point_cloud_transport', 'symlink_install': True, 'test_result_base': None}
[0.453s] Level 5:colcon.colcon_core.verb:set package 'point_cloud_transport_plugins' build argument 'cmake_args' from command line to '['-DCMAKE_BUILD_TYPE=Release', '-DCMAKE_LIBRARY_PATH=/usr/local/cuda/lib64/stubs', '-DCMAKE_CXX_FLAGS="-Wl,--allow-shlib-undefined"']'
[0.453s] Level 5:colcon.colcon_core.verb:set package 'point_cloud_transport_plugins' build argument 'cmake_target' from command line to 'None'
[0.453s] Level 5:colcon.colcon_core.verb:set package 'point_cloud_transport_plugins' build argument 'cmake_target_skip_unavailable' from command line to 'False'
[0.453s] Level 5:colcon.colcon_core.verb:set package 'point_cloud_transport_plugins' build argument 'cmake_clean_cache' from command line to 'False'
[0.453s] Level 5:colcon.colcon_core.verb:set package 'point_cloud_transport_plugins' build argument 'cmake_clean_first' from command line to 'False'
[0.453s] Level 5:colcon.colcon_core.verb:set package 'point_cloud_transport_plugins' build argument 'cmake_force_configure' from command line to 'False'
[0.453s] Level 5:colcon.colcon_core.verb:set package 'point_cloud_transport_plugins' build argument 'ament_cmake_args' from command line to 'None'
[0.453s] Level 5:colcon.colcon_core.verb:set package 'point_cloud_transport_plugins' build argument 'catkin_cmake_args' from command line to 'None'
[0.453s] Level 5:colcon.colcon_core.verb:set package 'point_cloud_transport_plugins' build argument 'catkin_skip_building_tests' from command line to 'False'
[0.453s] DEBUG:colcon.colcon_core.verb:Building package 'point_cloud_transport_plugins' with the following arguments: {'ament_cmake_args': None, 'build_base': '/root/home/point_cloud_transport_ws/build/point_cloud_transport_plugins', 'catkin_cmake_args': None, 'catkin_skip_building_tests': False, 'cmake_args': ['-DCMAKE_BUILD_TYPE=Release', '-DCMAKE_LIBRARY_PATH=/usr/local/cuda/lib64/stubs', '-DCMAKE_CXX_FLAGS="-Wl,--allow-shlib-undefined"'], 'cmake_clean_cache': False, 'cmake_clean_first': False, 'cmake_force_configure': False, 'cmake_target': None, 'cmake_target_skip_unavailable': False, 'install_base': '/root/home/point_cloud_transport_ws/install/point_cloud_transport_plugins', 'merge_install': False, 'path': '/root/home/point_cloud_transport_ws/src/point_cloud_transport_plugins', 'symlink_install': True, 'test_result_base': None}
[0.453s] INFO:colcon.colcon_core.executor:Executing jobs using 'parallel' executor
[0.455s] DEBUG:colcon.colcon_parallel_executor.executor.parallel:run_until_complete
[0.455s] INFO:colcon.colcon_ros.task.cmake.build:Building ROS package in '/root/home/point_cloud_transport_ws/src/draco' with build type 'cmake'
[0.456s] INFO:colcon.colcon_cmake.task.cmake.build:Building CMake package in '/root/home/point_cloud_transport_ws/src/draco'
[0.461s] INFO:colcon.colcon_core.plugin_system:Skipping extension 'colcon_core.shell.bat': Not used on non-Windows systems
[0.461s] INFO:colcon.colcon_core.shell:Skip shell extension 'powershell' for command environment: Not usable outside of PowerShell
[0.462s] DEBUG:colcon.colcon_core.shell:Skip shell extension 'dsv' for command environment
[0.481s] DEBUG:colcon.colcon_core.event_handler.log_command:Invoking command in '/root/home/point_cloud_transport_ws/build/draco': CMAKE_PREFIX_PATH=/opt/ros/humble:${CMAKE_PREFIX_PATH} /usr/bin/cmake /root/home/point_cloud_transport_ws/src/draco -DCMAKE_BUILD_TYPE=Release -DCMAKE_LIBRARY_PATH=/usr/local/cuda/lib64/stubs -DCMAKE_CXX_FLAGS="-Wl,--allow-shlib-undefined" -DCMAKE_INSTALL_PREFIX=/root/home/point_cloud_transport_ws/install/draco
[0.756s] DEBUG:colcon.colcon_core.event_handler.log_command:Invoked command in '/root/home/point_cloud_transport_ws/build/draco' returned '0': CMAKE_PREFIX_PATH=/opt/ros/humble:${CMAKE_PREFIX_PATH} /usr/bin/cmake /root/home/point_cloud_transport_ws/src/draco -DCMAKE_BUILD_TYPE=Release -DCMAKE_LIBRARY_PATH=/usr/local/cuda/lib64/stubs -DCMAKE_CXX_FLAGS="-Wl,--allow-shlib-undefined" -DCMAKE_INSTALL_PREFIX=/root/home/point_cloud_transport_ws/install/draco
[0.760s] DEBUG:colcon.colcon_core.event_handler.log_command:Invoking command in '/root/home/point_cloud_transport_ws/build/draco': CMAKE_PREFIX_PATH=/opt/ros/humble:${CMAKE_PREFIX_PATH} /usr/bin/cmake --build /root/home/point_cloud_transport_ws/build/draco -- -j8 -l8
[23.946s] DEBUG:colcon.colcon_core.event_handler.log_command:Invoked command in '/root/home/point_cloud_transport_ws/build/draco' returned '2': CMAKE_PREFIX_PATH=/opt/ros/humble:${CMAKE_PREFIX_PATH} /usr/bin/cmake --build /root/home/point_cloud_transport_ws/build/draco -- -j8 -l8
[24.384s] Level 1:colcon.colcon_core.shell:create_environment_hook('draco', 'pkg_config_path')
[24.384s] INFO:colcon.colcon_core.shell:Creating environment hook '/root/home/point_cloud_transport_ws/install/draco/share/draco/hook/pkg_config_path.ps1'
[24.385s] INFO:colcon.colcon_core.shell:Creating environment descriptor '/root/home/point_cloud_transport_ws/install/draco/share/draco/hook/pkg_config_path.dsv'
[24.386s] INFO:colcon.colcon_core.shell:Creating environment hook '/root/home/point_cloud_transport_ws/install/draco/share/draco/hook/pkg_config_path.sh'
[24.389s] Level 1:colcon.colcon_core.shell:create_environment_hook('draco', 'pkg_config_path_multiarch')
[24.389s] INFO:colcon.colcon_core.shell:Creating environment hook '/root/home/point_cloud_transport_ws/install/draco/share/draco/hook/pkg_config_path_multiarch.ps1'
[24.391s] INFO:colcon.colcon_core.shell:Creating environment descriptor '/root/home/point_cloud_transport_ws/install/draco/share/draco/hook/pkg_config_path_multiarch.dsv'
[24.391s] INFO:colcon.colcon_core.shell:Creating environment hook '/root/home/point_cloud_transport_ws/install/draco/share/draco/hook/pkg_config_path_multiarch.sh'
[24.392s] Level 1:colcon.colcon_core.environment:create_environment_scripts_only(draco)
[24.395s] Level 1:colcon.colcon_core.environment:checking '/root/home/point_cloud_transport_ws/install/draco' for CMake module files
[24.396s] Level 1:colcon.colcon_core.environment:checking '/root/home/point_cloud_transport_ws/install/draco' for CMake config files
[24.397s] Level 1:colcon.colcon_core.environment:checking '/root/home/point_cloud_transport_ws/install/draco/bin'
[24.397s] Level 1:colcon.colcon_core.environment:checking '/root/home/point_cloud_transport_ws/install/draco/lib/pkgconfig/draco.pc'
[24.399s] Level 1:colcon.colcon_core.environment:checking '/root/home/point_cloud_transport_ws/install/draco/lib/python3.10/site-packages'
[24.400s] Level 1:colcon.colcon_core.environment:checking '/root/home/point_cloud_transport_ws/install/draco/bin'
[24.400s] INFO:colcon.colcon_core.shell:Creating package script '/root/home/point_cloud_transport_ws/install/draco/share/draco/package.ps1'
[24.401s] INFO:colcon.colcon_core.shell:Creating package descriptor '/root/home/point_cloud_transport_ws/install/draco/share/draco/package.dsv'
[24.402s] INFO:colcon.colcon_core.shell:Creating package script '/root/home/point_cloud_transport_ws/install/draco/share/draco/package.sh'
[24.403s] INFO:colcon.colcon_core.shell:Creating package script '/root/home/point_cloud_transport_ws/install/draco/share/draco/package.bash'
[24.405s] INFO:colcon.colcon_core.shell:Creating package script '/root/home/point_cloud_transport_ws/install/draco/share/draco/package.zsh'
[24.406s] Level 1:colcon.colcon_core.environment:create_file_with_runtime_dependencies(/root/home/point_cloud_transport_ws/install/draco/share/colcon-core/packages/draco)
[24.417s] DEBUG:colcon.colcon_parallel_executor.executor.parallel:closing loop
[24.417s] DEBUG:colcon.colcon_parallel_executor.executor.parallel:loop closed
[24.417s] DEBUG:colcon.colcon_parallel_executor.executor.parallel:run_until_complete finished with '2'
[24.418s] DEBUG:colcon.colcon_core.event_reactor:joining thread
[24.426s] INFO:colcon.colcon_core.plugin_system:Skipping extension 'colcon_notification.desktop_notification.notify_send': Could not find 'notify-send'
[24.428s] INFO:colcon.colcon_core.plugin_system:Skipping extension 'colcon_notification.desktop_notification.terminal_notifier': Not used on non-Darwin systems
[24.429s] INFO:colcon.colcon_core.plugin_system:Skipping extension 'colcon_notification.desktop_notification.win32': Not used on non-Windows systems
[24.429s] INFO:colcon.colcon_notification.desktop_notification:Sending desktop notification using 'notify2'
[24.432s] DEBUG:colcon.colcon_notification.desktop_notification.notify2:Failed to initialize notify2: org.freedesktop.DBus.Error.Spawn.ExecFailed: /usr/bin/dbus-launch terminated abnormally without any error message
[24.432s] DEBUG:colcon.colcon_core.event_reactor:joined thread
[24.433s] INFO:colcon.colcon_core.shell:Creating prefix script '/root/home/point_cloud_transport_ws/install/local_setup.ps1'
[24.435s] INFO:colcon.colcon_core.shell:Creating prefix util module '/root/home/point_cloud_transport_ws/install/_local_setup_util_ps1.py'
[24.437s] INFO:colcon.colcon_core.shell:Creating prefix chain script '/root/home/point_cloud_transport_ws/install/setup.ps1'
[24.439s] INFO:colcon.colcon_core.shell:Creating prefix script '/root/home/point_cloud_transport_ws/install/local_setup.sh'
[24.440s] INFO:colcon.colcon_core.shell:Creating prefix util module '/root/home/point_cloud_transport_ws/install/_local_setup_util_sh.py'
[24.441s] INFO:colcon.colcon_core.shell:Creating prefix chain script '/root/home/point_cloud_transport_ws/install/setup.sh'
[24.443s] INFO:colcon.colcon_core.shell:Creating prefix script '/root/home/point_cloud_transport_ws/install/local_setup.bash'
[24.444s] INFO:colcon.colcon_core.shell:Creating prefix chain script '/root/home/point_cloud_transport_ws/install/setup.bash'
[24.446s] INFO:colcon.colcon_core.shell:Creating prefix script '/root/home/point_cloud_transport_ws/install/local_setup.zsh'
[24.446s] INFO:colcon.colcon_core.shell:Creating prefix chain script '/root/home/point_cloud_transport_ws/install/setup.zsh'
